[2018-03-29 10:03:58] request message:
array (
  'service' => 'gbp_treaty_collect_apply',
  'reqNo' => 'KFT0987654321',
  'version' => '1.0.0-IEST',
  'charset' => 'utf-8',
  'language' => 'zh_CN',
  'callerIp' => '127.0.0.1',
  'merchantId' => '2018032100095306',
  'productNo' => 'GBPTM004',
  'orderNo' => 1522292398,
  'treatyType' => '12',
  'startDate' => '20180329',
  'endDate' => '20180329',
  'holderName' => '樊鑫',
  'bankType' => '3085840',
  'bankCardType' => '2',
  'bankCardNo' => '7227003641630247724',
  'mobileNo' => '18754544516',
  'certificateType' => '0',
  'certificateNo' => '51390219960714105X',
  'custCardValidDate' => '0323',
  'custCardCvv2' => '251',
)

[2018-03-29 10:03:59] response message:
'{"reqNo":"KFT0987654321","orderNo":"1522292398","smsSeq":"2018032900159201","status":1}'

<------------------------------------------------------------------------------------------------------------->
[2018-03-29 11:03:58] request message:
array (
  'service' => 'gbp_treaty_collect_apply',
  'reqNo' => 'KFT0987654321',
  'version' => '1.0.0-IEST',
  'charset' => 'utf-8',
  'language' => 'zh_CN',
  'callerIp' => '127.0.0.1',
  'merchantId' => '2018032100095306',
  'productNo' => 'GBPTM004',
  'orderNo' => 1522292878,
  'treatyType' => '12',
  'startDate' => '20180329',
  'endDate' => '20180329',
  'holderName' => '樊鑫',
  'bankType' => '3085840',
  'bankCardType' => '2',
  'bankCardNo' => '7227003641630247724',
  'mobileNo' => '18754544516',
  'certificateType' => '0',
  'certificateNo' => '51390219960714105X',
  'custCardValidDate' => '0323',
  'custCardCvv2' => '251',
)

[2018-03-29 11:03:58] response message:
'{"reqNo":"KFT0987654321","orderNo":"1522292878","smsSeq":"2018032900159207","status":1}'

<------------------------------------------------------------------------------------------------------------->
[2018-03-29 11:03:01] request message:
array (
  'service' => 'gbp_treaty_collect_apply',
  'reqNo' => 'KFT0987654321',
  'version' => '1.0.0-IEST',
  'charset' => 'utf-8',
  'language' => 'zh_CN',
  'callerIp' => '127.0.0.1',
  'merchantId' => '2018032100095306',
  'productNo' => 'GBPTM004',
  'orderNo' => 1522293061,
  'treatyType' => '12',
  'startDate' => '20180329',
  'endDate' => '20180330',
  'holderName' => '樊鑫',
  'bankType' => '3085840',
  'bankCardType' => '2',
  'bankCardNo' => '7227003641630247724',
  'mobileNo' => '18754544516',
  'certificateType' => '0',
  'certificateNo' => '51390219960714105X',
  'custCardValidDate' => '0323',
  'custCardCvv2' => '251',
)

[2018-03-29 11:03:01] response message:
'{"reqNo":"KFT0987654321","orderNo":"1522293061","smsSeq":"2018032900159213","status":1}'

<------------------------------------------------------------------------------------------------------------->
[2018-03-29 11:03:43] request message:
array (
  'service' => 'gbp_treaty_collect_apply',
  'reqNo' => 'KFT0987654321',
  'version' => '1.0.0-IEST',
  'charset' => 'utf-8',
  'language' => 'zh_CN',
  'callerIp' => '127.0.0.1',
  'merchantId' => '2018032100095306',
  'productNo' => 'GBPTM004',
  'orderNo' => 1522293223,
  'treatyType' => '12',
  'startDate' => '20180329',
  'endDate' => '20180330',
  'holderName' => '樊鑫',
  'bankType' => '3085840',
  'bankCardType' => '2',
  'bankCardNo' => '7227003641630247724',
  'mobileNo' => '18754544516',
  'certificateType' => '0',
  'certificateNo' => '51390219960714105X',
  'custCardValidDate' => '0323',
  'custCardCvv2' => '251',
)

[2018-03-29 11:03:43] response message:
'{"reqNo":"KFT0987654321","errorCode":"20103","failureDetails":"已经存在有效的代扣协议:21000000196856","orderNo":"1522293223","status":2}'

<------------------------------------------------------------------------------------------------------------->
[2018-03-29 11:03:04] request message:
array (
  'service' => 'gbp_treaty_collect_apply',
  'reqNo' => 'KFT0987654321',
  'version' => '1.0.0-IEST',
  'charset' => 'utf-8',
  'language' => 'zh_CN',
  'callerIp' => '127.0.0.1',
  'merchantId' => '2018032100095306',
  'productNo' => 'GBPTM004',
  'orderNo' => 1522293664,
  'treatyType' => '12',
  'startDate' => '20180329',
  'endDate' => '20180330',
  'holderName' => '樊鑫',
  'bankType' => '3085840',
  'bankCardType' => '2',
  'bankCardNo' => '7227003641630247724',
  'mobileNo' => '18754544516',
  'certificateType' => '0',
  'certificateNo' => '51390219960714105X',
  'custCardValidDate' => '0323',
  'custCardCvv2' => '251',
)

[2018-03-29 11:03:05] response message:
'{"reqNo":"KFT0987654321","errorCode":"20103","failureDetails":"已经存在有效的代扣协议:21000000196856","orderNo":"1522293664","status":2}'

<------------------------------------------------------------------------------------------------------------->
[2018-03-29 11:03:16] request message:
array (
  'service' => 'gbp_treaty_collect_apply',
  'reqNo' => 'KFT0987654321',
  'version' => '1.0.0-IEST',
  'charset' => 'utf-8',
  'language' => 'zh_CN',
  'callerIp' => '127.0.0.1',
  'merchantId' => '2018032100095306',
  'productNo' => 'GBPTM004',
  'orderNo' => 1522293736,
  'treatyType' => '12',
  'startDate' => '20180329',
  'endDate' => '20180407',
  'holderName' => '樊鑫',
  'bankType' => '3085840',
  'bankCardType' => '2',
  'bankCardNo' => '7227003641630247724',
  'mobileNo' => '18754544516',
  'certificateType' => '0',
  'certificateNo' => '51390219960714105X',
  'custCardValidDate' => '0323',
  'custCardCvv2' => '251',
)

[2018-03-29 11:03:17] response message:
'{"reqNo":"KFT0987654321","errorCode":"20103","failureDetails":"已经存在有效的代扣协议:21000000196856","orderNo":"1522293736","status":2}'

<------------------------------------------------------------------------------------------------------------->
[2018-03-29 11:03:27] request message:
array (
  'service' => 'gbp_treaty_collect_apply',
  'reqNo' => 'KFT0987654321',
  'version' => '1.0.0-IEST',
  'charset' => 'utf-8',
  'language' => 'zh_CN',
  'callerIp' => '127.0.0.1',
  'merchantId' => '2018032100095306',
  'productNo' => 'GBPTM004',
  'orderNo' => 1522293927,
  'treatyType' => '12',
  'startDate' => '20180329',
  'endDate' => '20180407',
  'holderName' => '樊鑫',
  'bankType' => '3085840',
  'bankCardType' => '2',
  'bankCardNo' => '7227003641630247724',
  'mobileNo' => '18754544516',
  'certificateType' => '0',
  'certificateNo' => '51390219960714105X',
  'custCardValidDate' => '0323',
  'custCardCvv2' => '251',
)

[2018-03-29 11:03:27] response message:
'{"reqNo":"KFT0987654321","errorCode":"20103","failureDetails":"已经存在有效的代扣协议:21000000196856","orderNo":"1522293927","status":2}'

<------------------------------------------------------------------------------------------------------------->
[2018-03-29 11:03:13] request message:
array (
  'service' => 'gbp_treaty_collect_apply',
  'reqNo' => 'KFT0987654321',
  'version' => '1.0.0-IEST',
  'charset' => 'utf-8',
  'language' => 'zh_CN',
  'callerIp' => '127.0.0.1',
  'merchantId' => '2018032100095306',
  'productNo' => 'GBPTM004',
  'orderNo' => 1522294033,
  'treatyType' => '12',
  'startDate' => '20180329',
  'endDate' => '20180407',
  'holderName' => '樊鑫',
  'bankType' => '3085840',
  'bankCardType' => '2',
  'bankCardNo' => '7227003641630247724',
  'mobileNo' => '18754544516',
  'certificateType' => '0',
  'certificateNo' => '51390219960714105X',
  'custCardValidDate' => '0323',
  'custCardCvv2' => '251',
)

[2018-03-29 11:03:13] response message:
'{"reqNo":"KFT0987654321","errorCode":"20103","failureDetails":"已经存在有效的代扣协议:21000000196856","orderNo":"1522294033","status":2}'

<------------------------------------------------------------------------------------------------------------->
[2018-03-29 11:03:48] request message:
array (
  'service' => 'gbp_treaty_collect_apply',
  'reqNo' => 'KFT0987654321',
  'version' => '1.0.0-IEST',
  'charset' => 'utf-8',
  'language' => 'zh_CN',
  'callerIp' => '127.0.0.1',
  'merchantId' => '2018032100095306',
  'productNo' => 'GBPTM004',
  'orderNo' => 1522294488,
  'treatyType' => '12',
  'startDate' => '20180329',
  'endDate' => '20180330',
  'holderName' => '樊鑫',
  'bankType' => '3085840',
  'bankCardType' => '2',
  'bankCardNo' => '7227003641630247724',
  'mobileNo' => '18754544516',
  'certificateType' => '0',
  'certificateNo' => '51390219960714105X',
  'custCardValidDate' => '0323',
  'custCardCvv2' => '251',
)

[2018-03-29 11:03:48] response message:
'{"reqNo":"KFT0987654321","errorCode":"20103","failureDetails":"已经存在有效的代扣协议:21000000196856","orderNo":"1522294488","status":2}'

<------------------------------------------------------------------------------------------------------------->
[2018-03-29 11:03:31] request message:
array (
  'service' => 'gbp_treaty_collect_apply',
  'reqNo' => 'KFT0987654321',
  'version' => '1.0.0-IEST',
  'charset' => 'utf-8',
  'language' => 'zh_CN',
  'callerIp' => '127.0.0.1',
  'merchantId' => '2018032100095306',
  'productNo' => 'GBPTM004',
  'orderNo' => 1522294531,
  'treatyType' => '12',
  'startDate' => '20180329',
  'endDate' => '20180407',
  'holderName' => '樊鑫',
  'bankType' => '3085840',
  'bankCardType' => '2',
  'bankCardNo' => '7227003641630247724',
  'mobileNo' => '18754544516',
  'certificateType' => '0',
  'certificateNo' => '51390219960714105X',
  'custCardValidDate' => '0323',
  'custCardCvv2' => '251',
)

[2018-03-29 11:03:31] response message:
'{"reqNo":"KFT0987654321","errorCode":"20103","failureDetails":"已经存在有效的代扣协议:21000000196856","orderNo":"1522294531","status":2}'

<------------------------------------------------------------------------------------------------------------->
[2018-03-29 11:03:06] request message:
array (
  'service' => 'gbp_treaty_collect_apply',
  'reqNo' => 'KFT0987654321',
  'version' => '1.0.0-IEST',
  'charset' => 'utf-8',
  'language' => 'zh_CN',
  'callerIp' => '127.0.0.1',
  'merchantId' => '2018032100095306',
  'productNo' => 'GBPTM004',
  'orderNo' => 1522294626,
  'treatyType' => '12',
  'startDate' => '20180329',
  'endDate' => '20180330',
  'holderName' => '樊鑫',
  'bankType' => '3085840',
  'bankCardType' => '2',
  'bankCardNo' => '6227003641630144',
  'mobileNo' => '18754544516',
  'certificateType' => '0',
  'certificateNo' => '51390219960714105X',
  'custCardValidDate' => '0323',
  'custCardCvv2' => '251',
)

[2018-03-29 11:03:06] response message:
'{"reqNo":"KFT0987654321","orderNo":"1522294626","smsSeq":"2018032900159219","status":1}'

<------------------------------------------------------------------------------------------------------------->
[2018-03-29 11:03:43] request message:
array (
  'service' => 'gbp_treaty_collect_apply',
  'reqNo' => 'KFT0987654321',
  'version' => '1.0.0-IEST',
  'charset' => 'utf-8',
  'language' => 'zh_CN',
  'callerIp' => '127.0.0.1',
  'merchantId' => '2018032100095306',
  'productNo' => 'GBPTM004',
  'orderNo' => 1522294843,
  'treatyType' => '12',
  'startDate' => '20180329',
  'endDate' => '20180330',
  'holderName' => '樊鑫',
  'bankType' => '3085840',
  'bankCardType' => '2',
  'bankCardNo' => '6227003641630144',
  'mobileNo' => '18754544516',
  'certificateType' => '0',
  'certificateNo' => '51390219960714105X',
  'custCardValidDate' => '0323',
  'custCardCvv2' => '251',
)

[2018-03-29 11:03:44] response message:
'{"reqNo":"KFT0987654321","errorCode":"20103","failureDetails":"已经存在有效的代扣协议:21000000196858","orderNo":"1522294843","status":2}'

<------------------------------------------------------------------------------------------------------------->
[2018-03-29 11:03:14] request message:
array (
  'service' => 'gbp_treaty_collect_apply',
  'reqNo' => 'KFT0987654321',
  'version' => '1.0.0-IEST',
  'charset' => 'utf-8',
  'language' => 'zh_CN',
  'callerIp' => '127.0.0.1',
  'merchantId' => '2018032100095306',
  'productNo' => 'GBPTM004',
  'orderNo' => 1522295114,
  'treatyType' => '12',
  'startDate' => '20180329',
  'endDate' => '20180330',
  'holderName' => '樊鑫',
  'bankType' => '3085840',
  'bankCardType' => '2',
  'bankCardNo' => '6225003601472333',
  'mobileNo' => '18754544516',
  'certificateType' => '0',
  'certificateNo' => '51390219960714105X',
  'custCardValidDate' => '0323',
  'custCardCvv2' => '251',
)

[2018-03-29 11:03:14] response message:
'{"reqNo":"KFT0987654321","orderNo":"1522295114","smsSeq":"2018032900159221","status":1}'

<------------------------------------------------------------------------------------------------------------->
[2018-03-29 11:03:48] request message:
array (
  'service' => 'gbp_treaty_collect_apply',
  'reqNo' => 'KFT0987654321',
  'version' => '1.0.0-IEST',
  'charset' => 'utf-8',
  'language' => 'zh_CN',
  'callerIp' => '127.0.0.1',
  'merchantId' => '2018032100095306',
  'productNo' => 'GBPTM004',
  'orderNo' => 1522295628,
  'treatyType' => '12',
  'startDate' => '20180329',
  'endDate' => '20180330',
  'holderName' => '樊鑫',
  'bankType' => '3085840',
  'bankCardType' => '2',
  'bankCardNo' => '6227003612345644',
  'mobileNo' => '18754544516',
  'certificateType' => '0',
  'certificateNo' => '51390219960714105X',
  'custCardValidDate' => '0323',
  'custCardCvv2' => '251',
)

[2018-03-29 11:03:48] response message:
'{"reqNo":"KFT0987654321","orderNo":"1522295628","smsSeq":"2018032900159223","status":1}'

<------------------------------------------------------------------------------------------------------------->
[2018-03-29 13:03:20] request message:
array (
  'service' => 'gbp_treaty_collect_apply',
  'reqNo' => 'KFT0987654321',
  'version' => '1.0.0-IEST',
  'charset' => 'utf-8',
  'language' => 'zh_CN',
  'callerIp' => '127.0.0.1',
  'merchantId' => '2018032100095306',
  'productNo' => 'GBPTM004',
  'orderNo' => 1522300520,
  'treatyType' => '12',
  'startDate' => '20180329',
  'endDate' => '20180330',
  'holderName' => '樊鑫',
  'bankType' => '3085840',
  'bankCardType' => '2',
  'bankCardNo' => '6227003612482644',
  'mobileNo' => '18754544516',
  'certificateType' => '0',
  'certificateNo' => '51390219960714105X',
  'custCardValidDate' => '0323',
  'custCardCvv2' => '251',
)

[2018-03-29 13:03:21] response message:
'{"reqNo":"KFT0987654321","orderNo":"1522300520","smsSeq":"2018032900159225","status":1}'

<------------------------------------------------------------------------------------------------------------->
[2018-03-29 13:03:22] request message:
array (
  'service' => 'gbp_treaty_collect_apply',
  'reqNo' => 'KFT0987654321',
  'version' => '1.0.0-IEST',
  'charset' => 'utf-8',
  'language' => 'zh_CN',
  'callerIp' => '127.0.0.1',
  'merchantId' => '2018032100095306',
  'productNo' => 'GBPTM004',
  'orderNo' => 1522300702,
  'treatyType' => '12',
  'startDate' => '20180329',
  'endDate' => '20180330',
  'holderName' => '樊鑫',
  'bankType' => '3085840',
  'bankCardType' => '2',
  'bankCardNo' => '622700360147719',
  'mobileNo' => '18754544516',
  'certificateType' => '0',
  'certificateNo' => '51390219960714105X',
  'custCardValidDate' => '2323',
  'custCardCvv2' => '521',
)

[2018-03-29 13:03:23] response message:
'{"reqNo":"KFT0987654321","errorCode":"10100","failureDetails":"无效的入参，错误如下:【creditCardEndDate:信用卡截止日期须为年年月月格式如：13年5月份(1305)！】","orderNo":"1522300702","status":2}'

<------------------------------------------------------------------------------------------------------------->
[2018-03-29 13:03:40] request message:
array (
  'service' => 'gbp_treaty_collect_apply',
  'reqNo' => 'KFT0987654321',
  'version' => '1.0.0-IEST',
  'charset' => 'utf-8',
  'language' => 'zh_CN',
  'callerIp' => '127.0.0.1',
  'merchantId' => '2018032100095306',
  'productNo' => 'GBPTM004',
  'orderNo' => 1522300780,
  'treatyType' => '12',
  'startDate' => '20180329',
  'endDate' => '20180330',
  'holderName' => '樊鑫',
  'bankType' => '3085840',
  'bankCardType' => '2',
  'bankCardNo' => '6227003601472644',
  'mobileNo' => '18754544516',
  'certificateType' => '0',
  'certificateNo' => '51390219960714105X',
  'custCardValidDate' => '0323',
  'custCardCvv2' => '251',
)

[2018-03-29 13:03:40] response message:
'{"reqNo":"KFT0987654321","orderNo":"1522300780","smsSeq":"2018032900159227","status":1}'

<------------------------------------------------------------------------------------------------------------->
[2018-03-29 13:03:48] request message:
array (
  'service' => 'gbp_treaty_collect_apply',
  'reqNo' => 'KFT0987654321',
  'version' => '1.0.0-IEST',
  'charset' => 'utf-8',
  'language' => 'zh_CN',
  'callerIp' => '127.0.0.1',
  'merchantId' => '2018032100095306',
  'productNo' => 'GBPTM004',
  'orderNo' => 1522300788,
  'treatyType' => '12',
  'startDate' => '20180329',
  'endDate' => '20180330',
  'holderName' => '樊鑫',
  'bankType' => '3085840',
  'bankCardType' => '2',
  'bankCardNo' => '6227003601472644',
  'mobileNo' => '18754544516',
  'certificateType' => '0',
  'certificateNo' => '51390219960714105X',
  'custCardValidDate' => '0323',
  'custCardCvv2' => '251',
)

[2018-03-29 13:03:49] response message:
'{"reqNo":"KFT0987654321","errorCode":"20103","failureDetails":"已经存在有效的代扣协议:21000000196869","orderNo":"1522300788","status":2}'

<------------------------------------------------------------------------------------------------------------->
[2018-03-29 13:03:57] request message:
array (
  'service' => 'gbp_treaty_collect_apply',
  'reqNo' => 'KFT0987654321',
  'version' => '1.0.0-IEST',
  'charset' => 'utf-8',
  'language' => 'zh_CN',
  'callerIp' => '127.0.0.1',
  'merchantId' => '2018032100095306',
  'productNo' => 'GBPTM004',
  'orderNo' => 1522302417,
  'treatyType' => '12',
  'startDate' => '20180329',
  'endDate' => '20180330',
  'holderName' => '樊鑫',
  'bankType' => '3085840',
  'bankCardType' => '2',
  'bankCardNo' => '6227003601472644',
  'mobileNo' => '18754544516',
  'certificateType' => '0',
  'certificateNo' => '51390219960714105X',
  'custCardValidDate' => '0323',
  'custCardCvv2' => '251',
)

[2018-03-29 13:03:57] response message:
'{"reqNo":"KFT0987654321","errorCode":"20103","failureDetails":"已经存在有效的代扣协议:21000000196869","orderNo":"1522302417","status":2}'

<------------------------------------------------------------------------------------------------------------->
[2018-03-29 13:03:13] request message:
array (
  'service' => 'gbp_treaty_collect_apply',
  'reqNo' => 'KFT0987654321',
  'version' => '1.0.0-IEST',
  'charset' => 'utf-8',
  'language' => 'zh_CN',
  'callerIp' => '127.0.0.1',
  'merchantId' => '2018032100095306',
  'productNo' => 'GBPTM004',
  'orderNo' => 1522302553,
  'treatyType' => '12',
  'startDate' => '20180329',
  'endDate' => '20180330',
  'holderName' => '樊鑫',
  'bankType' => '3085840',
  'bankCardType' => '2',
  'bankCardNo' => '6227003601472644',
  'mobileNo' => '18754544516',
  'certificateType' => '0',
  'certificateNo' => '51390219960714105X',
  'custCardValidDate' => '0323',
  'custCardCvv2' => '251',
)

[2018-03-29 13:03:13] response message:
'{"reqNo":"KFT0987654321","errorCode":"20103","failureDetails":"已经存在有效的代扣协议:21000000196869","orderNo":"1522302553","status":2}'

<------------------------------------------------------------------------------------------------------------->
[2018-03-29 14:03:40] request message:
array (
  'service' => 'gbp_treaty_collect_apply',
  'reqNo' => 'KFT0987654321',
  'version' => '1.0.0-IEST',
  'charset' => 'utf-8',
  'language' => 'zh_CN',
  'callerIp' => '127.0.0.1',
  'merchantId' => '2018032100095306',
  'productNo' => 'GBPTM004',
  'orderNo' => 1522304500,
  'treatyType' => '12',
  'startDate' => '20180329',
  'endDate' => '20180330',
  'holderName' => '樊鑫',
  'bankType' => '3085840',
  'bankCardType' => '2',
  'bankCardNo' => '6227003601472644',
  'mobileNo' => '18754544516',
  'certificateType' => '0',
  'certificateNo' => '51390219960714105X',
  'custCardValidDate' => '0323',
  'custCardCvv2' => '251',
)

[2018-03-29 14:03:40] response message:
'{"reqNo":"KFT0987654321","errorCode":"20103","failureDetails":"已经存在有效的代扣协议:21000000196869","orderNo":"1522304500","status":2}'

<------------------------------------------------------------------------------------------------------------->
[2018-03-29 14:03:31] request message:
array (
  'service' => 'gbp_treaty_collect_apply',
  'reqNo' => 'KFT0987654321',
  'version' => '1.0.0-IEST',
  'charset' => 'utf-8',
  'language' => 'zh_CN',
  'callerIp' => '127.0.0.1',
  'merchantId' => '2018032100095306',
  'productNo' => 'GBPTM004',
  'orderNo' => 1522304551,
  'treatyType' => '12',
  'startDate' => '20180329',
  'endDate' => '20180330',
  'holderName' => '樊鑫',
  'bankType' => '3085840',
  'bankCardType' => '2',
  'bankCardNo' => '6227003601472644',
  'mobileNo' => '18754544516',
  'certificateType' => '0',
  'certificateNo' => '51390219960714105X',
  'custCardValidDate' => '0323',
  'custCardCvv2' => '251',
)

[2018-03-29 14:03:31] response message:
'{"reqNo":"KFT0987654321","errorCode":"20103","failureDetails":"已经存在有效的代扣协议:21000000196869","orderNo":"1522304551","status":2}'

<------------------------------------------------------------------------------------------------------------->
[2018-03-29 14:03:49] request message:
array (
  'service' => 'gbp_treaty_collect_apply',
  'reqNo' => 'KFT0987654321',
  'version' => '1.0.0-IEST',
  'charset' => 'utf-8',
  'language' => 'zh_CN',
  'callerIp' => '127.0.0.1',
  'merchantId' => '2018032100095306',
  'productNo' => 'GBPTM004',
  'orderNo' => 1522305349,
  'treatyType' => '12',
  'startDate' => '20180329',
  'endDate' => '20180330',
  'holderName' => '樊鑫',
  'bankType' => '3085840',
  'bankCardType' => '2',
  'bankCardNo' => '6227003601472644',
  'mobileNo' => '18754544516',
  'certificateType' => '0',
  'certificateNo' => '51390219960714105X',
  'custCardValidDate' => '0323',
  'custCardCvv2' => '251',
)

[2018-03-29 14:03:49] response message:
'{"reqNo":"KFT0987654321","errorCode":"20103","failureDetails":"已经存在有效的代扣协议:21000000196869","orderNo":"1522305349","status":2}'

<------------------------------------------------------------------------------------------------------------->
[2018-03-29 16:03:58] request message:
array (
  'service' => 'gbp_treaty_collect_apply',
  'reqNo' => 'KFT0987654321',
  'version' => '1.0.0-IEST',
  'charset' => 'utf-8',
  'language' => 'zh_CN',
  'callerIp' => '127.0.0.1',
  'merchantId' => '2018032100095306',
  'productNo' => 'GBPTM004',
  'orderNo' => 1522312798,
  'treatyType' => '12',
  'startDate' => '20180329',
  'endDate' => '20180330',
  'holderName' => '樊鑫',
  'bankType' => '3085840',
  'bankCardType' => '2',
  'bankCardNo' => '6227003601472644',
  'mobileNo' => '18754544516',
  'certificateType' => '0',
  'certificateNo' => '51390219960714105X',
  'custCardValidDate' => '0323',
  'custCardCvv2' => '251',
)

[2018-03-29 16:03:59] response message:
'{"reqNo":"KFT0987654321","errorCode":"20103","failureDetails":"已经存在有效的代扣协议:21000000196869","orderNo":"1522312798","status":2}'

<------------------------------------------------------------------------------------------------------------->
[2018-03-29 16:03:37] request message:
array (
  'service' => 'gbp_treaty_collect_apply',
  'reqNo' => 'KFT0987654321',
  'version' => '1.0.0-IEST',
  'charset' => 'utf-8',
  'language' => 'zh_CN',
  'callerIp' => '127.0.0.1',
  'merchantId' => '2018032100095306',
  'productNo' => 'GBPTM004',
  'orderNo' => 1522312897,
  'treatyType' => '12',
  'startDate' => '20180329',
  'endDate' => '20180330',
  'holderName' => '樊鑫',
  'bankType' => '3085840',
  'bankCardType' => '2',
  'bankCardNo' => '7226365812456244',
  'mobileNo' => '18754544516',
  'certificateType' => '0',
  'certificateNo' => '51390219960714105X',
  'custCardValidDate' => '0323',
  'custCardCvv2' => '251',
)

[2018-03-29 16:03:38] response message:
'{"reqNo":"KFT0987654321","orderNo":"1522312897","smsSeq":"2018032900159323","status":1}'

<------------------------------------------------------------------------------------------------------------->
[2018-03-29 16:03:54] request message:
array (
  'service' => 'gbp_treaty_collect_apply',
  'reqNo' => 'KFT0987654321',
  'version' => '1.0.0-IEST',
  'charset' => 'utf-8',
  'language' => 'zh_CN',
  'callerIp' => '127.0.0.1',
  'merchantId' => '2018032100095306',
  'productNo' => 'GBPTM004',
  'orderNo' => 1522312914,
  'treatyType' => '12',
  'startDate' => '20180329',
  'endDate' => '20180330',
  'holderName' => '樊鑫',
  'bankType' => '3085840',
  'bankCardType' => '2',
  'bankCardNo' => '7226365812456244',
  'mobileNo' => '18754544516',
  'certificateType' => '0',
  'certificateNo' => '51390219960714105X',
  'custCardValidDate' => '0323',
  'custCardCvv2' => '251',
)

[2018-03-29 16:03:55] response message:
'{"reqNo":"KFT0987654321","errorCode":"20103","failureDetails":"已经存在有效的代扣协议:21000000196919","orderNo":"1522312914","status":2}'

<------------------------------------------------------------------------------------------------------------->
