[2018-03-30 08:03:56] request message:
array (
  'service' => 'gbp_treaty_collect_apply',
  'reqNo' => 'KFT0987654321',
  'version' => '1.0.0-IEST',
  'charset' => 'utf-8',
  'language' => 'zh_CN',
  'callerIp' => '127.0.0.1',
  'merchantId' => '2018032100095306',
  'productNo' => 'GBPTM004',
  'orderNo' => 1522371356,
  'treatyType' => '12',
  'startDate' => '20180330',
  'endDate' => '20180331',
  'holderName' => '樊鑫',
  'bankType' => '3085840',
  'bankCardType' => '2',
  'bankCardNo' => '7226365812456244',
  'mobileNo' => '18754544516',
  'certificateType' => '0',
  'certificateNo' => '51390219960714105X',
  'custCardValidDate' => '0323',
  'custCardCvv2' => '251',
)

[2018-03-30 08:03:57] response message:
'{"reqNo":"KFT0987654321","orderNo":"1522371356","smsSeq":"2018033000159588","status":1}'

<------------------------------------------------------------------------------------------------------------->
[2018-03-30 08:03:51] request message:
array (
  'service' => 'gbp_treaty_collect_apply',
  'reqNo' => 'KFT0987654321',
  'version' => '1.0.0-IEST',
  'charset' => 'utf-8',
  'language' => 'zh_CN',
  'callerIp' => '127.0.0.1',
  'merchantId' => '2018032100095306',
  'productNo' => 'GBPTM004',
  'orderNo' => 1522371411,
  'treatyType' => '12',
  'startDate' => '20180330',
  'endDate' => '20180331',
  'holderName' => '樊鑫',
  'bankType' => '3085840',
  'bankCardType' => '2',
  'bankCardNo' => '7226365812456244',
  'mobileNo' => '18754544516',
  'certificateType' => '0',
  'certificateNo' => '51390219960714105X',
  'custCardValidDate' => '0323',
  'custCardCvv2' => '251',
)

[2018-03-30 08:03:51] response message:
'{"reqNo":"KFT0987654321","errorCode":"20103","failureDetails":"已经存在有效的代扣协议:21000000196957","orderNo":"1522371411","status":2}'

<------------------------------------------------------------------------------------------------------------->
[2018-03-30 10:03:35] request message:
array (
  'service' => 'gbp_treaty_collect_apply',
  'reqNo' => 'KFT0987654321',
  'version' => '1.0.0-IEST',
  'charset' => 'utf-8',
  'language' => 'zh_CN',
  'callerIp' => '127.0.0.1',
  'merchantId' => '2018032100095306',
  'productNo' => 'GBPTM004',
  'orderNo' => 1522376795,
  'treatyType' => '12',
  'startDate' => '20180330',
  'endDate' => '20180331',
  'holderName' => '樊鑫',
  'bankType' => '3085840',
  'bankCardType' => '2',
  'bankCardNo' => '7226365812456244',
  'mobileNo' => '18754544516',
  'certificateType' => '0',
  'certificateNo' => '51390219960714105X',
  'custCardValidDate' => '0323',
  'custCardCvv2' => '251',
)

[2018-03-30 10:03:35] response message:
'{"reqNo":"KFT0987654321","orderNo":"1522376795","smsSeq":"2018033000159612","status":1}'

<------------------------------------------------------------------------------------------------------------->
[2018-03-30 10:03:47] request message:
array (
  'service' => 'gbp_treaty_collect_apply',
  'reqNo' => 'KFT0987654321',
  'version' => '1.0.0-IEST',
  'charset' => 'utf-8',
  'language' => 'zh_CN',
  'callerIp' => '127.0.0.1',
  'merchantId' => '2018032100095306',
  'productNo' => 'GBPTM004',
  'orderNo' => 1522376807,
  'treatyType' => '12',
  'startDate' => '20180330',
  'endDate' => '20180331',
  'holderName' => '樊鑫',
  'bankType' => '3085840',
  'bankCardType' => '2',
  'bankCardNo' => '7226365812456244',
  'mobileNo' => '18754544516',
  'certificateType' => '0',
  'certificateNo' => '51390219960714105X',
  'custCardValidDate' => '0323',
  'custCardCvv2' => '251',
)

[2018-03-30 10:03:47] response message:
'{"reqNo":"KFT0987654321","errorCode":"20103","failureDetails":"已经存在有效的代扣协议:21000000196958","orderNo":"1522376807","status":2}'

<------------------------------------------------------------------------------------------------------------->
[2018-03-30 13:03:06] request message:
array (
  'service' => 'gbp_treaty_collect_apply',
  'reqNo' => 'KFT0987654321',
  'version' => '1.0.0-IEST',
  'charset' => 'utf-8',
  'language' => 'zh_CN',
  'callerIp' => '127.0.0.1',
  'merchantId' => '2018032100095306',
  'productNo' => 'GBPTM004',
  'orderNo' => 1522388826,
  'treatyType' => '12',
  'startDate' => '20180330',
  'endDate' => '20180331',
  'holderName' => '樊鑫',
  'bankType' => '1051000',
  'bankCardType' => '2',
  'bankCardNo' => '7226365812456244',
  'mobileNo' => '18754544516',
  'certificateType' => '0',
  'certificateNo' => '51390219960714105X',
  'custCardValidDate' => '0323',
  'custCardCvv2' => '251',
)

[2018-03-30 13:03:06] response message:
'{"reqNo":"KFT0987654321","orderNo":"1522388826","smsSeq":"2018033000159676","status":1}'

<------------------------------------------------------------------------------------------------------------->
[2018-03-30 13:03:18] request message:
array (
  'service' => 'gbp_treaty_collect_apply',
  'reqNo' => 'KFT0987654321',
  'version' => '1.0.0-IEST',
  'charset' => 'utf-8',
  'language' => 'zh_CN',
  'callerIp' => '127.0.0.1',
  'merchantId' => '2018032100095306',
  'productNo' => 'GBPTM004',
  'orderNo' => 1522388838,
  'treatyType' => '12',
  'startDate' => '20180330',
  'endDate' => '20180331',
  'holderName' => '樊鑫',
  'bankType' => '1051000',
  'bankCardType' => '2',
  'bankCardNo' => '7226365812456244',
  'mobileNo' => '18754544516',
  'certificateType' => '0',
  'certificateNo' => '51390219960714105X',
  'custCardValidDate' => '0323',
  'custCardCvv2' => '251',
)

[2018-03-30 13:03:19] response message:
'{"reqNo":"KFT0987654321","errorCode":"20103","failureDetails":"已经存在有效的代扣协议:21000000196975","orderNo":"1522388838","status":2}'

<------------------------------------------------------------------------------------------------------------->
