[2018-03-30 10:03:00] request message:
array (
  'service' => 'gbp_cancel_treaty_info',
  'reqNo' => 'KFT0987654321',
  'version' => '1.0.0-IEST',
  'charset' => 'utf-8',
  'language' => 'zh_CN',
  'callerIp' => '127.0.0.1',
  'merchantId' => '2018032100095306',
  'orderNo' => '1522371356',
  'treatyNo' => '21000000196957',
)

[2018-03-30 10:03:23] request message:
array (
  'service' => 'gbp_cancel_treaty_info',
  'reqNo' => 'KFT0987654321',
  'version' => '1.0.0-IEST',
  'charset' => 'utf-8',
  'language' => 'zh_CN',
  'callerIp' => '127.0.0.1',
  'merchantId' => '2018032100095306',
  'orderNo' => '1522371356',
  'treatyNo' => '21000000196957',
)

[2018-03-30 10:03:04] request message:
array (
  'service' => 'gbp_cancel_treaty_info',
  'reqNo' => 'KFT0987654321',
  'version' => '1.0.0-IEST',
  'charset' => 'utf-8',
  'language' => 'zh_CN',
  'callerIp' => '127.0.0.1',
  'merchantId' => '2018032100095306',
  'orderNo' => '1522371356',
  'treatyNo' => '21000000196957',
)

[2018-03-30 10:03:21] request message:
array (
  'service' => 'gbp_cancel_treaty_info',
  'reqNo' => 'KFT0987654321',
  'version' => '1.0.0-IEST',
  'charset' => 'utf-8',
  'language' => 'zh_CN',
  'callerIp' => '127.0.0.1',
  'merchantId' => '2018032100095306',
  'orderNo' => '1522371356',
  'treatyNo' => '21000000196957',
)

[2018-03-30 10:03:21] response message:
'{"reqNo":"KFT0987654321","orderNo":"1522371356","status":1,"treatyNo":"21000000196957"}'

<------------------------------------------------------------------------------------------------------------->
[2018-03-30 10:03:32] request message:
array (
  'service' => 'gbp_cancel_treaty_info',
  'reqNo' => 'KFT0987654321',
  'version' => '1.0.0-IEST',
  'charset' => 'utf-8',
  'language' => 'zh_CN',
  'callerIp' => '127.0.0.1',
  'merchantId' => '2018032100095306',
  'orderNo' => '1522371356',
  'treatyNo' => '21000000196957',
)

[2018-03-30 10:03:33] response message:
'{"reqNo":"KFT0987654321","errorCode":"KFTPAS_3036","failureDetails":"协议已被解除，无需再解除","orderNo":"1522371356","status":2,"treatyNo":"21000000196957"}'

<------------------------------------------------------------------------------------------------------------->
[2018-03-30 10:03:45] request message:
array (
  'service' => 'gbp_cancel_treaty_info',
  'reqNo' => 'KFT0987654321',
  'version' => '1.0.0-IEST',
  'charset' => 'utf-8',
  'language' => 'zh_CN',
  'callerIp' => '127.0.0.1',
  'merchantId' => '2018032100095306',
  'orderNo' => '1522371356',
  'treatyNo' => '21000000196957',
)

[2018-03-30 10:03:45] response message:
'{"reqNo":"KFT0987654321","errorCode":"KFTPAS_3036","failureDetails":"协议已被解除，无需再解除","orderNo":"1522371356","status":2,"treatyNo":"21000000196957"}'

<------------------------------------------------------------------------------------------------------------->
[2018-03-30 10:03:44] request message:
array (
  'service' => 'gbp_cancel_treaty_info',
  'reqNo' => 'KFT0987654321',
  'version' => '1.0.0-IEST',
  'charset' => 'utf-8',
  'language' => 'zh_CN',
  'callerIp' => '127.0.0.1',
  'merchantId' => '2018032100095306',
  'orderNo' => '1522371356',
  'treatyNo' => '21000000196957',
)

[2018-03-30 10:03:44] response message:
'{"reqNo":"KFT0987654321","errorCode":"KFTPAS_3036","failureDetails":"协议已被解除，无需再解除","orderNo":"1522371356","status":2,"treatyNo":"21000000196957"}'

<------------------------------------------------------------------------------------------------------------->
[2018-03-30 10:03:28] request message:
array (
  'service' => 'gbp_cancel_treaty_info',
  'reqNo' => 'KFT0987654321',
  'version' => '1.0.0-IEST',
  'charset' => 'utf-8',
  'language' => 'zh_CN',
  'callerIp' => '127.0.0.1',
  'merchantId' => '2018032100095306',
  'orderNo' => '1522371356',
  'treatyNo' => '21000000196957',
)

[2018-03-30 10:03:28] response message:
'{"reqNo":"KFT0987654321","errorCode":"KFTPAS_3036","failureDetails":"协议已被解除，无需再解除","orderNo":"1522371356","status":2,"treatyNo":"21000000196957"}'

<------------------------------------------------------------------------------------------------------------->
[2018-03-30 10:03:52] request message:
array (
  'service' => 'gbp_cancel_treaty_info',
  'reqNo' => 'KFT0987654321',
  'version' => '1.0.0-IEST',
  'charset' => 'utf-8',
  'language' => 'zh_CN',
  'callerIp' => '127.0.0.1',
  'merchantId' => '2018032100095306',
  'orderNo' => '1522371356',
  'treatyNo' => '21000000196957',
)

[2018-03-30 10:03:52] response message:
'{"reqNo":"KFT0987654321","errorCode":"KFTPAS_3036","failureDetails":"协议已被解除，无需再解除","orderNo":"1522371356","status":2,"treatyNo":"21000000196957"}'

<------------------------------------------------------------------------------------------------------------->
[2018-03-30 13:03:18] request message:
array (
  'service' => 'gbp_cancel_treaty_info',
  'reqNo' => 'KFT0987654321',
  'version' => '1.0.0-IEST',
  'charset' => 'utf-8',
  'language' => 'zh_CN',
  'callerIp' => '127.0.0.1',
  'merchantId' => '2018032100095306',
  'orderNo' => '1522376795',
  'treatyNo' => '21000000196958',
)

[2018-03-30 13:03:18] response message:
'{"reqNo":"KFT0987654321","orderNo":"1522376795","status":1,"treatyNo":"21000000196958"}'

<------------------------------------------------------------------------------------------------------------->
