[2018-03-29 10:03:18] request message:
array (
  'service' => 'gbp_threeMessage_verification',
  'reqNo' => 'KFT0987654321',
  'version' => '1.0.0-IEST',
  'charset' => 'utf-8',
  'language' => 'zh_CN',
  'callerIp' => '127.0.0.1',
  'merchantId' => '2018032100095306',
  'productNo' => 'GBPTM001',
  'orderNo' => 'vrf1522292238',
  'custBankNo' => '3085840',
  'custName' => '樊鑫',
  'custBankAccountNo' => '6225768651696468',
  'custAccountCreditOrDebit' => '2',
  'custCertificationType' => '0',
  'custID' => '51390219960714105X',
)

[2018-03-29 10:03:20] response message:
'{"reqNo":"KFT0987654321","bankReturnTime":"","errorCode":"KFTSYS_CHANNEL_00009999","failureDetails":"无合适的路由处理当前交易","orderNo":"vrf1522292238","status":"5"}'

<------------------------------------------------------------------------------------------------------------->
[2018-03-29 10:03:36] request message:
array (
  'service' => 'gbp_threeMessage_verification',
  'reqNo' => 'KFT0987654321',
  'version' => '1.0.0-IEST',
  'charset' => 'utf-8',
  'language' => 'zh_CN',
  'callerIp' => '127.0.0.1',
  'merchantId' => '2018032100095306',
  'productNo' => 'GBPTM001',
  'orderNo' => 'vrf1522292256',
  'custBankNo' => '1051000',
  'custName' => '樊鑫',
  'custBankAccountNo' => '6225768651696468',
  'custAccountCreditOrDebit' => '2',
  'custCertificationType' => '0',
  'custID' => '51390219960714105X',
)

[2018-03-29 10:03:37] response message:
'{"reqNo":"KFT0987654321","bankReturnTime":"20180329105737","errorCode":"","failureDetails":"","orderNo":"vrf1522292256","status":"1"}'

<------------------------------------------------------------------------------------------------------------->
[2018-03-29 10:03:15] request message:
array (
  'service' => 'gbp_threeMessage_verification',
  'reqNo' => 'KFT0987654321',
  'version' => '1.0.0-IEST',
  'charset' => 'utf-8',
  'language' => 'zh_CN',
  'callerIp' => '127.0.0.1',
  'merchantId' => '2018032100095306',
  'productNo' => 'GBPTM001',
  'orderNo' => 'vrf1522292355',
  'custBankNo' => '1051000',
  'custName' => '樊鑫',
  'custBankAccountNo' => '6225768651696468',
  'custAccountCreditOrDebit' => '2',
  'custCertificationType' => '0',
  'custID' => '51390219960714105X',
)

[2018-03-29 10:03:16] response message:
'{"reqNo":"KFT0987654321","bankReturnTime":"","errorCode":"","failureDetails":"","orderNo":"vrf1522292355","status":"1"}'

<------------------------------------------------------------------------------------------------------------->
[2018-03-29 11:03:46] request message:
array (
  'service' => 'gbp_threeMessage_verification',
  'reqNo' => 'KFT0987654321',
  'version' => '1.0.0-IEST',
  'charset' => 'utf-8',
  'language' => 'zh_CN',
  'callerIp' => '127.0.0.1',
  'merchantId' => '2018032100095306',
  'productNo' => 'GBPTM001',
  'orderNo' => 'vrf1522293646',
  'custBankNo' => '1051000',
  'custName' => '樊鑫',
  'custBankAccountNo' => '6225768651696468',
  'custAccountCreditOrDebit' => '2',
  'custCertificationType' => '0',
  'custID' => '51390219960714105X',
)

[2018-03-29 11:03:47] response message:
'{"reqNo":"KFT0987654321","bankReturnTime":"","errorCode":"","failureDetails":"","orderNo":"vrf1522293646","status":"1"}'

<------------------------------------------------------------------------------------------------------------->
[2018-03-29 11:03:54] request message:
array (
  'service' => 'gbp_threeMessage_verification',
  'reqNo' => 'KFT0987654321',
  'version' => '1.0.0-IEST',
  'charset' => 'utf-8',
  'language' => 'zh_CN',
  'callerIp' => '127.0.0.1',
  'merchantId' => '2018032100095306',
  'productNo' => 'GBPTM001',
  'orderNo' => 'vrf1522293714',
  'custBankNo' => '1051000',
  'custName' => '樊鑫',
  'custBankAccountNo' => '6225003601472333',
  'custAccountCreditOrDebit' => '2',
  'custCertificationType' => '0',
  'custID' => '51390219960714105X',
)

[2018-03-29 11:03:55] response message:
'{"reqNo":"KFT0987654321","bankReturnTime":"20180329112155","errorCode":"","failureDetails":"","orderNo":"vrf1522293714","status":"1"}'

<------------------------------------------------------------------------------------------------------------->
[2018-03-29 11:03:07] request message:
array (
  'service' => 'gbp_threeMessage_verification',
  'reqNo' => 'KFT0987654321',
  'version' => '1.0.0-IEST',
  'charset' => 'utf-8',
  'language' => 'zh_CN',
  'callerIp' => '127.0.0.1',
  'merchantId' => '2018032100095306',
  'productNo' => 'GBPTM001',
  'orderNo' => 'vrf1522293907',
  'custBankNo' => '1051000',
  'custName' => '樊鑫',
  'custBankAccountNo' => '6227003601472344',
  'custAccountCreditOrDebit' => '2',
  'custCertificationType' => '0',
  'custID' => '51390219960714105X',
)

[2018-03-29 11:03:07] response message:
'{"reqNo":"KFT0987654321","bankReturnTime":"20180329112507","errorCode":"","failureDetails":"","orderNo":"vrf1522293907","status":"1"}'

<------------------------------------------------------------------------------------------------------------->
[2018-03-29 11:03:48] request message:
array (
  'service' => 'gbp_threeMessage_verification',
  'reqNo' => 'KFT0987654321',
  'version' => '1.0.0-IEST',
  'charset' => 'utf-8',
  'language' => 'zh_CN',
  'callerIp' => '127.0.0.1',
  'merchantId' => '2018032100095306',
  'productNo' => 'GBPTM001',
  'orderNo' => 'vrf1522294008',
  'custBankNo' => '1051000',
  'custName' => '樊鑫',
  'custBankAccountNo' => '6227003612345644',
  'custAccountCreditOrDebit' => '2',
  'custCertificationType' => '0',
  'custID' => '51390219960714105X',
)

[2018-03-29 11:03:49] response message:
'{"reqNo":"KFT0987654321","bankReturnTime":"20180329112649","errorCode":"","failureDetails":"","orderNo":"vrf1522294008","status":"1"}'

<------------------------------------------------------------------------------------------------------------->
[2018-03-29 11:03:51] request message:
array (
  'service' => 'gbp_threeMessage_verification',
  'reqNo' => 'KFT0987654321',
  'version' => '1.0.0-IEST',
  'charset' => 'utf-8',
  'language' => 'zh_CN',
  'callerIp' => '127.0.0.1',
  'merchantId' => '2018032100095306',
  'productNo' => 'GBPTM001',
  'orderNo' => 'vrf1522294611',
  'custBankNo' => '1051000',
  'custName' => '樊鑫',
  'custBankAccountNo' => '6227003641630144',
  'custAccountCreditOrDebit' => '2',
  'custCertificationType' => '0',
  'custID' => '51390219960714105X',
)

[2018-03-29 11:03:51] response message:
'{"reqNo":"KFT0987654321","bankReturnTime":"20180329113651","errorCode":"","failureDetails":"","orderNo":"vrf1522294611","status":"1"}'

<------------------------------------------------------------------------------------------------------------->
[2018-03-29 11:03:19] request message:
array (
  'service' => 'gbp_threeMessage_verification',
  'reqNo' => 'KFT0987654321',
  'version' => '1.0.0-IEST',
  'charset' => 'utf-8',
  'language' => 'zh_CN',
  'callerIp' => '127.0.0.1',
  'merchantId' => '2018032100095306',
  'productNo' => 'GBPTM001',
  'orderNo' => 'vrf1522294819',
  'custBankNo' => '1051000',
  'custName' => '樊鑫',
  'custBankAccountNo' => '6258754625482144',
  'custAccountCreditOrDebit' => '2',
  'custCertificationType' => '0',
  'custID' => '51390219960714105X',
)

[2018-03-29 11:03:19] response message:
'{"reqNo":"KFT0987654321","bankReturnTime":"20180329114019","errorCode":"","failureDetails":"","orderNo":"vrf1522294819","status":"1"}'

<------------------------------------------------------------------------------------------------------------->
[2018-03-29 11:03:54] request message:
array (
  'service' => 'gbp_threeMessage_verification',
  'reqNo' => 'KFT0987654321',
  'version' => '1.0.0-IEST',
  'charset' => 'utf-8',
  'language' => 'zh_CN',
  'callerIp' => '127.0.0.1',
  'merchantId' => '2018032100095306',
  'productNo' => 'GBPTM001',
  'orderNo' => 'vrf1522295094',
  'custBankNo' => '1051000',
  'custName' => '樊鑫',
  'custBankAccountNo' => '6225003601472333',
  'custAccountCreditOrDebit' => '2',
  'custCertificationType' => '0',
  'custID' => '51390219960714105X',
)

[2018-03-29 11:03:55] response message:
'{"reqNo":"KFT0987654321","bankReturnTime":"","errorCode":"","failureDetails":"","orderNo":"vrf1522295094","status":"1"}'

<------------------------------------------------------------------------------------------------------------->
[2018-03-29 11:03:31] request message:
array (
  'service' => 'gbp_threeMessage_verification',
  'reqNo' => 'KFT0987654321',
  'version' => '1.0.0-IEST',
  'charset' => 'utf-8',
  'language' => 'zh_CN',
  'callerIp' => '127.0.0.1',
  'merchantId' => '2018032100095306',
  'productNo' => 'GBPTM001',
  'orderNo' => 'vrf1522295611',
  'custBankNo' => '1051000',
  'custName' => '樊鑫',
  'custBankAccountNo' => '6227003612345644',
  'custAccountCreditOrDebit' => '2',
  'custCertificationType' => '0',
  'custID' => '51390219960714105X',
)

[2018-03-29 11:03:31] response message:
'{"reqNo":"KFT0987654321","bankReturnTime":"","errorCode":"","failureDetails":"","orderNo":"vrf1522295611","status":"1"}'

<------------------------------------------------------------------------------------------------------------->
[2018-03-29 13:03:07] request message:
array (
  'service' => 'gbp_threeMessage_verification',
  'reqNo' => 'KFT0987654321',
  'version' => '1.0.0-IEST',
  'charset' => 'utf-8',
  'language' => 'zh_CN',
  'callerIp' => '127.0.0.1',
  'merchantId' => '2018032100095306',
  'productNo' => 'GBPTM001',
  'orderNo' => 'vrf1522300507',
  'custBankNo' => '1051000',
  'custName' => '樊鑫',
  'custBankAccountNo' => '6227003612482644',
  'custAccountCreditOrDebit' => '2',
  'custCertificationType' => '0',
  'custID' => '51390219960714105X',
)

[2018-03-29 13:03:07] response message:
'{"reqNo":"KFT0987654321","bankReturnTime":"20180329131507","errorCode":"","failureDetails":"","orderNo":"vrf1522300507","status":"1"}'

<------------------------------------------------------------------------------------------------------------->
[2018-03-29 13:03:06] request message:
array (
  'service' => 'gbp_threeMessage_verification',
  'reqNo' => 'KFT0987654321',
  'version' => '1.0.0-IEST',
  'charset' => 'utf-8',
  'language' => 'zh_CN',
  'callerIp' => '127.0.0.1',
  'merchantId' => '2018032100095306',
  'productNo' => 'GBPTM001',
  'orderNo' => 'vrf1522300686',
  'custBankNo' => '1051000',
  'custName' => '樊鑫',
  'custBankAccountNo' => '622700360147719',
  'custAccountCreditOrDebit' => '2',
  'custCertificationType' => '0',
  'custID' => '51390219960714105X',
)

[2018-03-29 13:03:08] response message:
'{"reqNo":"KFT0987654321","bankReturnTime":"20180329131808","errorCode":"","failureDetails":"","orderNo":"vrf1522300686","status":"1"}'

<------------------------------------------------------------------------------------------------------------->
[2018-03-29 13:03:23] request message:
array (
  'service' => 'gbp_threeMessage_verification',
  'reqNo' => 'KFT0987654321',
  'version' => '1.0.0-IEST',
  'charset' => 'utf-8',
  'language' => 'zh_CN',
  'callerIp' => '127.0.0.1',
  'merchantId' => '2018032100095306',
  'productNo' => 'GBPTM001',
  'orderNo' => 'vrf1522300763',
  'custBankNo' => '1051000',
  'custName' => '樊鑫',
  'custBankAccountNo' => '6227003601472644',
  'custAccountCreditOrDebit' => '2',
  'custCertificationType' => '0',
  'custID' => '51390219960714105X',
)

[2018-03-29 13:03:25] response message:
'{"reqNo":"KFT0987654321","bankReturnTime":"20180329131925","errorCode":"","failureDetails":"","orderNo":"vrf1522300763","status":"1"}'

<------------------------------------------------------------------------------------------------------------->
[2018-03-29 16:03:42] request message:
array (
  'service' => 'gbp_threeMessage_verification',
  'reqNo' => 'KFT0987654321',
  'version' => '1.0.0-IEST',
  'charset' => 'utf-8',
  'language' => 'zh_CN',
  'callerIp' => '127.0.0.1',
  'merchantId' => '2018032100095306',
  'productNo' => 'GBPTM001',
  'orderNo' => 'vrf1522312782',
  'custBankNo' => '1051000',
  'custName' => '樊鑫',
  'custBankAccountNo' => '6227003601472644',
  'custAccountCreditOrDebit' => '2',
  'custCertificationType' => '0',
  'custID' => '51390219960714105X',
)

[2018-03-29 16:03:42] response message:
'{"reqNo":"KFT0987654321","bankReturnTime":"","errorCode":"","failureDetails":"","orderNo":"vrf1522312782","status":"1"}'

<------------------------------------------------------------------------------------------------------------->
[2018-03-29 16:03:23] request message:
array (
  'service' => 'gbp_threeMessage_verification',
  'reqNo' => 'KFT0987654321',
  'version' => '1.0.0-IEST',
  'charset' => 'utf-8',
  'language' => 'zh_CN',
  'callerIp' => '127.0.0.1',
  'merchantId' => '2018032100095306',
  'productNo' => 'GBPTM001',
  'orderNo' => 'vrf1522312883',
  'custBankNo' => '1051000',
  'custName' => '樊鑫',
  'custBankAccountNo' => '7226365812456244',
  'custAccountCreditOrDebit' => '2',
  'custCertificationType' => '0',
  'custID' => '51390219960714105X',
)

[2018-03-29 16:03:23] response message:
'{"reqNo":"KFT0987654321","bankReturnTime":"20180329164123","errorCode":"","failureDetails":"","orderNo":"vrf1522312883","status":"1"}'

<------------------------------------------------------------------------------------------------------------->
