[2018-03-17 08:46:23]updateAPI1:
appId=10058951&cityCode=320100&customerInfo=jUjNOPJ5cIEyfcJNraBtLSfZAvVV7XPcwZx2vQ3/hPXgk4X0X4m8nOanmwEQtgDm6h6DWvTlY6YmZbTODvTTUg==&d0fee=200&fee0=4.2&mchId=19003375&nonceStr=XaEgUJtkhsJEg83Mz0Qew28tsquXz3Sj&provinceCode=320000&key=092685c0a6e642b492b9f23a6f07509f

[2018-03-17 08:46:23]updateAPI2:
{"appId":"10058951","mchId":"19003375","cityCode":"320100","customerInfo":"jUjNOPJ5cIEyfcJNraBtLSfZAvVV7XPcwZx2vQ3\/hPXgk4X0X4m8nOanmwEQtgDm6h6DWvTlY6YmZbTODvTTUg==","d0fee":"200","fee0":"4.2","nonceStr":"XaEgUJtkhsJEg83Mz0Qew28tsquXz3Sj","provinceCode":"320000","sign":"07246d4fb86ee709a391e8d4509892dc"}

[2018-03-17 08:46:23]updateAPI3:
array (
  'isSuccess' => true,
  'message' => '修改成功',
  'code' => '00',
)

[2018-03-17 08:58:24]updateAPI1:
appId=10058951&cityCode=320100&customerInfo=XhLK/4SiceWTmtgFwnGEXqCA/Eukz2s68NggtrtSQ5i6Mvi7dKkUHMxh7fU64qBwkcH9NJ3Mvq7dMvTE9Zxgqw==&d0fee=200&fee0=4.2&mchId=19003675&nonceStr=qqs1WulondVIUpcpBRWfFfsiwdBXPjmX&provinceCode=320000&key=092685c0a6e642b492b9f23a6f07509f

[2018-03-17 08:58:24]updateAPI2:
{"appId":"10058951","mchId":"19003675","cityCode":"320100","customerInfo":"XhLK\/4SiceWTmtgFwnGEXqCA\/Eukz2s68NggtrtSQ5i6Mvi7dKkUHMxh7fU64qBwkcH9NJ3Mvq7dMvTE9Zxgqw==","d0fee":"200","fee0":"4.2","nonceStr":"qqs1WulondVIUpcpBRWfFfsiwdBXPjmX","provinceCode":"320000","sign":"901826f1d64c8668db58c18f762ef6e4"}

[2018-03-17 08:58:24]updateAPI3:
array (
  'isSuccess' => true,
  'message' => '修改成功',
  'code' => '00',
)

[2018-03-17 09:05:43]API1:
address=南京市&appId=10058951&cityCode=320100&customerInfo=FkP+u1O0k5onmm7wgiGPyK8P4N5lZvn5PArCOPO0tI8SCa2B9bvDTyy8Mh6KSrf72iRMMjmLk+kZBhKsvLeiNw==&d0fee=200&fee0=4.2&nonceStr=Qc4XORRZuwwgOXphPAndlId4hszIC0mg&pointsType=0&provinceCode=320000&key=092685c0a6e642b492b9f23a6f07509f

[2018-03-17 09:05:43]API2:
{"address":"\u5357\u4eac\u5e02","appId":"10058951","cityCode":"320100","customerInfo":"FkP+u1O0k5onmm7wgiGPyK8P4N5lZvn5PArCOPO0tI8SCa2B9bvDTyy8Mh6KSrf72iRMMjmLk+kZBhKsvLeiNw==","d0fee":200,"fee0":4.2,"nonceStr":"Qc4XORRZuwwgOXphPAndlId4hszIC0mg","pointsType":0,"provinceCode":"320000","sign":"6440a5e34426c55d1e21d5c07be73343"}

[2018-03-17 09:05:43]API3:
array (
  'isSuccess' => false,
  'message' => '此卡已经进件',
  'code' => '00',
)

[2018-03-17 09:05:53]API1:
address=南京市&appId=10058951&cityCode=320100&customerInfo=FkP+u1O0k5onmm7wgiGPyK8P4N5lZvn5PArCOPO0tI8SCa2B9bvDTyy8Mh6KSrf72iRMMjmLk+kZBhKsvLeiNw==&d0fee=200&fee0=4.2&nonceStr=RkeQbjut7V76YnAwKn80WE8dBePipUYk&pointsType=0&provinceCode=320000&key=092685c0a6e642b492b9f23a6f07509f

[2018-03-17 09:05:53]API2:
{"address":"\u5357\u4eac\u5e02","appId":"10058951","cityCode":"320100","customerInfo":"FkP+u1O0k5onmm7wgiGPyK8P4N5lZvn5PArCOPO0tI8SCa2B9bvDTyy8Mh6KSrf72iRMMjmLk+kZBhKsvLeiNw==","d0fee":200,"fee0":4.2,"nonceStr":"RkeQbjut7V76YnAwKn80WE8dBePipUYk","pointsType":0,"provinceCode":"320000","sign":"47e66975490d983e1e670f4be9a16eb6"}

[2018-03-17 09:05:53]API3:
array (
  'isSuccess' => false,
  'message' => '此卡已经进件',
  'code' => '00',
)

[2018-03-17 09:06:54]API1:
address=南京市&appId=10058951&cityCode=320100&customerInfo=FkP+u1O0k5onmm7wgiGPyK8P4N5lZvn5PArCOPO0tI8SCa2B9bvDTyy8Mh6KSrf72iRMMjmLk+kZBhKsvLeiNw==&d0fee=200&fee0=4.2&nonceStr=gTkrRfM4zQuBl5XsrsJIqT1hpLi7W6gm&pointsType=0&provinceCode=320000&key=092685c0a6e642b492b9f23a6f07509f

[2018-03-17 09:06:54]API2:
{"address":"\u5357\u4eac\u5e02","appId":"10058951","cityCode":"320100","customerInfo":"FkP+u1O0k5onmm7wgiGPyK8P4N5lZvn5PArCOPO0tI8SCa2B9bvDTyy8Mh6KSrf72iRMMjmLk+kZBhKsvLeiNw==","d0fee":200,"fee0":4.2,"nonceStr":"gTkrRfM4zQuBl5XsrsJIqT1hpLi7W6gm","pointsType":0,"provinceCode":"320000","sign":"890220849f3a031d27aa9581fd6a78fb"}

[2018-03-17 09:06:54]API3:
array (
  'isSuccess' => false,
  'message' => '此卡已经进件',
  'code' => '00',
)

[2018-03-17 09:07:04]API1:
address=南京市&appId=10058951&cityCode=320100&customerInfo=FkP+u1O0k5onmm7wgiGPyK8P4N5lZvn5PArCOPO0tI8SCa2B9bvDTyy8Mh6KSrf72iRMMjmLk+kZBhKsvLeiNw==&d0fee=200&fee0=4.2&nonceStr=WEjdks5EGh4eassQtRDbZ77AQJt19rDW&pointsType=0&provinceCode=320000&key=092685c0a6e642b492b9f23a6f07509f

[2018-03-17 09:07:04]API2:
{"address":"\u5357\u4eac\u5e02","appId":"10058951","cityCode":"320100","customerInfo":"FkP+u1O0k5onmm7wgiGPyK8P4N5lZvn5PArCOPO0tI8SCa2B9bvDTyy8Mh6KSrf72iRMMjmLk+kZBhKsvLeiNw==","d0fee":200,"fee0":4.2,"nonceStr":"WEjdks5EGh4eassQtRDbZ77AQJt19rDW","pointsType":0,"provinceCode":"320000","sign":"233e60d01506eae7daac4fb6e98e8e65"}

[2018-03-17 09:07:04]API3:
array (
  'isSuccess' => false,
  'message' => '此卡已经进件',
  'code' => '00',
)

[2018-03-17 09:07:07]API1:
address=南京市&appId=10058951&cityCode=320100&customerInfo=FkP+u1O0k5onmm7wgiGPyK8P4N5lZvn5PArCOPO0tI8SCa2B9bvDTyy8Mh6KSrf72iRMMjmLk+kZBhKsvLeiNw==&d0fee=200&fee0=4.2&nonceStr=fHYV07JqPEFED8HanG1wNd1MQjqLx8NZ&pointsType=0&provinceCode=320000&key=092685c0a6e642b492b9f23a6f07509f

[2018-03-17 09:07:07]API2:
{"address":"\u5357\u4eac\u5e02","appId":"10058951","cityCode":"320100","customerInfo":"FkP+u1O0k5onmm7wgiGPyK8P4N5lZvn5PArCOPO0tI8SCa2B9bvDTyy8Mh6KSrf72iRMMjmLk+kZBhKsvLeiNw==","d0fee":200,"fee0":4.2,"nonceStr":"fHYV07JqPEFED8HanG1wNd1MQjqLx8NZ","pointsType":0,"provinceCode":"320000","sign":"69ec189c688a701502c0f2b1b35cbc6d"}

[2018-03-17 09:07:07]API3:
array (
  'isSuccess' => false,
  'message' => '此卡已经进件',
  'code' => '00',
)

[2018-03-17 09:07:16]API1:
address=南京市&appId=10058951&cityCode=320100&customerInfo=FkP+u1O0k5onmm7wgiGPyK8P4N5lZvn5PArCOPO0tI8SCa2B9bvDTyy8Mh6KSrf72iRMMjmLk+kZBhKsvLeiNw==&d0fee=200&fee0=4.2&nonceStr=rA3iOcXDLrajI417enZhYWNmSt2Ytddz&pointsType=0&provinceCode=320000&key=092685c0a6e642b492b9f23a6f07509f

[2018-03-17 09:07:16]API2:
{"address":"\u5357\u4eac\u5e02","appId":"10058951","cityCode":"320100","customerInfo":"FkP+u1O0k5onmm7wgiGPyK8P4N5lZvn5PArCOPO0tI8SCa2B9bvDTyy8Mh6KSrf72iRMMjmLk+kZBhKsvLeiNw==","d0fee":200,"fee0":4.2,"nonceStr":"rA3iOcXDLrajI417enZhYWNmSt2Ytddz","pointsType":0,"provinceCode":"320000","sign":"8f2878f657640bcd0bece15cf3c031db"}

[2018-03-17 09:07:16]API3:
array (
  'isSuccess' => false,
  'message' => '此卡已经进件',
  'code' => '00',
)

[2018-03-17 09:07:19]API1:
address=南京市&appId=10058951&cityCode=320100&customerInfo=FkP+u1O0k5onmm7wgiGPyK8P4N5lZvn5PArCOPO0tI8SCa2B9bvDTyy8Mh6KSrf72iRMMjmLk+kZBhKsvLeiNw==&d0fee=200&fee0=4.2&nonceStr=AWjSq1hbK5uidJv519OK9oY5KzcsTBd2&pointsType=0&provinceCode=320000&key=092685c0a6e642b492b9f23a6f07509f

[2018-03-17 09:07:19]API2:
{"address":"\u5357\u4eac\u5e02","appId":"10058951","cityCode":"320100","customerInfo":"FkP+u1O0k5onmm7wgiGPyK8P4N5lZvn5PArCOPO0tI8SCa2B9bvDTyy8Mh6KSrf72iRMMjmLk+kZBhKsvLeiNw==","d0fee":200,"fee0":4.2,"nonceStr":"AWjSq1hbK5uidJv519OK9oY5KzcsTBd2","pointsType":0,"provinceCode":"320000","sign":"73a23ac0133b7f92b0606ad97f24c007"}

[2018-03-17 09:07:19]API3:
array (
  'isSuccess' => false,
  'message' => '此卡已经进件',
  'code' => '00',
)

[2018-03-17 09:07:41]API1:
address=南京市&appId=10058951&cityCode=320100&customerInfo=FkP+u1O0k5onmm7wgiGPyK8P4N5lZvn5PArCOPO0tI8SCa2B9bvDTyy8Mh6KSrf72iRMMjmLk+kZBhKsvLeiNw==&d0fee=200&fee0=4.2&nonceStr=go1bM2HfCENNm3IQ9lqujBW99tKIrKQS&pointsType=0&provinceCode=320000&key=092685c0a6e642b492b9f23a6f07509f

[2018-03-17 09:07:41]API2:
{"address":"\u5357\u4eac\u5e02","appId":"10058951","cityCode":"320100","customerInfo":"FkP+u1O0k5onmm7wgiGPyK8P4N5lZvn5PArCOPO0tI8SCa2B9bvDTyy8Mh6KSrf72iRMMjmLk+kZBhKsvLeiNw==","d0fee":200,"fee0":4.2,"nonceStr":"go1bM2HfCENNm3IQ9lqujBW99tKIrKQS","pointsType":0,"provinceCode":"320000","sign":"584cecbb58af8156bf82c44c7d0afe94"}

[2018-03-17 09:07:41]API3:
array (
  'isSuccess' => false,
  'message' => '此卡已经进件',
  'code' => '00',
)

[2018-03-17 09:07:53]API1:
address=南京市&appId=10058951&cityCode=320100&customerInfo=FkP+u1O0k5onmm7wgiGPyK8P4N5lZvn5PArCOPO0tI8SCa2B9bvDTyy8Mh6KSrf72iRMMjmLk+kZBhKsvLeiNw==&d0fee=200&fee0=4.2&nonceStr=yY6tm8bAwltotsGFticBNPTRkc3tltBA&pointsType=0&provinceCode=320000&key=092685c0a6e642b492b9f23a6f07509f

[2018-03-17 09:07:53]API2:
{"address":"\u5357\u4eac\u5e02","appId":"10058951","cityCode":"320100","customerInfo":"FkP+u1O0k5onmm7wgiGPyK8P4N5lZvn5PArCOPO0tI8SCa2B9bvDTyy8Mh6KSrf72iRMMjmLk+kZBhKsvLeiNw==","d0fee":200,"fee0":4.2,"nonceStr":"yY6tm8bAwltotsGFticBNPTRkc3tltBA","pointsType":0,"provinceCode":"320000","sign":"4ea0dc258b8079902089953a66f54c58"}

[2018-03-17 09:07:54]API3:
array (
  'isSuccess' => false,
  'message' => '此卡已经进件',
  'code' => '00',
)

[2018-03-17 09:08:49]API1:
address=南京市&appId=10058951&cityCode=320100&customerInfo=FkP+u1O0k5onmm7wgiGPyK8P4N5lZvn5PArCOPO0tI8SCa2B9bvDTyy8Mh6KSrf72iRMMjmLk+kZBhKsvLeiNw==&d0fee=200&fee0=4.2&nonceStr=2TdN3InxYvcQpgWBbZgYfLBG1FrpnAwG&pointsType=0&provinceCode=320000&key=092685c0a6e642b492b9f23a6f07509f

[2018-03-17 09:08:49]API2:
{"address":"\u5357\u4eac\u5e02","appId":"10058951","cityCode":"320100","customerInfo":"FkP+u1O0k5onmm7wgiGPyK8P4N5lZvn5PArCOPO0tI8SCa2B9bvDTyy8Mh6KSrf72iRMMjmLk+kZBhKsvLeiNw==","d0fee":200,"fee0":4.2,"nonceStr":"2TdN3InxYvcQpgWBbZgYfLBG1FrpnAwG","pointsType":0,"provinceCode":"320000","sign":"b5ff5839058375c85a81b1fc36e04922"}

[2018-03-17 09:08:49]API3:
array (
  'isSuccess' => false,
  'message' => '此卡已经进件',
  'code' => '00',
)

[2018-03-17 09:08:56]API1:
address=南京市&appId=10058951&cityCode=320100&customerInfo=FkP+u1O0k5onmm7wgiGPyK8P4N5lZvn5PArCOPO0tI8SCa2B9bvDTyy8Mh6KSrf72iRMMjmLk+kZBhKsvLeiNw==&d0fee=200&fee0=4.2&nonceStr=4STZNNbn3i6CzotmlCfDEVN3grfLwBoX&pointsType=0&provinceCode=320000&key=092685c0a6e642b492b9f23a6f07509f

[2018-03-17 09:08:56]API2:
{"address":"\u5357\u4eac\u5e02","appId":"10058951","cityCode":"320100","customerInfo":"FkP+u1O0k5onmm7wgiGPyK8P4N5lZvn5PArCOPO0tI8SCa2B9bvDTyy8Mh6KSrf72iRMMjmLk+kZBhKsvLeiNw==","d0fee":200,"fee0":4.2,"nonceStr":"4STZNNbn3i6CzotmlCfDEVN3grfLwBoX","pointsType":0,"provinceCode":"320000","sign":"69903b3d804487421361630c1617553f"}

[2018-03-17 09:08:56]API3:
array (
  'isSuccess' => false,
  'message' => '此卡已经进件',
  'code' => '00',
)

[2018-03-17 09:10:30]API1:
address=南京市&appId=10058951&cityCode=320100&customerInfo=FkP+u1O0k5onmm7wgiGPyK8P4N5lZvn5PArCOPO0tI8SCa2B9bvDTyy8Mh6KSrf72iRMMjmLk+kZBhKsvLeiNw==&d0fee=200&fee0=4.2&nonceStr=jIj2DO2uIwxkZubashdGTY3gw8Gibx2y&pointsType=0&provinceCode=320000&key=092685c0a6e642b492b9f23a6f07509f

[2018-03-17 09:10:30]API2:
{"address":"\u5357\u4eac\u5e02","appId":"10058951","cityCode":"320100","customerInfo":"FkP+u1O0k5onmm7wgiGPyK8P4N5lZvn5PArCOPO0tI8SCa2B9bvDTyy8Mh6KSrf72iRMMjmLk+kZBhKsvLeiNw==","d0fee":200,"fee0":4.2,"nonceStr":"jIj2DO2uIwxkZubashdGTY3gw8Gibx2y","pointsType":0,"provinceCode":"320000","sign":"72a100a117c78440b7b34a8eb2ade53e"}

[2018-03-17 09:10:31]API3:
array (
  'isSuccess' => false,
  'message' => '此卡已经进件',
  'code' => '00',
)

[2018-03-17 09:10:34]API1:
address=南京市&appId=10058951&cityCode=320100&customerInfo=FkP+u1O0k5onmm7wgiGPyK8P4N5lZvn5PArCOPO0tI8SCa2B9bvDTyy8Mh6KSrf72iRMMjmLk+kZBhKsvLeiNw==&d0fee=200&fee0=4.2&nonceStr=i1G4rz5FazVR3WNk7Bqb7V3pAuZuLmMP&pointsType=0&provinceCode=320000&key=092685c0a6e642b492b9f23a6f07509f

[2018-03-17 09:10:34]API2:
{"address":"\u5357\u4eac\u5e02","appId":"10058951","cityCode":"320100","customerInfo":"FkP+u1O0k5onmm7wgiGPyK8P4N5lZvn5PArCOPO0tI8SCa2B9bvDTyy8Mh6KSrf72iRMMjmLk+kZBhKsvLeiNw==","d0fee":200,"fee0":4.2,"nonceStr":"i1G4rz5FazVR3WNk7Bqb7V3pAuZuLmMP","pointsType":0,"provinceCode":"320000","sign":"c811fa96572599bdfe78509811663446"}

[2018-03-17 09:10:34]API3:
array (
  'isSuccess' => false,
  'message' => '此卡已经进件',
  'code' => '00',
)

[2018-03-17 09:11:18]API1:
address=南京市&appId=10058951&cityCode=320100&customerInfo=FkP+u1O0k5onmm7wgiGPyK8P4N5lZvn5PArCOPO0tI8SCa2B9bvDTyy8Mh6KSrf72iRMMjmLk+kZBhKsvLeiNw==&d0fee=200&fee0=4.2&nonceStr=5nTRj94IvXnJXBZDgipeY7wJlYoeXKRi&pointsType=0&provinceCode=320000&key=092685c0a6e642b492b9f23a6f07509f

[2018-03-17 09:11:18]API2:
{"address":"\u5357\u4eac\u5e02","appId":"10058951","cityCode":"320100","customerInfo":"FkP+u1O0k5onmm7wgiGPyK8P4N5lZvn5PArCOPO0tI8SCa2B9bvDTyy8Mh6KSrf72iRMMjmLk+kZBhKsvLeiNw==","d0fee":200,"fee0":4.2,"nonceStr":"5nTRj94IvXnJXBZDgipeY7wJlYoeXKRi","pointsType":0,"provinceCode":"320000","sign":"d1be2aad971f9cebb45a131ba7b9b1ff"}

[2018-03-17 09:11:18]API3:
array (
  'isSuccess' => false,
  'message' => '此卡已经进件',
  'code' => '00',
)

[2018-03-17 09:12:29]API1:
address=南京市&appId=10058951&cityCode=320100&customerInfo=FkP+u1O0k5onmm7wgiGPyK8P4N5lZvn5PArCOPO0tI8SCa2B9bvDTyy8Mh6KSrf72iRMMjmLk+kZBhKsvLeiNw==&d0fee=200&fee0=4.2&nonceStr=WOulOtQvDSknk4Ggd7w3kKrhoFs75H3W&pointsType=0&provinceCode=320000&key=092685c0a6e642b492b9f23a6f07509f

[2018-03-17 09:12:29]API2:
{"address":"\u5357\u4eac\u5e02","appId":"10058951","cityCode":"320100","customerInfo":"FkP+u1O0k5onmm7wgiGPyK8P4N5lZvn5PArCOPO0tI8SCa2B9bvDTyy8Mh6KSrf72iRMMjmLk+kZBhKsvLeiNw==","d0fee":200,"fee0":4.2,"nonceStr":"WOulOtQvDSknk4Ggd7w3kKrhoFs75H3W","pointsType":0,"provinceCode":"320000","sign":"db94a003a0d2b3a21745b97ed4bf5e27"}

[2018-03-17 09:12:29]API3:
array (
  'isSuccess' => false,
  'message' => '此卡已经进件',
  'code' => '00',
)

[2018-03-17 09:12:35]API1:
address=南京市&appId=10058951&cityCode=320100&customerInfo=FkP+u1O0k5onmm7wgiGPyK8P4N5lZvn5PArCOPO0tI8SCa2B9bvDTyy8Mh6KSrf72iRMMjmLk+kZBhKsvLeiNw==&d0fee=200&fee0=4.2&nonceStr=NIZen21RNoHbchLBbMAw4oOnccOKdHdI&pointsType=0&provinceCode=320000&key=092685c0a6e642b492b9f23a6f07509f

[2018-03-17 09:12:35]API2:
{"address":"\u5357\u4eac\u5e02","appId":"10058951","cityCode":"320100","customerInfo":"FkP+u1O0k5onmm7wgiGPyK8P4N5lZvn5PArCOPO0tI8SCa2B9bvDTyy8Mh6KSrf72iRMMjmLk+kZBhKsvLeiNw==","d0fee":200,"fee0":4.2,"nonceStr":"NIZen21RNoHbchLBbMAw4oOnccOKdHdI","pointsType":0,"provinceCode":"320000","sign":"7a8ce9e05fa7da23873134116a2217e6"}

[2018-03-17 09:12:35]API3:
array (
  'isSuccess' => false,
  'message' => '此卡已经进件',
  'code' => '00',
)

[2018-03-17 09:12:38]API1:
address=南京市&appId=10058951&cityCode=320100&customerInfo=FkP+u1O0k5onmm7wgiGPyK8P4N5lZvn5PArCOPO0tI8SCa2B9bvDTyy8Mh6KSrf72iRMMjmLk+kZBhKsvLeiNw==&d0fee=200&fee0=4.2&nonceStr=PnfhVmJaDBmtOxOYoXYL5nRrvmPTLrcf&pointsType=0&provinceCode=320000&key=092685c0a6e642b492b9f23a6f07509f

[2018-03-17 09:12:38]API2:
{"address":"\u5357\u4eac\u5e02","appId":"10058951","cityCode":"320100","customerInfo":"FkP+u1O0k5onmm7wgiGPyK8P4N5lZvn5PArCOPO0tI8SCa2B9bvDTyy8Mh6KSrf72iRMMjmLk+kZBhKsvLeiNw==","d0fee":200,"fee0":4.2,"nonceStr":"PnfhVmJaDBmtOxOYoXYL5nRrvmPTLrcf","pointsType":0,"provinceCode":"320000","sign":"e56251cc4a703b5551c807ba319db7e4"}

[2018-03-17 09:12:38]API3:
array (
  'isSuccess' => false,
  'message' => '此卡已经进件',
  'code' => '00',
)

[2018-03-17 09:12:56]API1:
address=南京市&appId=10058951&cityCode=320100&customerInfo=FkP+u1O0k5onmm7wgiGPyK8P4N5lZvn5PArCOPO0tI8SCa2B9bvDTyy8Mh6KSrf72iRMMjmLk+kZBhKsvLeiNw==&d0fee=200&fee0=4.2&nonceStr=5ZqDgJHkTFCX7UmH4EtOViVD2uuSC7YO&pointsType=0&provinceCode=320000&key=092685c0a6e642b492b9f23a6f07509f

[2018-03-17 09:12:56]API2:
{"address":"\u5357\u4eac\u5e02","appId":"10058951","cityCode":"320100","customerInfo":"FkP+u1O0k5onmm7wgiGPyK8P4N5lZvn5PArCOPO0tI8SCa2B9bvDTyy8Mh6KSrf72iRMMjmLk+kZBhKsvLeiNw==","d0fee":200,"fee0":4.2,"nonceStr":"5ZqDgJHkTFCX7UmH4EtOViVD2uuSC7YO","pointsType":0,"provinceCode":"320000","sign":"2e9e98caadbc7dd734fbc965e51b426f"}

[2018-03-17 09:12:56]API3:
array (
  'isSuccess' => false,
  'message' => '此卡已经进件',
  'code' => '00',
)

[2018-03-17 09:14:04]API1:
address=南京市&appId=10058951&cityCode=320100&customerInfo=FkP+u1O0k5onmm7wgiGPyK8P4N5lZvn5PArCOPO0tI8SCa2B9bvDTyy8Mh6KSrf72iRMMjmLk+kZBhKsvLeiNw==&d0fee=200&fee0=4.2&nonceStr=VQQ8r604wtUeSmF1cvvKfWr3ZwNF5K3O&pointsType=0&provinceCode=320000&key=092685c0a6e642b492b9f23a6f07509f

[2018-03-17 09:14:04]API2:
{"address":"\u5357\u4eac\u5e02","appId":"10058951","cityCode":"320100","customerInfo":"FkP+u1O0k5onmm7wgiGPyK8P4N5lZvn5PArCOPO0tI8SCa2B9bvDTyy8Mh6KSrf72iRMMjmLk+kZBhKsvLeiNw==","d0fee":200,"fee0":4.2,"nonceStr":"VQQ8r604wtUeSmF1cvvKfWr3ZwNF5K3O","pointsType":0,"provinceCode":"320000","sign":"b47009d453e57c2b4d0660d85c908aa5"}

[2018-03-17 09:14:04]API3:
array (
  'isSuccess' => false,
  'message' => '此卡已经进件',
  'code' => '00',
)

[2018-03-17 09:15:09]API1:
address=南京市&appId=10058951&cityCode=320100&customerInfo=FkP+u1O0k5onmm7wgiGPyK8P4N5lZvn5PArCOPO0tI8SCa2B9bvDTyy8Mh6KSrf72iRMMjmLk+kZBhKsvLeiNw==&d0fee=200&fee0=4.2&nonceStr=p2B4fYJCieQEYozWlX8loIjLtPRDNzVj&pointsType=0&provinceCode=320000&key=092685c0a6e642b492b9f23a6f07509f

[2018-03-17 09:15:09]API2:
{"address":"\u5357\u4eac\u5e02","appId":"10058951","cityCode":"320100","customerInfo":"FkP+u1O0k5onmm7wgiGPyK8P4N5lZvn5PArCOPO0tI8SCa2B9bvDTyy8Mh6KSrf72iRMMjmLk+kZBhKsvLeiNw==","d0fee":200,"fee0":4.2,"nonceStr":"p2B4fYJCieQEYozWlX8loIjLtPRDNzVj","pointsType":0,"provinceCode":"320000","sign":"098dcc3a2de8e7e10880f3cc2cf50347"}

[2018-03-17 09:15:09]API3:
array (
  'isSuccess' => false,
  'message' => '此卡已经进件',
  'code' => '00',
)

[2018-03-17 09:18:13]updateAPI1:
appId=10058951&cityCode=320100&customerInfo=FkP+u1O0k5onmm7wgiGPyK8P4N5lZvn5PArCOPO0tI8SCa2B9bvDTyy8Mh6KSrf72iRMMjmLk+kZBhKsvLeiNw==&d0fee=200&fee0=4.2&mchId=19003971&nonceStr=Ws3QYp0xKQe8O7F5avLzvhomwoUpybsW&provinceCode=320000&key=092685c0a6e642b492b9f23a6f07509f

[2018-03-17 09:18:13]updateAPI2:
{"appId":"10058951","mchId":"19003971","cityCode":"320100","customerInfo":"FkP+u1O0k5onmm7wgiGPyK8P4N5lZvn5PArCOPO0tI8SCa2B9bvDTyy8Mh6KSrf72iRMMjmLk+kZBhKsvLeiNw==","d0fee":"200","fee0":"4.2","nonceStr":"Ws3QYp0xKQe8O7F5avLzvhomwoUpybsW","provinceCode":"320000","sign":"e1330bb3665e6866f027a5ae7868e83e"}

[2018-03-17 09:18:13]updateAPI3:
array (
  'isSuccess' => true,
  'message' => '修改成功',
  'code' => '00',
)

[2018-03-17 09:53:06]API1:
address=南京市&appId=10058951&cityCode=320100&customerInfo=WiHxxvMH8uzY9QAY9E1c+TQ2eLjsnreyh8h4MO0A8vDMH/67PZAKBU1qtAe63EIVI7UBjSTR+WnTiE7TW4vfEQ==&d0fee=200&fee0=5.5&nonceStr=Jxa6wK5K2KOkHsfqnBMq3wrbLVTpWY1P&pointsType=0&provinceCode=320000&key=092685c0a6e642b492b9f23a6f07509f

[2018-03-17 09:53:06]API2:
{"address":"\u5357\u4eac\u5e02","appId":"10058951","cityCode":"320100","customerInfo":"WiHxxvMH8uzY9QAY9E1c+TQ2eLjsnreyh8h4MO0A8vDMH\/67PZAKBU1qtAe63EIVI7UBjSTR+WnTiE7TW4vfEQ==","d0fee":200,"fee0":5.5,"nonceStr":"Jxa6wK5K2KOkHsfqnBMq3wrbLVTpWY1P","pointsType":0,"provinceCode":"320000","sign":"7dea8dddd83fbb285f8116fe9563acdd"}

[2018-03-17 09:53:06]API3:
array (
  'isSuccess' => false,
  'message' => '暂时不支持该卡！请更换银行卡重试！（联行号）',
  'code' => '00',
)

[2018-03-17 10:02:16]API1:
address=南京市&appId=10058951&cityCode=320100&customerInfo=WiHxxvMH8uzY9QAY9E1c+TQ2eLjsnreyh8h4MO0A8vDMH/67PZAKBU1qtAe63EIVI7UBjSTR+WnTiE7TW4vfEQ==&d0fee=200&fee0=5.5&nonceStr=knlemmZmaG3u2RSC5KX3JaKUtg2FK0UK&pointsType=0&provinceCode=320000&key=092685c0a6e642b492b9f23a6f07509f

[2018-03-17 10:02:16]API2:
{"address":"\u5357\u4eac\u5e02","appId":"10058951","cityCode":"320100","customerInfo":"WiHxxvMH8uzY9QAY9E1c+TQ2eLjsnreyh8h4MO0A8vDMH\/67PZAKBU1qtAe63EIVI7UBjSTR+WnTiE7TW4vfEQ==","d0fee":200,"fee0":5.5,"nonceStr":"knlemmZmaG3u2RSC5KX3JaKUtg2FK0UK","pointsType":0,"provinceCode":"320000","sign":"12d5dc4db5fff8584e17a10ee88d9bc4"}

[2018-03-17 10:02:16]API3:
array (
  'isSuccess' => false,
  'message' => '暂时不支持该卡！请更换银行卡重试！（联行号）',
  'code' => '00',
)

[2018-03-17 10:03:12]API1:
address=南京市&appId=10058951&cityCode=320100&customerInfo=WiHxxvMH8uzY9QAY9E1c+TQ2eLjsnreyh8h4MO0A8vDMH/67PZAKBU1qtAe63EIVI7UBjSTR+WnTiE7TW4vfEQ==&d0fee=200&fee0=5.5&nonceStr=E2yEup53mShayGoJbbmi61xXrm2qhLBZ&pointsType=0&provinceCode=320000&key=092685c0a6e642b492b9f23a6f07509f

[2018-03-17 10:03:12]API2:
{"address":"\u5357\u4eac\u5e02","appId":"10058951","cityCode":"320100","customerInfo":"WiHxxvMH8uzY9QAY9E1c+TQ2eLjsnreyh8h4MO0A8vDMH\/67PZAKBU1qtAe63EIVI7UBjSTR+WnTiE7TW4vfEQ==","d0fee":200,"fee0":5.5,"nonceStr":"E2yEup53mShayGoJbbmi61xXrm2qhLBZ","pointsType":0,"provinceCode":"320000","sign":"daa54056a04d8b7cf7dfcb1f83d9504b"}

[2018-03-17 10:03:12]API3:
array (
  'isSuccess' => false,
  'message' => '暂时不支持该卡！请更换银行卡重试！（联行号）',
  'code' => '00',
)

[2018-03-17 10:13:34]API1:
address=南京市&appId=10058951&cityCode=320100&customerInfo=bpOaFEcKN8uaUwJIdDo+oWwG7sHrgum/j8WuxG2wizG+DIOqDiGuCn/Hn6lt2/+jvGMFuUxlGEVz+Ty/gay7KA==&d0fee=200&fee0=5.5&nonceStr=6IO6cFvTCrso8aB39EGHsUNVnU3Cnj51&pointsType=0&provinceCode=320000&key=092685c0a6e642b492b9f23a6f07509f

[2018-03-17 10:13:34]API2:
{"address":"\u5357\u4eac\u5e02","appId":"10058951","cityCode":"320100","customerInfo":"bpOaFEcKN8uaUwJIdDo+oWwG7sHrgum\/j8WuxG2wizG+DIOqDiGuCn\/Hn6lt2\/+jvGMFuUxlGEVz+Ty\/gay7KA==","d0fee":200,"fee0":5.5,"nonceStr":"6IO6cFvTCrso8aB39EGHsUNVnU3Cnj51","pointsType":0,"provinceCode":"320000","sign":"312d7d75ccb3a7ff5a6fa110ce75d1c4"}

[2018-03-17 10:13:34]API3:
array (
  'isSuccess' => true,
  'message' => '进件成功！',
  'code' => '00',
  'data' => 19009037,
)

[2018-03-17 10:31:32]API1:
address=南京市&appId=10058951&cityCode=320100&customerInfo=WiHxxvMH8uzY9QAY9E1c+TQ2eLjsnreyh8h4MO0A8vDMH/67PZAKBU1qtAe63EIVI7UBjSTR+WnTiE7TW4vfEQ==&d0fee=200&fee0=4.2&nonceStr=uQ67Am9wKJYhr4tbwljnAh6e4B53aYuT&pointsType=0&provinceCode=320000&key=092685c0a6e642b492b9f23a6f07509f

[2018-03-17 10:31:32]API2:
{"address":"\u5357\u4eac\u5e02","appId":"10058951","cityCode":"320100","customerInfo":"WiHxxvMH8uzY9QAY9E1c+TQ2eLjsnreyh8h4MO0A8vDMH\/67PZAKBU1qtAe63EIVI7UBjSTR+WnTiE7TW4vfEQ==","d0fee":200,"fee0":4.2,"nonceStr":"uQ67Am9wKJYhr4tbwljnAh6e4B53aYuT","pointsType":0,"provinceCode":"320000","sign":"674c21cb8c24831971d4e85ed3c059a0"}

[2018-03-17 10:31:32]API3:
array (
  'isSuccess' => false,
  'message' => '暂时不支持该卡！请更换银行卡重试！（联行号）',
  'code' => '00',
)

[2018-03-17 10:37:33]API1:
address=南京市&appId=10058951&cityCode=320100&customerInfo=WiHxxvMH8uzY9QAY9E1c+TQ2eLjsnreyh8h4MO0A8vDMH/67PZAKBU1qtAe63EIVI7UBjSTR+WnTiE7TW4vfEQ==&d0fee=200&fee0=4.2&nonceStr=07QefzFW8lVEtOvMqWJ05TGT9K5ipixO&pointsType=0&provinceCode=320000&key=092685c0a6e642b492b9f23a6f07509f

[2018-03-17 10:37:33]API2:
{"address":"\u5357\u4eac\u5e02","appId":"10058951","cityCode":"320100","customerInfo":"WiHxxvMH8uzY9QAY9E1c+TQ2eLjsnreyh8h4MO0A8vDMH\/67PZAKBU1qtAe63EIVI7UBjSTR+WnTiE7TW4vfEQ==","d0fee":200,"fee0":4.2,"nonceStr":"07QefzFW8lVEtOvMqWJ05TGT9K5ipixO","pointsType":0,"provinceCode":"320000","sign":"cb97b0c57f7760a40141320fe55ef876"}

[2018-03-17 10:37:33]API3:
array (
  'isSuccess' => false,
  'message' => '暂时不支持该卡！请更换银行卡重试！（联行号）',
  'code' => '00',
)

[2018-03-17 12:24:10]API1:
address=南京市&appId=10058951&cityCode=320100&customerInfo=WiHxxvMH8uzY9QAY9E1c+TQ2eLjsnreyh8h4MO0A8vDMH/67PZAKBU1qtAe63EIVI7UBjSTR+WnTiE7TW4vfEQ==&d0fee=200&fee0=4.2&nonceStr=OvaK3Hlc5eDT8ZzEZsGq7tXF9xVdpjLq&pointsType=0&provinceCode=320000&key=092685c0a6e642b492b9f23a6f07509f

[2018-03-17 12:24:10]API2:
{"address":"\u5357\u4eac\u5e02","appId":"10058951","cityCode":"320100","customerInfo":"WiHxxvMH8uzY9QAY9E1c+TQ2eLjsnreyh8h4MO0A8vDMH\/67PZAKBU1qtAe63EIVI7UBjSTR+WnTiE7TW4vfEQ==","d0fee":200,"fee0":4.2,"nonceStr":"OvaK3Hlc5eDT8ZzEZsGq7tXF9xVdpjLq","pointsType":0,"provinceCode":"320000","sign":"d2bc17fc7f03b0aa516a0a3a9446fdae"}

[2018-03-17 12:24:10]API3:
array (
  'isSuccess' => false,
  'message' => '暂时不支持该卡！请更换银行卡重试！（联行号）',
  'code' => '00',
)

[2018-03-17 12:31:08]API1:
address=南京市&appId=10058951&cityCode=320100&customerInfo=WiHxxvMH8uzY9QAY9E1c+TQ2eLjsnreyh8h4MO0A8vDMH/67PZAKBU1qtAe63EIVI7UBjSTR+WnTiE7TW4vfEQ==&d0fee=200&fee0=4.2&nonceStr=TBid29o7PFTkp4mFqHNoFpoX363yxzmf&pointsType=0&provinceCode=320000&key=092685c0a6e642b492b9f23a6f07509f

[2018-03-17 12:31:08]API2:
{"address":"\u5357\u4eac\u5e02","appId":"10058951","cityCode":"320100","customerInfo":"WiHxxvMH8uzY9QAY9E1c+TQ2eLjsnreyh8h4MO0A8vDMH\/67PZAKBU1qtAe63EIVI7UBjSTR+WnTiE7TW4vfEQ==","d0fee":200,"fee0":4.2,"nonceStr":"TBid29o7PFTkp4mFqHNoFpoX363yxzmf","pointsType":0,"provinceCode":"320000","sign":"0e23ddc1be854e7678d4d21a573009c1"}

[2018-03-17 12:31:08]API3:
array (
  'isSuccess' => false,
  'message' => '暂时不支持该卡！请更换银行卡重试！（联行号）',
  'code' => '00',
)

[2018-03-17 17:11:10]API1:
address=南京市&appId=10058951&cityCode=320100&customerInfo=WiHxxvMH8uzY9QAY9E1c+TQ2eLjsnreyh8h4MO0A8vDMH/67PZAKBU1qtAe63EIVI7UBjSTR+WnTiE7TW4vfEQ==&d0fee=200&fee0=4.2&nonceStr=plHoQ7IAbyHW3ntiF6fdV4IyCWMSuFVP&pointsType=0&provinceCode=320000&key=092685c0a6e642b492b9f23a6f07509f

[2018-03-17 17:11:10]API2:
{"address":"\u5357\u4eac\u5e02","appId":"10058951","cityCode":"320100","customerInfo":"WiHxxvMH8uzY9QAY9E1c+TQ2eLjsnreyh8h4MO0A8vDMH\/67PZAKBU1qtAe63EIVI7UBjSTR+WnTiE7TW4vfEQ==","d0fee":200,"fee0":4.2,"nonceStr":"plHoQ7IAbyHW3ntiF6fdV4IyCWMSuFVP","pointsType":0,"provinceCode":"320000","sign":"44ececd67cb4f477d6ec75f8ff24eef2"}

[2018-03-17 17:11:10]API3:
array (
  'isSuccess' => false,
  'message' => '暂时不支持该卡！请更换银行卡重试！（联行号）',
  'code' => '00',
)

[2018-03-17 17:12:54]API1:
address=南京市&appId=10058951&cityCode=320100&customerInfo=tqhsrIFT2kfoF8VcMqnGy4pOZVg225mp/lxZEn5TCqN9qSJchFSt0+VtTeac9vSkMCgIYpZBpZw=&d0fee=200&fee0=4.2&nonceStr=9948SLgqxmo0Cs7KBiMUYqFXpP2S8ERo&pointsType=0&provinceCode=320000&key=092685c0a6e642b492b9f23a6f07509f

[2018-03-17 17:12:54]API2:
{"address":"\u5357\u4eac\u5e02","appId":"10058951","cityCode":"320100","customerInfo":"tqhsrIFT2kfoF8VcMqnGy4pOZVg225mp\/lxZEn5TCqN9qSJchFSt0+VtTeac9vSkMCgIYpZBpZw=","d0fee":200,"fee0":4.2,"nonceStr":"9948SLgqxmo0Cs7KBiMUYqFXpP2S8ERo","pointsType":0,"provinceCode":"320000","sign":"6b16dd748f4d776aad17ae76ac167f22"}

[2018-03-17 17:12:54]API3:
array (
  'isSuccess' => false,
  'message' => '该卡不是借记卡！',
  'code' => '00',
)

