[2018-03-15 07:47:55]updateAPI1:
appId=10058951&cityCode=320100&customerInfo=bpOaFEcKN8sDTLx6y60CizCNd+1DvhZzcDVwnRWHsghJ6VfhhM+kr225A8+e56QcHGnjMO4aId3c6GZ2hGAf3Q==&d0fee=200&fee0=4.5&mchId=19003677&nonceStr=slgYwEofNYb5mKd05EAmjyu2wPdq5QQC&provinceCode=320000&key=092685c0a6e642b492b9f23a6f07509f

[2018-03-15 07:47:55]updateAPI2:
{"appId":"10058951","mchId":"19003677","cityCode":"320100","customerInfo":"bpOaFEcKN8sDTLx6y60CizCNd+1DvhZzcDVwnRWHsghJ6VfhhM+kr225A8+e56QcHGnjMO4aId3c6GZ2hGAf3Q==","d0fee":"200","fee0":"4.5","nonceStr":"slgYwEofNYb5mKd05EAmjyu2wPdq5QQC","provinceCode":"320000","sign":"b2eb130aec938f8cc1ef46b99f5bf230"}

[2018-03-15 07:47:55]updateAPI3:
array (
  'isSuccess' => true,
  'message' => '修改成功',
  'code' => '00',
)

[2018-03-15 18:59:19]API1:
address=南京市&appId=10058951&cityCode=320100&customerInfo=FkP+u1O0k5onmm7wgiGPyK8P4N5lZvn5PArCOPO0tI8SCa2B9bvDTyy8Mh6KSrf72iRMMjmLk+kZBhKsvLeiNw==&d0fee=200&fee0=5.8&nonceStr=COUHRRbD4T3YtBIJzEPMC0wIxv2AKKyl&pointsType=0&provinceCode=320000&key=092685c0a6e642b492b9f23a6f07509f

[2018-03-15 18:59:19]API2:
{"address":"\u5357\u4eac\u5e02","appId":"10058951","cityCode":"320100","customerInfo":"FkP+u1O0k5onmm7wgiGPyK8P4N5lZvn5PArCOPO0tI8SCa2B9bvDTyy8Mh6KSrf72iRMMjmLk+kZBhKsvLeiNw==","d0fee":200,"fee0":5.8,"nonceStr":"COUHRRbD4T3YtBIJzEPMC0wIxv2AKKyl","pointsType":0,"provinceCode":"320000","sign":"81c7846405933fd1650bd91875a19dae"}

[2018-03-15 18:59:19]API3:
array (
  'isSuccess' => false,
  'message' => '此卡已经进件',
  'code' => '00',
)

[2018-03-15 18:59:27]API1:
address=南京市&appId=10058951&cityCode=320100&customerInfo=FkP+u1O0k5onmm7wgiGPyK8P4N5lZvn5PArCOPO0tI8SCa2B9bvDTyy8Mh6KSrf72iRMMjmLk+kZBhKsvLeiNw==&d0fee=200&fee0=5.8&nonceStr=l2aMsDISB6HCKvTUEMUxbt5aZM69TBlk&pointsType=0&provinceCode=320000&key=092685c0a6e642b492b9f23a6f07509f

[2018-03-15 18:59:27]API2:
{"address":"\u5357\u4eac\u5e02","appId":"10058951","cityCode":"320100","customerInfo":"FkP+u1O0k5onmm7wgiGPyK8P4N5lZvn5PArCOPO0tI8SCa2B9bvDTyy8Mh6KSrf72iRMMjmLk+kZBhKsvLeiNw==","d0fee":200,"fee0":5.8,"nonceStr":"l2aMsDISB6HCKvTUEMUxbt5aZM69TBlk","pointsType":0,"provinceCode":"320000","sign":"23fe6acf9fb5b7acd99f69a9b827c462"}

[2018-03-15 18:59:27]API3:
array (
  'isSuccess' => false,
  'message' => '此卡已经进件',
  'code' => '00',
)

[2018-03-15 18:59:36]API1:
address=南京市&appId=10058951&cityCode=320100&customerInfo=FkP+u1O0k5onmm7wgiGPyK8P4N5lZvn5PArCOPO0tI8SCa2B9bvDTyy8Mh6KSrf72iRMMjmLk+kZBhKsvLeiNw==&d0fee=200&fee0=5.8&nonceStr=iHmX0cTrdRX9BEqVIGhl4XhlUB495LUk&pointsType=0&provinceCode=320000&key=092685c0a6e642b492b9f23a6f07509f

[2018-03-15 18:59:36]API2:
{"address":"\u5357\u4eac\u5e02","appId":"10058951","cityCode":"320100","customerInfo":"FkP+u1O0k5onmm7wgiGPyK8P4N5lZvn5PArCOPO0tI8SCa2B9bvDTyy8Mh6KSrf72iRMMjmLk+kZBhKsvLeiNw==","d0fee":200,"fee0":5.8,"nonceStr":"iHmX0cTrdRX9BEqVIGhl4XhlUB495LUk","pointsType":0,"provinceCode":"320000","sign":"6ba9dc61b2e68ed8776c5fafdce798fc"}

[2018-03-15 18:59:36]API3:
array (
  'isSuccess' => false,
  'message' => '此卡已经进件',
  'code' => '00',
)

[2018-03-15 19:03:02]API1:
address=南京市&appId=10058951&cityCode=320100&customerInfo=FkP+u1O0k5onmm7wgiGPyK8P4N5lZvn5PArCOPO0tI8SCa2B9bvDTyy8Mh6KSrf72iRMMjmLk+kZBhKsvLeiNw==&d0fee=200&fee0=5.8&nonceStr=h3JfvD3GI4qmZOtSfpnwblDg6WEKAlfX&pointsType=0&provinceCode=320000&key=092685c0a6e642b492b9f23a6f07509f

[2018-03-15 19:03:02]API2:
{"address":"\u5357\u4eac\u5e02","appId":"10058951","cityCode":"320100","customerInfo":"FkP+u1O0k5onmm7wgiGPyK8P4N5lZvn5PArCOPO0tI8SCa2B9bvDTyy8Mh6KSrf72iRMMjmLk+kZBhKsvLeiNw==","d0fee":200,"fee0":5.8,"nonceStr":"h3JfvD3GI4qmZOtSfpnwblDg6WEKAlfX","pointsType":0,"provinceCode":"320000","sign":"f7d8b0b2fbbdcace5b7ebbaa24e9a355"}

[2018-03-15 19:05:19]updateAPI1:
appId=10058951&cityCode=320100&customerInfo=FkP+u1O0k5onmm7wgiGPyK8P4N5lZvn5PArCOPO0tI8SCa2B9bvDTyy8Mh6KSrf72iRMMjmLk+kZBhKsvLeiNw==&d0fee=200&fee0=5.8&mchId=19003971&nonceStr=uULVQFHZV1bz4e6pyDSDKUrY7H4aBRdP&provinceCode=320000&key=092685c0a6e642b492b9f23a6f07509f

[2018-03-15 19:05:19]updateAPI2:
{"appId":"10058951","mchId":"19003971","cityCode":"320100","customerInfo":"FkP+u1O0k5onmm7wgiGPyK8P4N5lZvn5PArCOPO0tI8SCa2B9bvDTyy8Mh6KSrf72iRMMjmLk+kZBhKsvLeiNw==","d0fee":"200","fee0":"5.8","nonceStr":"uULVQFHZV1bz4e6pyDSDKUrY7H4aBRdP","provinceCode":"320000","sign":"d1cd2b302661a23fbf836188809dd51f"}

[2018-03-15 19:05:19]updateAPI3:
array (
  'isSuccess' => true,
  'message' => '修改成功',
  'code' => '00',
)

