[2018-03-18 14:00:50]API1:
address=南京市&appId=10058951&cityCode=320100&customerInfo=7mouVeX8YpBNVKRHeP/2g17jlKvcPpMsHJ5uee7j6javeT100m7L5DJn6V2lIpslxQA52x0CW/fTiE7TW4vfEQ==&d0fee=200&fee0=5.5&nonceStr=bbjh1LRFg9yChBCKvoJx9YqFsALd30Da&pointsType=0&provinceCode=320000&key=092685c0a6e642b492b9f23a6f07509f

[2018-03-18 14:00:50]API2:
{"address":"\u5357\u4eac\u5e02","appId":"10058951","cityCode":"320100","customerInfo":"7mouVeX8YpBNVKRHeP\/2g17jlKvcPpMsHJ5uee7j6javeT100m7L5DJn6V2lIpslxQA52x0CW\/fTiE7TW4vfEQ==","d0fee":200,"fee0":5.5,"nonceStr":"bbjh1LRFg9yChBCKvoJx9YqFsALd30Da","pointsType":0,"provinceCode":"320000","sign":"2aeee665066de903a844a6739dd664b0"}

[2018-03-18 14:00:52]API3:
array (
  'isSuccess' => true,
  'message' => '进件成功！',
  'code' => '00',
  'data' => 19011171,
)

[2018-03-18 15:07:48]API1:
address=南京市&appId=10058951&cityCode=320100&customerInfo=7mouVeX8YpCZ3m9lg/gT+w77xxFR56fAbT88C+tb2QkePP5HjltUnc6TRTXSJO4I5DsNI1WAobFt68sAcDYtfQ==&d0fee=200&fee0=5.5&nonceStr=TmNOpLxJnnlxqKNQtZ14MBfuOlGNCvey&pointsType=0&provinceCode=320000&key=092685c0a6e642b492b9f23a6f07509f

[2018-03-18 15:07:48]API2:
{"address":"\u5357\u4eac\u5e02","appId":"10058951","cityCode":"320100","customerInfo":"7mouVeX8YpCZ3m9lg\/gT+w77xxFR56fAbT88C+tb2QkePP5HjltUnc6TRTXSJO4I5DsNI1WAobFt68sAcDYtfQ==","d0fee":200,"fee0":5.5,"nonceStr":"TmNOpLxJnnlxqKNQtZ14MBfuOlGNCvey","pointsType":0,"provinceCode":"320000","sign":"e9a9a4030982ceb821052b2bdeb60b27"}

[2018-03-18 15:07:50]API3:
array (
  'isSuccess' => true,
  'message' => '进件成功！',
  'code' => '00',
  'data' => 19011366,
)

