[2018-03-10 09:03:09]API1:
address=南京市&appId=10058951&cityCode=320100&customerInfo=jUjNOPJ5cIEyfcJNraBtLSfZAvVV7XPcwZx2vQ3/hPXgk4X0X4m8nOanmwEQtgDm6h6DWvTlY6YmZbTODvTTUg==&d0fee=200&fee0=5.8&nonceStr=D4wbPEEks7mUWU74rob7UHcPsZ1A7vmH&pointsType=0&provinceCode=320000&key=092685c0a6e642b492b9f23a6f07509f

[2018-03-10 09:03:09]API2:
{"address":"\u5357\u4eac\u5e02","appId":"10058951","cityCode":"320100","customerInfo":"jUjNOPJ5cIEyfcJNraBtLSfZAvVV7XPcwZx2vQ3\/hPXgk4X0X4m8nOanmwEQtgDm6h6DWvTlY6YmZbTODvTTUg==","d0fee":200,"fee0":5.8,"nonceStr":"D4wbPEEks7mUWU74rob7UHcPsZ1A7vmH","pointsType":0,"provinceCode":"320000","sign":"884aaacfbb5db3e80bb6fca9e7adbbd6"}

[2018-03-10 09:03:09]API3:
array (
  'isSuccess' => true,
  'message' => '进件成功！',
  'code' => '00',
  'data' => 19003375,
)

[2018-03-10 09:15:10]updateAPI1:
appId=10058951&cityCode=320100&customerInfo=jUjNOPJ5cIEyfcJNraBtLSfZAvVV7XPcwZx2vQ3/hPXgk4X0X4m8nOanmwEQtgDm6h6DWvTlY6YmZbTODvTTUg==&d0fee=200&fee0=4.5&mchId=19003375&nonceStr=xPv6uTsAoAcwyZEIn2A8tY18Fnf4Vtrl&provinceCode=320000&key=092685c0a6e642b492b9f23a6f07509f

[2018-03-10 09:15:10]updateAPI2:
{"appId":"10058951","mchId":"19003375","cityCode":"320100","customerInfo":"jUjNOPJ5cIEyfcJNraBtLSfZAvVV7XPcwZx2vQ3\/hPXgk4X0X4m8nOanmwEQtgDm6h6DWvTlY6YmZbTODvTTUg==","d0fee":"200","fee0":"4.5","nonceStr":"xPv6uTsAoAcwyZEIn2A8tY18Fnf4Vtrl","provinceCode":"320000","sign":"c31171b130425dd0e20c2a715c251b39"}

[2018-03-10 09:15:11]updateAPI3:
array (
  'isSuccess' => true,
  'message' => '修改成功',
  'code' => '00',
)

[2018-03-10 11:34:21]updateAPI1:
appId=10058951&cityCode=320100&customerInfo=jUjNOPJ5cIEyfcJNraBtLSfZAvVV7XPcwZx2vQ3/hPXgk4X0X4m8nOanmwEQtgDm6h6DWvTlY6YmZbTODvTTUg==&d0fee=200&fee0=5.8&mchId=19003375&nonceStr=OVGbwYIMMM9AZDS1yiMwEoqoKDFX9fV5&provinceCode=320000&key=092685c0a6e642b492b9f23a6f07509f

[2018-03-10 11:34:21]updateAPI2:
{"appId":"10058951","mchId":"19003375","cityCode":"320100","customerInfo":"jUjNOPJ5cIEyfcJNraBtLSfZAvVV7XPcwZx2vQ3\/hPXgk4X0X4m8nOanmwEQtgDm6h6DWvTlY6YmZbTODvTTUg==","d0fee":"200","fee0":"5.8","nonceStr":"OVGbwYIMMM9AZDS1yiMwEoqoKDFX9fV5","provinceCode":"320000","sign":"441bd847bb76d33e5736a8d62c032b96"}

[2018-03-10 11:34:22]updateAPI3:
array (
  'isSuccess' => true,
  'message' => '修改成功',
  'code' => '00',
)

[2018-03-10 11:37:51]updateAPI1:
appId=10058951&cityCode=320100&customerInfo=jUjNOPJ5cIEyfcJNraBtLSfZAvVV7XPcwZx2vQ3/hPXgk4X0X4m8nOanmwEQtgDm6h6DWvTlY6YmZbTODvTTUg==&d0fee=200&fee0=4.5&mchId=19003375&nonceStr=mhUqh7XVwzHIvQxmFd1YDoJPJOCOxgMq&provinceCode=320000&key=092685c0a6e642b492b9f23a6f07509f

[2018-03-10 11:37:51]updateAPI2:
{"appId":"10058951","mchId":"19003375","cityCode":"320100","customerInfo":"jUjNOPJ5cIEyfcJNraBtLSfZAvVV7XPcwZx2vQ3\/hPXgk4X0X4m8nOanmwEQtgDm6h6DWvTlY6YmZbTODvTTUg==","d0fee":"200","fee0":"4.5","nonceStr":"mhUqh7XVwzHIvQxmFd1YDoJPJOCOxgMq","provinceCode":"320000","sign":"49032bd12a3a594d0cadd136062f9afc"}

[2018-03-10 11:37:51]updateAPI3:
array (
  'isSuccess' => true,
  'message' => '修改成功',
  'code' => '00',
)

