[2018-03-13 14:47:02]API1:
address=南京市&appId=10058951&cityCode=320100&customerInfo=Z9DWJn/kTVbhgs4ttOFbZGB3DaWZZgu7a72Sk7M1xoGW3swAMX4PQ7RCkkHobOuaMIOyUWQYWVCy9pE87ZqSRA==&d0fee=200&fee0=5&nonceStr=7KKkFgpfZw39VPFDLDhHx7CZMbu4dFXr&pointsType=0&provinceCode=320000&key=092685c0a6e642b492b9f23a6f07509f

[2018-03-13 14:47:02]API2:
{"address":"\u5357\u4eac\u5e02","appId":"10058951","cityCode":"320100","customerInfo":"Z9DWJn\/kTVbhgs4ttOFbZGB3DaWZZgu7a72Sk7M1xoGW3swAMX4PQ7RCkkHobOuaMIOyUWQYWVCy9pE87ZqSRA==","d0fee":200,"fee0":5,"nonceStr":"7KKkFgpfZw39VPFDLDhHx7CZMbu4dFXr","pointsType":0,"provinceCode":"320000","sign":"aa36685ce1070dc354b0e850fdb96050"}

[2018-03-13 14:47:02]API3:
array (
  'isSuccess' => true,
  'message' => '进件成功！',
  'code' => '00',
  'data' => 19003644,
)

[2018-03-13 18:12:21]API1:
address=南京市&appId=10058951&cityCode=320100&customerInfo=XhLK/4SiceWTmtgFwnGEXqCA/Eukz2s68NggtrtSQ5i6Mvi7dKkUHMxh7fU64qBwkcH9NJ3Mvq7dMvTE9Zxgqw==&d0fee=200&fee0=5.8&nonceStr=TS4vj9rghaI1URpBHZy4CBtBciVuYRIn&pointsType=0&provinceCode=320000&key=092685c0a6e642b492b9f23a6f07509f

[2018-03-13 18:12:21]API2:
{"address":"\u5357\u4eac\u5e02","appId":"10058951","cityCode":"320100","customerInfo":"XhLK\/4SiceWTmtgFwnGEXqCA\/Eukz2s68NggtrtSQ5i6Mvi7dKkUHMxh7fU64qBwkcH9NJ3Mvq7dMvTE9Zxgqw==","d0fee":200,"fee0":5.8,"nonceStr":"TS4vj9rghaI1URpBHZy4CBtBciVuYRIn","pointsType":0,"provinceCode":"320000","sign":"5b5b4c05f00bec9a69e03a9e6ee26b54"}

[2018-03-13 18:12:21]API3:
array (
  'isSuccess' => true,
  'message' => '进件成功！',
  'code' => '00',
  'data' => 19003675,
)

[2018-03-13 18:14:41]API1:
address=南京市&appId=10058951&cityCode=320100&customerInfo=bpOaFEcKN8sDTLx6y60CizCNd+1DvhZzcDVwnRWHsghJ6VfhhM+kr225A8+e56QcHGnjMO4aId3c6GZ2hGAf3Q==&d0fee=200&fee0=5.8&nonceStr=34ePV8blsgk310XSdsfQv3noAWzjk6z7&pointsType=0&provinceCode=320000&key=092685c0a6e642b492b9f23a6f07509f

[2018-03-13 18:14:41]API2:
{"address":"\u5357\u4eac\u5e02","appId":"10058951","cityCode":"320100","customerInfo":"bpOaFEcKN8sDTLx6y60CizCNd+1DvhZzcDVwnRWHsghJ6VfhhM+kr225A8+e56QcHGnjMO4aId3c6GZ2hGAf3Q==","d0fee":200,"fee0":5.8,"nonceStr":"34ePV8blsgk310XSdsfQv3noAWzjk6z7","pointsType":0,"provinceCode":"320000","sign":"a41484a94e151d8157ea941800eb5a23"}

[2018-03-13 18:14:42]API3:
array (
  'isSuccess' => true,
  'message' => '进件成功！',
  'code' => '00',
  'data' => 19003677,
)

[2018-03-13 18:39:16]API1:
address=南京市&appId=10058951&cityCode=320100&customerInfo=bpOaFEcKN8tr8YC5nRpItsPYmXo4wbGi2E3NVczqBWhe9gVZtq5eybL88uFE9q+RA0yOUHKrwIAs2CnbLlojyg==&d0fee=200&fee0=5&nonceStr=yVLtWJkspPksrd13F9ubAoZbNN6h7j0c&pointsType=0&provinceCode=320000&key=092685c0a6e642b492b9f23a6f07509f

[2018-03-13 18:39:16]API2:
{"address":"\u5357\u4eac\u5e02","appId":"10058951","cityCode":"320100","customerInfo":"bpOaFEcKN8tr8YC5nRpItsPYmXo4wbGi2E3NVczqBWhe9gVZtq5eybL88uFE9q+RA0yOUHKrwIAs2CnbLlojyg==","d0fee":200,"fee0":5,"nonceStr":"yVLtWJkspPksrd13F9ubAoZbNN6h7j0c","pointsType":0,"provinceCode":"320000","sign":"2a147a9084730611274673a01843c8d6"}

[2018-03-13 18:39:16]API3:
array (
  'isSuccess' => true,
  'message' => '进件成功！',
  'code' => '00',
  'data' => 19003678,
)

