[2018-03-10 10:55:08]API1:
appId=10058951&cardNumber=0&cvn=0&expireDate=0&mchId=19003375&name=0&nonceStr=OtN6RUy5J3dyCRy2ymjfoupKXSon63kO&tel=0&key=092685c0a6e642b492b9f23a6f07509f

[2018-03-10 10:55:08]API2:
{"appId":"10058951","cardNumber":"0","cvn":"0","expireDate":"0","mchId":"19003375","name":"0","nonceStr":"OtN6RUy5J3dyCRy2ymjfoupKXSon63kO","tel":"0","sign":"c51d9ee7b45a2ff772cfaa8cd53dadf1"}

[2018-03-10 10:55:08]API3:
array (
  'code' => '110000',
  'message' => 'String index out of range: -1',
  'isSuccess' => false,
)

[2018-03-10 10:57:36]API1:
appId=10058951&cardNumber=0&cvn=0&expireDate=0&mchId=19003375&name=0&nonceStr=pj7MXUjgtOtRIVCXTgaVeS9kwuoK9ZNy&tel=0&key=092685c0a6e642b492b9f23a6f07509f

[2018-03-10 10:57:36]API2:
{"appId":"10058951","cardNumber":"0","cvn":"0","expireDate":"0","mchId":"19003375","name":"0","nonceStr":"pj7MXUjgtOtRIVCXTgaVeS9kwuoK9ZNy","tel":"0","sign":"d6deb8ed59e4475a06e167117629c4d7"}

[2018-03-10 10:57:36]API3:
array (
  'code' => '110000',
  'message' => 'String index out of range: -1',
  'isSuccess' => false,
)

[2018-03-10 11:00:02]API1:
appId=10058951&cardNumber=6229225148455103&cvn=062&expireDate=0926&mchId=19003375&name=卞荣强&nonceStr=HDJBAkccO69YkyCExLbqOo5Te44YoVms&tel=13371353533&key=092685c0a6e642b492b9f23a6f07509f

[2018-03-10 11:00:02]API2:
{"appId":"10058951","cardNumber":"6229225148455103","cvn":"062","expireDate":"0926","mchId":"19003375","name":"\u535e\u8363\u5f3a","nonceStr":"HDJBAkccO69YkyCExLbqOo5Te44YoVms","tel":"13371353533","sign":"c58d11d04ba5b2c021fdd7219ce1b27a"}

[2018-03-10 11:00:03]API3:
array (
  'code' => '110000',
  'message' => '支付卡已超过有效期[1000054]',
  'isSuccess' => false,
)

[2018-03-10 11:07:59]API1:
appId=10058951&cardNumber=6225780602751474&cvn=771&expireDate=1222&mchId=19003375&name=卞荣强&nonceStr=kwQcPamrdm2wt9ym9s9xg85syBYSYWWO&tel=13371353533&key=092685c0a6e642b492b9f23a6f07509f

[2018-03-10 11:07:59]API2:
{"appId":"10058951","cardNumber":"6225780602751474","cvn":"771","expireDate":"1222","mchId":"19003375","name":"\u535e\u8363\u5f3a","nonceStr":"kwQcPamrdm2wt9ym9s9xg85syBYSYWWO","tel":"13371353533","sign":"d09a438261e67970de196d22419859a1"}

[2018-03-10 11:08:00]API3:
array (
  'isSuccess' => true,
  'message' => '开通成功！',
  'code' => '00',
)

[2018-03-10 11:34:24]API1:
appId=10058951&cardNumber=6229225148455103&cvn=062&expireDate=0926&mchId=19003375&name=卞荣强&nonceStr=5jyax1Z4tbvnZOeDMFsMqPskcTbe9DYJ&tel=13371353533&key=092685c0a6e642b492b9f23a6f07509f

[2018-03-10 11:34:24]API2:
{"appId":"10058951","cardNumber":"6229225148455103","cvn":"062","expireDate":"0926","mchId":"19003375","name":"\u535e\u8363\u5f3a","nonceStr":"5jyax1Z4tbvnZOeDMFsMqPskcTbe9DYJ","tel":"13371353533","sign":"0e4f56097f7489bf014e25e2b76af3f6"}

[2018-03-10 11:34:25]API3:
array (
  'code' => '110000',
  'message' => '支付卡已超过有效期[1000054]',
  'isSuccess' => false,
)

[2018-03-10 11:37:52]API1:
appId=10058951&cardNumber=6229225148455103&cvn=062&expireDate=0927&mchId=19003375&name=卞荣强&nonceStr=MUa5ulZgSdR27o8NkTvR05L7aQnmXCVW&tel=13371353533&key=092685c0a6e642b492b9f23a6f07509f

[2018-03-10 11:37:52]API2:
{"appId":"10058951","cardNumber":"6229225148455103","cvn":"062","expireDate":"0927","mchId":"19003375","name":"\u535e\u8363\u5f3a","nonceStr":"MUa5ulZgSdR27o8NkTvR05L7aQnmXCVW","tel":"13371353533","sign":"4070f9b47e9744ba1c3bace4e11bf027"}

[2018-03-10 11:37:54]API3:
array (
  'isSuccess' => true,
  'message' => '开通成功！',
  'code' => '00',
)

