[2018-03-15 14:50:19]API2:
{"orderNo":"10001000302156","smsCode":"828364"}

[2018-03-15 14:50:22]API3:
array (
  'isSuccess' => true,
  'message' => '交易请求成功！',
  'code' => '00',
  'data' => 
  array (
    'orderNo' => '10001000302156',
    'agentOrderNo' => 'QZ2018031515210965603',
    'totalFee' => 19900,
    'mchId' => '19003678',
    'tradeTime' => '2018-03-15 14:49:27',
    'state' => '2',
    'stateMsg' => '支付完成',
  ),
)

[2018-03-15 21:10:29]API2:
{"orderNo":"10001000302226","smsCode":"404701"}

[2018-03-15 21:10:31]API3:
array (
  'code' => '77',
  'message' => '银行卡未开通认证支付[6100060]',
  'isSuccess' => false,
)

