[2018-03-10 09:16:19]API0:
6229225148455103|卞荣强|371325198604214013|13371353533

[2018-03-10 09:16:19]API1:
agentOrderNo=QZ201803101520644574&appId=10058951&customerInfo=Td09CJwr9sbIHswW7mGsoifZAvVV7XPcwZx2vQ3/hPXgk4X0X4m8nOanmwEQtgDm6h6DWvTlY6YmZbTODvTTUg==&cvn2=062&mchId=19003375&nonceStr=IgYUnZmwOo97cXcgtyfEWCd1ukkXEM9o&notifyUrl=http://hk.2bku.cn/admin/m/wxpay/notify_url_xj_api.php&key=092685c0a6e642b492b9f23a6f07509f

[2018-03-10 09:16:19]API2:
{"agentOrderNo":"QZ201803101520644574","appId":"10058951","customerInfo":"Td09CJwr9sbIHswW7mGsoifZAvVV7XPcwZx2vQ3\/hPXgk4X0X4m8nOanmwEQtgDm6h6DWvTlY6YmZbTODvTTUg==","cvn2":"062","totalFee":10300,"mchId":"19003375","nonceStr":"IgYUnZmwOo97cXcgtyfEWCd1ukkXEM9o","notifyUrl":"http:\/\/hk.2bku.cn\/admin\/m\/wxpay\/notify_url_xj_api.php","sign":"397576c6cc04e75987b2be0f1611b479"}

[2018-03-10 09:16:22]API3:
array (
  'isSuccess' => true,
  'message' => '交易请求成功！',
  'code' => '00',
  'data' => 
  array (
    'orderNo' => '10001000301666',
    'agentOrderNo' => 'QZ201803101520644574',
    'totalFee' => 10300,
    'mchId' => '19003375',
    'tradeTime' => '2018-03-10 09:16:19',
    'state' => '0',
    'stateMsg' => '支付中',
  ),
)

[2018-03-10 09:22:58]API0:
6229225148455103|卞荣强|371325198604214013|13371353533

[2018-03-10 09:22:58]API1:
agentOrderNo=QZ201803101520644969&appId=10058951&customerInfo=Td09CJwr9sbIHswW7mGsoifZAvVV7XPcwZx2vQ3/hPXgk4X0X4m8nOanmwEQtgDm6h6DWvTlY6YmZbTODvTTUg==&cvn2=062&mchId=19003375&nonceStr=DMfLyQKVHfZHsP4ODGuy6RetzPLLisVM&notifyUrl=http://hk.2bku.cn/admin/m/wxpay/notify_url_xj_api.php&key=092685c0a6e642b492b9f23a6f07509f

[2018-03-10 09:22:58]API2:
{"agentOrderNo":"QZ201803101520644969","appId":"10058951","customerInfo":"Td09CJwr9sbIHswW7mGsoifZAvVV7XPcwZx2vQ3\/hPXgk4X0X4m8nOanmwEQtgDm6h6DWvTlY6YmZbTODvTTUg==","cvn2":"062","totalFee":10140,"mchId":"19003375","nonceStr":"DMfLyQKVHfZHsP4ODGuy6RetzPLLisVM","notifyUrl":"http:\/\/hk.2bku.cn\/admin\/m\/wxpay\/notify_url_xj_api.php","sign":"76157124ae17fd5d0cb12a12a6c1128d"}

[2018-03-10 09:23:01]API3:
array (
  'isSuccess' => true,
  'message' => '交易请求成功！',
  'code' => '00',
  'data' => 
  array (
    'orderNo' => '10001000301667',
    'agentOrderNo' => 'QZ201803101520644969',
    'totalFee' => 10140,
    'mchId' => '19003375',
    'tradeTime' => '2018-03-10 09:22:58',
    'state' => '0',
    'stateMsg' => '支付中',
  ),
)

[2018-03-10 09:26:01]API0:
6229225148455103|卞荣强|371325198604214013|13371353533

[2018-03-10 09:26:01]API1:
agentOrderNo=QZ201803101520645147&appId=10058951&customerInfo=Td09CJwr9sbIHswW7mGsoifZAvVV7XPcwZx2vQ3/hPXgk4X0X4m8nOanmwEQtgDm6h6DWvTlY6YmZbTODvTTUg==&cvn2=062&mchId=19003375&nonceStr=omACpQh1PBPGe5wiFbE6woRLszPEyV3s&notifyUrl=http://hk.2bku.cn/admin/m/wxpay/notify_url_xj_api.php&key=092685c0a6e642b492b9f23a6f07509f

[2018-03-10 09:26:01]API2:
{"agentOrderNo":"QZ201803101520645147","appId":"10058951","customerInfo":"Td09CJwr9sbIHswW7mGsoifZAvVV7XPcwZx2vQ3\/hPXgk4X0X4m8nOanmwEQtgDm6h6DWvTlY6YmZbTODvTTUg==","cvn2":"062","totalFee":10150,"mchId":"19003375","nonceStr":"omACpQh1PBPGe5wiFbE6woRLszPEyV3s","notifyUrl":"http:\/\/hk.2bku.cn\/admin\/m\/wxpay\/notify_url_xj_api.php","sign":"f2eeaf05825b8b06a8a2337536305b0b"}

[2018-03-10 09:26:02]API3:
array (
  'isSuccess' => true,
  'message' => '交易请求成功！',
  'code' => '00',
  'data' => 
  array (
    'orderNo' => '10001000301668',
    'agentOrderNo' => 'QZ201803101520645147',
    'totalFee' => 10150,
    'mchId' => '19003375',
    'tradeTime' => '2018-03-10 09:26:01',
    'state' => '0',
    'stateMsg' => '支付中',
  ),
)

[2018-03-10 09:28:25]API0:
6225780602751474|卞荣强|371325198604214013|13371353533

[2018-03-10 09:28:25]API1:
agentOrderNo=QZ201803101520645295&appId=10058951&customerInfo=xB7pIN5dnK1iNTw6MmCj1CfZAvVV7XPcwZx2vQ3/hPXgk4X0X4m8nOanmwEQtgDm6h6DWvTlY6YmZbTODvTTUg==&cvn2=771&mchId=19003375&nonceStr=ZeuA1sfEuXVhyBPG8lBuHlvsHKF3eUM8&notifyUrl=http://hk.2bku.cn/admin/m/wxpay/notify_url_xj_api.php&key=092685c0a6e642b492b9f23a6f07509f

[2018-03-10 09:28:25]API2:
{"agentOrderNo":"QZ201803101520645295","appId":"10058951","customerInfo":"xB7pIN5dnK1iNTw6MmCj1CfZAvVV7XPcwZx2vQ3\/hPXgk4X0X4m8nOanmwEQtgDm6h6DWvTlY6YmZbTODvTTUg==","cvn2":"771","totalFee":10210,"mchId":"19003375","nonceStr":"ZeuA1sfEuXVhyBPG8lBuHlvsHKF3eUM8","notifyUrl":"http:\/\/hk.2bku.cn\/admin\/m\/wxpay\/notify_url_xj_api.php","sign":"1621c5ffb27c76228e36ac52bceefab7"}

[2018-03-10 09:28:26]API3:
array (
  'isSuccess' => true,
  'message' => '交易请求成功！',
  'code' => '00',
  'data' => 
  array (
    'orderNo' => '10001000301669',
    'agentOrderNo' => 'QZ201803101520645295',
    'totalFee' => 10210,
    'mchId' => '19003375',
    'tradeTime' => '2018-03-10 09:28:25',
    'state' => '0',
    'stateMsg' => '支付中',
  ),
)

[2018-03-10 10:54:33]API0:
6229225148455103|卞荣强|371325198604214013|13371353533

[2018-03-10 10:54:33]API1:
agentOrderNo=QZ201803101520650465&appId=10058951&customerInfo=Td09CJwr9sbIHswW7mGsoifZAvVV7XPcwZx2vQ3/hPXgk4X0X4m8nOanmwEQtgDm6h6DWvTlY6YmZbTODvTTUg==&cvn2=062&mchId=19003375&nonceStr=AAhwvFpg5v2XiYy2blADxNORzvyttTR9&notifyUrl=http://hk.2bku.cn/m/wxpay/notify_url_xj_api.php&key=092685c0a6e642b492b9f23a6f07509f

[2018-03-10 10:54:33]API2:
{"agentOrderNo":"QZ201803101520650465","appId":"10058951","customerInfo":"Td09CJwr9sbIHswW7mGsoifZAvVV7XPcwZx2vQ3\/hPXgk4X0X4m8nOanmwEQtgDm6h6DWvTlY6YmZbTODvTTUg==","cvn2":"062","totalFee":23600,"mchId":"19003375","nonceStr":"AAhwvFpg5v2XiYy2blADxNORzvyttTR9","notifyUrl":"http:\/\/hk.2bku.cn\/m\/wxpay\/notify_url_xj_api.php","sign":"673a79dfa30511b48a3679bb438a8efe"}

[2018-03-10 10:54:33]API3:
array (
  'isSuccess' => true,
  'message' => '交易请求成功！',
  'code' => '00',
  'data' => 
  array (
    'orderNo' => '10001000301673',
    'agentOrderNo' => 'QZ201803101520650465',
    'totalFee' => 23600,
    'mchId' => '19003375',
    'tradeTime' => '2018-03-10 10:54:33',
    'state' => '0',
    'stateMsg' => '支付中',
  ),
)

[2018-03-10 11:08:01]API0:
6225780602751474|卞荣强|371325198604214013|13371353533

[2018-03-10 11:08:01]API1:
agentOrderNo=QZ201803101520651275&appId=10058951&customerInfo=xB7pIN5dnK1iNTw6MmCj1CfZAvVV7XPcwZx2vQ3/hPXgk4X0X4m8nOanmwEQtgDm6h6DWvTlY6YmZbTODvTTUg==&cvn2=771&mchId=19003375&nonceStr=muihbAvqAfZFQgrY5xjZWtbTLIpFM6NM&notifyUrl=http://hk.2bku.cn/m/wxpay/notify_url_xj_api.php&key=092685c0a6e642b492b9f23a6f07509f

[2018-03-10 11:08:01]API2:
{"agentOrderNo":"QZ201803101520651275","appId":"10058951","customerInfo":"xB7pIN5dnK1iNTw6MmCj1CfZAvVV7XPcwZx2vQ3\/hPXgk4X0X4m8nOanmwEQtgDm6h6DWvTlY6YmZbTODvTTUg==","cvn2":"771","totalFee":14200,"mchId":"19003375","nonceStr":"muihbAvqAfZFQgrY5xjZWtbTLIpFM6NM","notifyUrl":"http:\/\/hk.2bku.cn\/m\/wxpay\/notify_url_xj_api.php","sign":"2f3f0d3fcce2c162464af47f93a8223a"}

[2018-03-10 11:08:01]API3:
array (
  'isSuccess' => true,
  'message' => '交易请求成功！',
  'code' => '00',
  'data' => 
  array (
    'orderNo' => '10001000301674',
    'agentOrderNo' => 'QZ201803101520651275',
    'totalFee' => 14200,
    'mchId' => '19003375',
    'tradeTime' => '2018-03-10 11:08:01',
    'state' => '0',
    'stateMsg' => '支付中',
  ),
)

[2018-03-10 11:37:54]API0:
6229225148455103|卞荣强|371325198604214013|13371353533

[2018-03-10 11:37:54]API1:
agentOrderNo=QZ201803101520653065&appId=10058951&customerInfo=Td09CJwr9sbIHswW7mGsoifZAvVV7XPcwZx2vQ3/hPXgk4X0X4m8nOanmwEQtgDm6h6DWvTlY6YmZbTODvTTUg==&cvn2=062&mchId=19003375&nonceStr=B3sdkYq9G5aKHEOalnwwlZcjUDaGxtWg&notifyUrl=http://hk.2bku.cn/m/wxpay/notify_url_xj_api.php&key=092685c0a6e642b492b9f23a6f07509f

[2018-03-10 11:37:54]API2:
{"agentOrderNo":"QZ201803101520653065","appId":"10058951","customerInfo":"Td09CJwr9sbIHswW7mGsoifZAvVV7XPcwZx2vQ3\/hPXgk4X0X4m8nOanmwEQtgDm6h6DWvTlY6YmZbTODvTTUg==","cvn2":"062","totalFee":10120,"mchId":"19003375","nonceStr":"B3sdkYq9G5aKHEOalnwwlZcjUDaGxtWg","notifyUrl":"http:\/\/hk.2bku.cn\/m\/wxpay\/notify_url_xj_api.php","sign":"aeb1c2f8a383d894d105f0aa6426bfb2"}

[2018-03-10 11:37:55]API3:
array (
  'isSuccess' => true,
  'message' => '交易请求成功！',
  'code' => '00',
  'data' => 
  array (
    'orderNo' => '10001000301679',
    'agentOrderNo' => 'QZ201803101520653065',
    'totalFee' => 10120,
    'mchId' => '19003375',
    'tradeTime' => '2018-03-10 11:37:54',
    'state' => '0',
    'stateMsg' => '支付中',
  ),
)

