[2018-03-14 09:46:12]API2:
{"orderNo":"10001000301922","smsCode":"271423"}

[2018-03-14 09:46:14]API3:
array (
  'isSuccess' => true,
  'message' => '交易请求成功！',
  'code' => '00',
  'data' => 
  array (
    'orderNo' => '10001000301922',
    'agentOrderNo' => 'QZ201803141520991955',
    'totalFee' => 12300,
    'mchId' => '19003375',
    'tradeTime' => '2018-03-14 09:46:01',
    'state' => '2',
    'stateMsg' => '支付完成',
  ),
)

[2018-03-14 16:34:50]API2:
{"orderNo":"10001000302106","smsCode":"456548"}

[2018-03-14 16:34:52]API3:
array (
  'isSuccess' => true,
  'message' => '交易请求成功！',
  'code' => '00',
  'data' => 
  array (
    'orderNo' => '10001000302106',
    'agentOrderNo' => 'QZ201803141521016471',
    'totalFee' => 12500,
    'mchId' => '19003375',
    'tradeTime' => '2018-03-14 16:34:36',
    'state' => '2',
    'stateMsg' => '支付完成',
  ),
)

