[2018-03-18 09:33:45]API0:
4581230727658835|陈华军|350623198101014115|13023882599

[2018-03-18 09:33:45]API1:
agentOrderNo=QZ2018031815213368053&appId=10058951&customerInfo=VQaKuLg+1z0w6jbdcq9//jKl1hSEtUPtuH0TTt2xwOkXi7/VjD/0aLg0WxB+DY6bIQedWOv6b3UZBhKsvLeiNw==&cvn2=251&mchId=19003678&nonceStr=PjaRxlzPuZFVGMO5rYTL7sRYEzfDEtSi&notifyUrl=http://hk.2bku.cn/m/wxpay/notify_url_xj_api.php&key=092685c0a6e642b492b9f23a6f07509f

[2018-03-18 09:33:45]API2:
{"agentOrderNo":"QZ2018031815213368053","appId":"10058951","customerInfo":"VQaKuLg+1z0w6jbdcq9\/\/jKl1hSEtUPtuH0TTt2xwOkXi7\/VjD\/0aLg0WxB+DY6bIQedWOv6b3UZBhKsvLeiNw==","cvn2":"251","totalFee":40000,"mchId":"19003678","nonceStr":"PjaRxlzPuZFVGMO5rYTL7sRYEzfDEtSi","notifyUrl":"http:\/\/hk.2bku.cn\/m\/wxpay\/notify_url_xj_api.php","sign":"4150a049373caf323cd412a02df24c40"}

[2018-03-18 09:33:45]API3:
array (
  'isSuccess' => true,
  'message' => '交易请求成功！',
  'code' => '00',
  'data' => 
  array (
    'orderNo' => '10001000302336',
    'agentOrderNo' => 'QZ2018031815213368053',
    'totalFee' => 40000,
    'mchId' => '19003678',
    'tradeTime' => '2018-03-18 09:33:45',
    'state' => '0',
    'stateMsg' => '支付中',
  ),
)

[2018-03-18 13:37:43]API0:
5316590000411882|郑宝翰|350125196901120318|18558881309

[2018-03-18 13:37:43]API1:
agentOrderNo=QZ20180318152135141735&appId=10058951&customerInfo=ZvLqYV3C+iNfEf8LSNE/+K8P4N5lZvn5PArCOPO0tI8SCa2B9bvDTyy8Mh6KSrf72iRMMjmLk+kZBhKsvLeiNw==&cvn2=479&mchId=19003971&nonceStr=zHs8nS1JPAbTrxkjvBQ1SuHupiO0aOBB&notifyUrl=http://hk.2bku.cn/m/wxpay/notify_url_xj_api.php&key=092685c0a6e642b492b9f23a6f07509f

[2018-03-18 13:37:43]API2:
{"agentOrderNo":"QZ20180318152135141735","appId":"10058951","customerInfo":"ZvLqYV3C+iNfEf8LSNE\/+K8P4N5lZvn5PArCOPO0tI8SCa2B9bvDTyy8Mh6KSrf72iRMMjmLk+kZBhKsvLeiNw==","cvn2":"479","totalFee":800000,"mchId":"19003971","nonceStr":"zHs8nS1JPAbTrxkjvBQ1SuHupiO0aOBB","notifyUrl":"http:\/\/hk.2bku.cn\/m\/wxpay\/notify_url_xj_api.php","sign":"8368391694e6e223995d6d753bf77654"}

[2018-03-18 13:37:44]API3:
array (
  'isSuccess' => true,
  'message' => '交易请求成功！',
  'code' => '00',
  'data' => 
  array (
    'orderNo' => '10001000302347',
    'agentOrderNo' => 'QZ20180318152135141735',
    'totalFee' => 800000,
    'mchId' => '19003971',
    'tradeTime' => '2018-03-18 13:37:43',
    'state' => '0',
    'stateMsg' => '支付中',
  ),
)

[2018-03-18 14:41:41]API0:
6225780602751474|卞荣强|371325198604214013|13371353533

[2018-03-18 14:41:41]API1:
agentOrderNo=QZ20180318152135529312&appId=10058951&customerInfo=xB7pIN5dnK1iNTw6MmCj1CfZAvVV7XPcwZx2vQ3/hPXgk4X0X4m8nOanmwEQtgDm6h6DWvTlY6YmZbTODvTTUg==&cvn2=771&mchId=19003375&nonceStr=YvARKU2b5mVyuhazMvUt5yKTGW5rv8f3&notifyUrl=http://hk.2bku.cn/m/wxpay/notify_url_xj_api.php&key=092685c0a6e642b492b9f23a6f07509f

[2018-03-18 14:41:41]API2:
{"agentOrderNo":"QZ20180318152135529312","appId":"10058951","customerInfo":"xB7pIN5dnK1iNTw6MmCj1CfZAvVV7XPcwZx2vQ3\/hPXgk4X0X4m8nOanmwEQtgDm6h6DWvTlY6YmZbTODvTTUg==","cvn2":"771","totalFee":12500,"mchId":"19003375","nonceStr":"YvARKU2b5mVyuhazMvUt5yKTGW5rv8f3","notifyUrl":"http:\/\/hk.2bku.cn\/m\/wxpay\/notify_url_xj_api.php","sign":"82a5598125c7e2f31f97af4507dc6725"}

[2018-03-18 14:41:42]API3:
array (
  'isSuccess' => true,
  'message' => '交易请求成功！',
  'code' => '00',
  'data' => 
  array (
    'orderNo' => '10001000302349',
    'agentOrderNo' => 'QZ20180318152135529312',
    'totalFee' => 12500,
    'mchId' => '19003375',
    'tradeTime' => '2018-03-18 14:41:41',
    'state' => '0',
    'stateMsg' => '支付中',
  ),
)

[2018-03-18 14:53:00]API0:
5324582095814153|江艳真|352227198111161317|13073983999

[2018-03-18 14:53:00]API1:
agentOrderNo=QZ20180318152135596714&appId=10058951&customerInfo=Z7ZXw/N4alHz2hbdJG2dqVgo6mb7gUzX0/QGXEqZbKo2UzT8/45RHQ5FCWuXE9CP7MyMASz4IqkZBhKsvLeiNw==&cvn2=607&mchId=19003675&nonceStr=2XGu84sJ8fL720nnm4m5gohD4UNxQo3M&notifyUrl=http://hk.2bku.cn/m/wxpay/notify_url_xj_api.php&key=092685c0a6e642b492b9f23a6f07509f

[2018-03-18 14:53:00]API2:
{"agentOrderNo":"QZ20180318152135596714","appId":"10058951","customerInfo":"Z7ZXw\/N4alHz2hbdJG2dqVgo6mb7gUzX0\/QGXEqZbKo2UzT8\/45RHQ5FCWuXE9CP7MyMASz4IqkZBhKsvLeiNw==","cvn2":"607","totalFee":10000,"mchId":"19003675","nonceStr":"2XGu84sJ8fL720nnm4m5gohD4UNxQo3M","notifyUrl":"http:\/\/hk.2bku.cn\/m\/wxpay\/notify_url_xj_api.php","sign":"678024673bfb46ea2fc89ff3cb00096f"}

[2018-03-18 14:53:01]API3:
array (
  'isSuccess' => true,
  'message' => '交易请求成功！',
  'code' => '00',
  'data' => 
  array (
    'orderNo' => '10001000302350',
    'agentOrderNo' => 'QZ20180318152135596714',
    'totalFee' => 10000,
    'mchId' => '19003675',
    'tradeTime' => '2018-03-18 14:53:00',
    'state' => '0',
    'stateMsg' => '支付中',
  ),
)

[2018-03-18 15:20:04]API0:
4581230727658835|陈华军|350623198101014115|13023882599

[2018-03-18 15:20:04]API1:
agentOrderNo=QZ2018031815213575843&appId=10058951&customerInfo=VQaKuLg+1z0w6jbdcq9//jKl1hSEtUPtuH0TTt2xwOkXi7/VjD/0aLg0WxB+DY6bIQedWOv6b3UZBhKsvLeiNw==&cvn2=251&mchId=19003678&nonceStr=jQN9Hg0cWMlYgBUyGReyRehouBSkjnYi&notifyUrl=http://hk.2bku.cn/m/wxpay/notify_url_xj_api.php&key=092685c0a6e642b492b9f23a6f07509f

[2018-03-18 15:20:04]API2:
{"agentOrderNo":"QZ2018031815213575843","appId":"10058951","customerInfo":"VQaKuLg+1z0w6jbdcq9\/\/jKl1hSEtUPtuH0TTt2xwOkXi7\/VjD\/0aLg0WxB+DY6bIQedWOv6b3UZBhKsvLeiNw==","cvn2":"251","totalFee":150000,"mchId":"19003678","nonceStr":"jQN9Hg0cWMlYgBUyGReyRehouBSkjnYi","notifyUrl":"http:\/\/hk.2bku.cn\/m\/wxpay\/notify_url_xj_api.php","sign":"a54c2aa046c1f71127d66621c2a60349"}

[2018-03-18 15:20:04]API3:
array (
  'isSuccess' => true,
  'message' => '交易请求成功！',
  'code' => '00',
  'data' => 
  array (
    'orderNo' => '10001000302352',
    'agentOrderNo' => 'QZ2018031815213575843',
    'totalFee' => 150000,
    'mchId' => '19003678',
    'tradeTime' => '2018-03-18 15:20:04',
    'state' => '0',
    'stateMsg' => '支付中',
  ),
)

