[2018-03-10 09:26:18]API2:
{"orderNo":"10001000301668","smsCode":"148251"}

[2018-03-10 09:26:21]API3:
array (
  'code' => '77',
  'message' => '银行卡未开通认证支付[6100060]',
  'isSuccess' => false,
)

[2018-03-10 09:28:38]API2:
{"orderNo":"10001000301669","smsCode":"550635"}

[2018-03-10 09:28:40]API3:
array (
  'code' => '05',
  'message' => '交易已受理，请稍后查询交易结果[6154037]',
  'isSuccess' => false,
)

[2018-03-10 09:32:21]API2:
{"orderNo":"10001000301669","smsCode":"550635"}

[2018-03-10 09:32:23]API3:
array (
  'code' => '71',
  'message' => '动态口令或短信验证码校验失败[6158087]',
  'isSuccess' => false,
)

