[2018-03-30 13:03:58] request message:
array (
  'service' => 'gbp_same_id_credit_card_pay',
  'reqNo' => 'KFT0987654321',
  'version' => '1.0.0-IEST',
  'charset' => 'utf-8',
  'language' => 'zh_CN',
  'callerIp' => '127.0.0.1',
  'merchantId' => '2018032100095306',
  'productNo' => 'GBPTM002',
  'orderNo' => 'QZ201803281522228383',
  'tradeName' => '酒店预订',
  'tradeTime' => '20180330130358',
  'amount' => 27700,
  'currency' => 'CNY',
  'custBankNo' => '1051000',
  'custBankAccountNo' => '7226365812456244',
  'custBindPhoneNo' => '18754544516',
  'custName' => '樊鑫',
  'custAccountCreditOrDebit' => '2',
  'custCertificationType' => '0',
  'custID' => '51390219960714105X',
  'custCardValidDate' => '0323',
  'custCardCvv2' => '251',
)

[2018-03-30 13:03:59] response message:
'{"reqNo":"KFT0987654321","bankReturnTime":"","channelId":"","errorCode":"20101","failureDetails":"订单号重复","orderNo":"QZ201803281522228383","status":"2","tradeNo":""}'

<------------------------------------------------------------------------------------------------------------->
[2018-03-30 13:03:56] request message:
array (
  'service' => 'gbp_same_id_credit_card_pay',
  'reqNo' => 'KFT0987654321',
  'version' => '1.0.0-IEST',
  'charset' => 'utf-8',
  'language' => 'zh_CN',
  'callerIp' => '127.0.0.1',
  'merchantId' => '2018032100095306',
  'productNo' => 'GBPTM002',
  'orderNo' => 'pay1522389596',
  'tradeName' => '酒店预订',
  'tradeTime' => '20180330130356',
  'amount' => 27700,
  'currency' => 'CNY',
  'custBankNo' => '1051000',
  'custBankAccountNo' => '7226365812456244',
  'custBindPhoneNo' => '18754544516',
  'custName' => '樊鑫',
  'custAccountCreditOrDebit' => '2',
  'custCertificationType' => '0',
  'custID' => '51390219960714105X',
  'custCardValidDate' => '0323',
  'custCardCvv2' => '251',
)

[2018-03-30 13:03:57] response message:
'{"reqNo":"KFT0987654321","bankReturnTime":"20180330135957","channelId":"","errorCode":"","failureDetails":"","orderNo":"pay1522389596","status":"1","tradeNo":""}'

<------------------------------------------------------------------------------------------------------------->
[2018-03-30 14:03:52] request message:
array (
  'service' => 'gbp_same_id_credit_card_pay',
  'reqNo' => 'KFT0987654321',
  'version' => '1.0.0-IEST',
  'charset' => 'utf-8',
  'language' => 'zh_CN',
  'callerIp' => '127.0.0.1',
  'merchantId' => '2018032100095306',
  'productNo' => 'GBPTM002',
  'orderNo' => 'pay1522391212',
  'tradeName' => '酒店预订',
  'tradeTime' => '20180330140352',
  'amount' => 27700,
  'currency' => 'CNY',
  'custBankNo' => '1051000',
  'custBankAccountNo' => '7226365812456244',
  'custBindPhoneNo' => '18754544516',
  'custName' => '樊鑫',
  'custAccountCreditOrDebit' => '2',
  'custCertificationType' => '0',
  'custID' => '51390219960714105X',
  'custCardValidDate' => '0323',
  'custCardCvv2' => '251',
)

[2018-03-30 14:03:53] response message:
'{"reqNo":"KFT0987654321","bankReturnTime":"","channelId":"","errorCode":"20101","failureDetails":"指定日期收款余额不足","orderNo":"pay1522391212","status":"2","tradeNo":""}'

<------------------------------------------------------------------------------------------------------------->
