[2018-03-29 14:03:25] request message:
array (
  'service' => 'gbp_same_id_credit_card_pay',
  'reqNo' => 'KFT0987654321',
  'version' => '1.0.0-IEST',
  'charset' => 'utf-8',
  'language' => 'zh_CN',
  'callerIp' => '127.0.0.1',
  'merchantId' => '2018032100095306',
  'productNo' => 'GBPTM002',
  'orderNo' => 'QZ201803291522305745',
  'tradeName' => '酒店预订',
  'tradeTime' => '20180329140325',
  'amount' => 37700,
  'currency' => 'CNY',
  'custBankNo' => '1051000',
  'custBankAccountNo' => '6227003601472644',
  'custBindPhoneNo' => '18754544516',
  'custName' => '樊鑫',
  'custAccountCreditOrDebit' => '2',
  'custCertificationType' => '0',
  'custID' => '51390219960714105X',
  'custCardValidDate' => '0323',
  'custCardCvv2' => '251',
)

[2018-03-29 14:03:25] response message:
'{"reqNo":"KFT0987654321","bankReturnTime":"","channelId":"","errorCode":"20101","failureDetails":"指定日期收款余额不足","orderNo":"QZ201803291522305745","status":"2","tradeNo":""}'

<------------------------------------------------------------------------------------------------------------->
[2018-03-29 14:03:50] request message:
array (
  'service' => 'gbp_same_id_credit_card_pay',
  'reqNo' => 'KFT0987654321',
  'version' => '1.0.0-IEST',
  'charset' => 'utf-8',
  'language' => 'zh_CN',
  'callerIp' => '127.0.0.1',
  'merchantId' => '2018032100095306',
  'productNo' => 'GBPTM002',
  'orderNo' => 'QZ201803291522305770',
  'tradeName' => '酒店预订',
  'tradeTime' => '20180329140350',
  'amount' => 37700,
  'currency' => 'CNY',
  'custBankNo' => '1051000',
  'custBankAccountNo' => '6227003601472644',
  'custBindPhoneNo' => '18754544516',
  'custName' => '樊鑫',
  'custAccountCreditOrDebit' => '2',
  'custCertificationType' => '0',
  'custID' => '51390219960714105X',
  'custCardValidDate' => '0323',
  'custCardCvv2' => '251',
)

[2018-03-29 14:03:50] response message:
'{"reqNo":"KFT0987654321","bankReturnTime":"","channelId":"","errorCode":"20101","failureDetails":"指定日期收款余额不足","orderNo":"QZ201803291522305770","status":"2","tradeNo":""}'

<------------------------------------------------------------------------------------------------------------->
[2018-03-29 14:03:24] request message:
array (
  'service' => 'gbp_same_id_credit_card_pay',
  'reqNo' => 'KFT0987654321',
  'version' => '1.0.0-IEST',
  'charset' => 'utf-8',
  'language' => 'zh_CN',
  'callerIp' => '127.0.0.1',
  'merchantId' => '2018032100095306',
  'productNo' => 'GBPTM002',
  'orderNo' => 'QZ201803291522305804',
  'tradeName' => '酒店预订',
  'tradeTime' => '20180329140324',
  'amount' => 37700,
  'currency' => 'CNY',
  'custBankNo' => '1051000',
  'custBankAccountNo' => '6227003601472644',
  'custBindPhoneNo' => '18754544516',
  'custName' => '樊鑫',
  'custAccountCreditOrDebit' => '2',
  'custCertificationType' => '0',
  'custID' => '51390219960714105X',
  'custCardValidDate' => '0323',
  'custCardCvv2' => '251',
)

[2018-03-29 14:03:25] response message:
'{"reqNo":"KFT0987654321","bankReturnTime":"","channelId":"","errorCode":"20101","failureDetails":"指定日期收款余额不足","orderNo":"QZ201803291522305804","status":"2","tradeNo":""}'

<------------------------------------------------------------------------------------------------------------->
[2018-03-29 14:03:25] request message:
array (
  'service' => 'gbp_same_id_credit_card_pay',
  'reqNo' => 'KFT0987654321',
  'version' => '1.0.0-IEST',
  'charset' => 'utf-8',
  'language' => 'zh_CN',
  'callerIp' => '127.0.0.1',
  'merchantId' => '2018032100095306',
  'productNo' => 'GBPTM002',
  'orderNo' => 'QZ201803291522305805',
  'tradeName' => '酒店预订',
  'tradeTime' => '20180329140325',
  'amount' => 32700,
  'currency' => 'CNY',
  'custBankNo' => '1051000',
  'custBankAccountNo' => '6227003601472644',
  'custBindPhoneNo' => '18754544516',
  'custName' => '樊鑫',
  'custAccountCreditOrDebit' => '2',
  'custCertificationType' => '0',
  'custID' => '51390219960714105X',
  'custCardValidDate' => '0323',
  'custCardCvv2' => '251',
)

[2018-03-29 14:03:25] response message:
'{"reqNo":"KFT0987654321","bankReturnTime":"","channelId":"","errorCode":"20101","failureDetails":"指定日期收款余额不足","orderNo":"QZ201803291522305805","status":"2","tradeNo":""}'

<------------------------------------------------------------------------------------------------------------->
[2018-03-29 14:03:08] request message:
array (
  'service' => 'gbp_same_id_credit_card_pay',
  'reqNo' => 'KFT0987654321',
  'version' => '1.0.0-IEST',
  'charset' => 'utf-8',
  'language' => 'zh_CN',
  'callerIp' => '127.0.0.1',
  'merchantId' => '2018032100095306',
  'productNo' => 'GBPTM002',
  'orderNo' => 'QZ201803291522306088',
  'tradeName' => '酒店预订',
  'tradeTime' => '20180329140308',
  'amount' => 37700,
  'currency' => 'CNY',
  'custBankNo' => '1051000',
  'custBankAccountNo' => '6227003601472644',
  'custBindPhoneNo' => '18754544516',
  'custName' => '樊鑫',
  'custAccountCreditOrDebit' => '2',
  'custCertificationType' => '0',
  'custID' => '51390219960714105X',
  'custCardValidDate' => '0323',
  'custCardCvv2' => '251',
)

[2018-03-29 14:03:09] response message:
'{"reqNo":"KFT0987654321","bankReturnTime":"","channelId":"","errorCode":"20101","failureDetails":"指定日期收款余额不足","orderNo":"QZ201803291522306088","status":"2","tradeNo":""}'

<------------------------------------------------------------------------------------------------------------->
[2018-03-29 14:03:09] request message:
array (
  'service' => 'gbp_same_id_credit_card_pay',
  'reqNo' => 'KFT0987654321',
  'version' => '1.0.0-IEST',
  'charset' => 'utf-8',
  'language' => 'zh_CN',
  'callerIp' => '127.0.0.1',
  'merchantId' => '2018032100095306',
  'productNo' => 'GBPTM002',
  'orderNo' => 'QZ201803291522306089',
  'tradeName' => '酒店预订',
  'tradeTime' => '20180329140309',
  'amount' => 32700,
  'currency' => 'CNY',
  'custBankNo' => '1051000',
  'custBankAccountNo' => '6227003601472644',
  'custBindPhoneNo' => '18754544516',
  'custName' => '樊鑫',
  'custAccountCreditOrDebit' => '2',
  'custCertificationType' => '0',
  'custID' => '51390219960714105X',
  'custCardValidDate' => '0323',
  'custCardCvv2' => '251',
)

[2018-03-29 14:03:09] response message:
'{"reqNo":"KFT0987654321","bankReturnTime":"","channelId":"","errorCode":"20101","failureDetails":"指定日期收款余额不足","orderNo":"QZ201803291522306089","status":"2","tradeNo":""}'

<------------------------------------------------------------------------------------------------------------->
[2018-03-29 14:03:12] request message:
array (
  'service' => 'gbp_same_id_credit_card_pay',
  'reqNo' => 'KFT0987654321',
  'version' => '1.0.0-IEST',
  'charset' => 'utf-8',
  'language' => 'zh_CN',
  'callerIp' => '127.0.0.1',
  'merchantId' => '2018032100095306',
  'productNo' => 'GBPTM002',
  'orderNo' => 'QZ201803291522306151',
  'tradeName' => '酒店预订',
  'tradeTime' => '20180329140312',
  'amount' => 37700,
  'currency' => 'CNY',
  'custBankNo' => '1051000',
  'custBankAccountNo' => '6227003601472644',
  'custBindPhoneNo' => '18754544516',
  'custName' => '樊鑫',
  'custAccountCreditOrDebit' => '2',
  'custCertificationType' => '0',
  'custID' => '51390219960714105X',
  'custCardValidDate' => '0323',
  'custCardCvv2' => '251',
)

[2018-03-29 14:03:12] response message:
'{"reqNo":"KFT0987654321","bankReturnTime":"","channelId":"","errorCode":"20101","failureDetails":"指定日期收款余额不足","orderNo":"QZ201803291522306151","status":"2","tradeNo":""}'

<------------------------------------------------------------------------------------------------------------->
[2018-03-29 14:03:12] request message:
array (
  'service' => 'gbp_same_id_credit_card_pay',
  'reqNo' => 'KFT0987654321',
  'version' => '1.0.0-IEST',
  'charset' => 'utf-8',
  'language' => 'zh_CN',
  'callerIp' => '127.0.0.1',
  'merchantId' => '2018032100095306',
  'productNo' => 'GBPTM002',
  'orderNo' => 'QZ201803291522306152',
  'tradeName' => '酒店预订',
  'tradeTime' => '20180329140312',
  'amount' => 32700,
  'currency' => 'CNY',
  'custBankNo' => '1051000',
  'custBankAccountNo' => '6227003601472644',
  'custBindPhoneNo' => '18754544516',
  'custName' => '樊鑫',
  'custAccountCreditOrDebit' => '2',
  'custCertificationType' => '0',
  'custID' => '51390219960714105X',
  'custCardValidDate' => '0323',
  'custCardCvv2' => '251',
)

[2018-03-29 14:03:12] response message:
'{"reqNo":"KFT0987654321","bankReturnTime":"","channelId":"","errorCode":"20101","failureDetails":"指定日期收款余额不足","orderNo":"QZ201803291522306152","status":"2","tradeNo":""}'

<------------------------------------------------------------------------------------------------------------->
[2018-03-29 14:03:56] request message:
array (
  'service' => 'gbp_same_id_credit_card_pay',
  'reqNo' => 'KFT0987654321',
  'version' => '1.0.0-IEST',
  'charset' => 'utf-8',
  'language' => 'zh_CN',
  'callerIp' => '127.0.0.1',
  'merchantId' => '2018032100095306',
  'productNo' => 'GBPTM002',
  'orderNo' => 'QZ201803291522306376',
  'tradeName' => '酒店预订',
  'tradeTime' => '20180329140356',
  'amount' => 37700,
  'currency' => 'CNY',
  'custBankNo' => '1051000',
  'custBankAccountNo' => '6227003601472644',
  'custBindPhoneNo' => '18754544516',
  'custName' => '樊鑫',
  'custAccountCreditOrDebit' => '2',
  'custCertificationType' => '0',
  'custID' => '51390219960714105X',
  'custCardValidDate' => '0323',
  'custCardCvv2' => '251',
)

[2018-03-29 14:03:56] response message:
'{"reqNo":"KFT0987654321","bankReturnTime":"","channelId":"","errorCode":"20101","failureDetails":"指定日期收款余额不足","orderNo":"QZ201803291522306376","status":"2","tradeNo":""}'

<------------------------------------------------------------------------------------------------------------->
[2018-03-29 15:03:00] request message:
array (
  'service' => 'gbp_same_id_credit_card_pay',
  'reqNo' => 'KFT0987654321',
  'version' => '1.0.0-IEST',
  'charset' => 'utf-8',
  'language' => 'zh_CN',
  'callerIp' => '127.0.0.1',
  'merchantId' => '2018032100095306',
  'productNo' => 'GBPTM002',
  'orderNo' => 'QZ201803291522306920',
  'tradeName' => '酒店预订',
  'tradeTime' => '20180329150300',
  'amount' => 32700,
  'currency' => 'CNY',
  'custBankNo' => '1051000',
  'custBankAccountNo' => '6227003601472644',
  'custBindPhoneNo' => '18754544516',
  'custName' => '樊鑫',
  'custAccountCreditOrDebit' => '2',
  'custCertificationType' => '0',
  'custID' => '51390219960714105X',
  'custCardValidDate' => '0323',
  'custCardCvv2' => '251',
)

[2018-03-29 15:03:01] response message:
'{"reqNo":"KFT0987654321","bankReturnTime":"","channelId":"","errorCode":"20101","failureDetails":"指定日期收款余额不足","orderNo":"QZ201803291522306920","status":"2","tradeNo":""}'

<------------------------------------------------------------------------------------------------------------->
[2018-03-29 15:03:37] request message:
array (
  'service' => 'gbp_same_id_credit_card_pay',
  'reqNo' => 'KFT0987654321',
  'version' => '1.0.0-IEST',
  'charset' => 'utf-8',
  'language' => 'zh_CN',
  'callerIp' => '127.0.0.1',
  'merchantId' => '2018032100095306',
  'productNo' => 'GBPTM002',
  'orderNo' => 'QZ201803291522307257',
  'tradeName' => '酒店预订',
  'tradeTime' => '20180329150337',
  'amount' => 30200,
  'currency' => 'CNY',
  'custBankNo' => '1051000',
  'custBankAccountNo' => '6227003601472644',
  'custBindPhoneNo' => '18754544516',
  'custName' => '樊鑫',
  'custAccountCreditOrDebit' => '2',
  'custCertificationType' => '0',
  'custID' => '51390219960714105X',
  'custCardValidDate' => '0323',
  'custCardCvv2' => '251',
)

[2018-03-29 15:03:37] response message:
'{"reqNo":"KFT0987654321","bankReturnTime":"","channelId":"","errorCode":"20101","failureDetails":"指定日期收款余额不足","orderNo":"QZ201803291522307257","status":"2","tradeNo":""}'

<------------------------------------------------------------------------------------------------------------->
[2018-03-29 16:03:25] request message:
array (
  'service' => 'gbp_same_id_credit_card_pay',
  'reqNo' => 'KFT0987654321',
  'version' => '1.0.0-IEST',
  'charset' => 'utf-8',
  'language' => 'zh_CN',
  'callerIp' => '127.0.0.1',
  'merchantId' => '2018032100095306',
  'productNo' => 'GBPTM002',
  'orderNo' => 'QZ201803291522313005',
  'tradeName' => '酒店预订',
  'tradeTime' => '20180329160325',
  'amount' => 37700,
  'currency' => 'CNY',
  'custBankNo' => '1051000',
  'custBankAccountNo' => '7226365812456244',
  'custBindPhoneNo' => '18754544516',
  'custName' => '樊鑫',
  'custAccountCreditOrDebit' => '2',
  'custCertificationType' => '0',
  'custID' => '51390219960714105X',
  'custCardValidDate' => '0323',
  'custCardCvv2' => '251',
)

[2018-03-29 16:03:25] response message:
'{"reqNo":"KFT0987654321","bankReturnTime":"","channelId":"","errorCode":"20101","failureDetails":"指定日期收款余额不足","orderNo":"QZ201803291522313005","status":"2","tradeNo":""}'

<------------------------------------------------------------------------------------------------------------->
