[2018-04-02 10:04:17] request message:
array (
  'service' => 'gbp_same_id_credit_card_treaty_collect',
  'reqNo' => 'KFT0987654321',
  'version' => '1.0.0-IEST',
  'charset' => 'utf-8',
  'language' => 'zh_CN',
  'callerIp' => '127.0.0.1',
  'merchantId' => '2018032100095306',
  'orderNo' => 'QZ201804021522636577',
  'productNo' => 'GBPTM004',
  'treatyNo' => '21000000196978',
  'amount' => 37700,
  'tradeTime' => '20180402100417',
  'currency' => 'CNY',
  'custAccountId' => '2',
  'holderName' => '樊鑫',
  'bankType' => '1051000',
  'bankCardNo' => '7226365812456244',
  'rateAmount' => 200,
  'custCardValidDate' => '0323',
  'custCardCvv2' => '251',
)

[2018-04-02 10:04:18] response message:
'{"reqNo":"KFT0987654321","errorCode":"20101","failureDetails":"代扣协议无效","orderNo":"QZ201804021522636577","status":"2"}'

<------------------------------------------------------------------------------------------------------------->
[2018-04-02 10:04:18] request message:
array (
  'service' => 'gbp_same_id_credit_card_treaty_collect',
  'reqNo' => 'KFT0987654321',
  'version' => '1.0.0-IEST',
  'charset' => 'utf-8',
  'language' => 'zh_CN',
  'callerIp' => '127.0.0.1',
  'merchantId' => '2018032100095306',
  'orderNo' => 'QZ201804021522636578',
  'productNo' => 'GBPTM004',
  'treatyNo' => '21000000196978',
  'amount' => 25200,
  'tradeTime' => '20180402100418',
  'currency' => 'CNY',
  'custAccountId' => '2',
  'holderName' => '樊鑫',
  'bankType' => '1051000',
  'bankCardNo' => '7226365812456244',
  'rateAmount' => 200,
  'custCardValidDate' => '0323',
  'custCardCvv2' => '251',
)

[2018-04-02 10:04:18] response message:
'{"reqNo":"KFT0987654321","errorCode":"20101","failureDetails":"代扣协议无效","orderNo":"QZ201804021522636578","status":"2"}'

<------------------------------------------------------------------------------------------------------------->
[2018-04-02 10:04:44] request message:
array (
  'service' => 'gbp_same_id_credit_card_treaty_collect',
  'reqNo' => 'KFT0987654321',
  'version' => '1.0.0-IEST',
  'charset' => 'utf-8',
  'language' => 'zh_CN',
  'callerIp' => '127.0.0.1',
  'merchantId' => '2018032100095306',
  'orderNo' => 'QZ201804021522636784',
  'productNo' => 'GBPTM004',
  'treatyNo' => '21000000197097',
  'amount' => 37700,
  'tradeTime' => '20180402100444',
  'currency' => 'CNY',
  'custAccountId' => '2',
  'holderName' => '樊鑫',
  'bankType' => '1051000',
  'bankCardNo' => '7226365812456244',
  'rateAmount' => 200,
  'custCardValidDate' => '0323',
  'custCardCvv2' => '251',
)

[2018-04-02 10:04:46] response message:
'{"reqNo":"KFT0987654321","errorCode":"","failureDetails":"","orderNo":"QZ201804021522636784","status":"1"}'

<------------------------------------------------------------------------------------------------------------->
[2018-04-02 10:04:46] request message:
array (
  'service' => 'gbp_same_id_credit_card_treaty_collect',
  'reqNo' => 'KFT0987654321',
  'version' => '1.0.0-IEST',
  'charset' => 'utf-8',
  'language' => 'zh_CN',
  'callerIp' => '127.0.0.1',
  'merchantId' => '2018032100095306',
  'orderNo' => 'QZ201804021522636786',
  'productNo' => 'GBPTM004',
  'treatyNo' => '21000000197097',
  'amount' => 31700,
  'tradeTime' => '20180402100446',
  'currency' => 'CNY',
  'custAccountId' => '2',
  'holderName' => '樊鑫',
  'bankType' => '1051000',
  'bankCardNo' => '7226365812456244',
  'rateAmount' => 200,
  'custCardValidDate' => '0323',
  'custCardCvv2' => '251',
)

[2018-04-02 10:04:48] response message:
'{"reqNo":"KFT0987654321","errorCode":"","failureDetails":"","orderNo":"QZ201804021522636786","status":"1"}'

<------------------------------------------------------------------------------------------------------------->
[2018-04-02 10:04:48] request message:
array (
  'service' => 'gbp_same_id_credit_card_treaty_collect',
  'reqNo' => 'KFT0987654321',
  'version' => '1.0.0-IEST',
  'charset' => 'utf-8',
  'language' => 'zh_CN',
  'callerIp' => '127.0.0.1',
  'merchantId' => '2018032100095306',
  'orderNo' => 'QZ201804021522636788',
  'productNo' => 'GBPTM004',
  'treatyNo' => '21000000197097',
  'amount' => 31200,
  'tradeTime' => '20180402100448',
  'currency' => 'CNY',
  'custAccountId' => '2',
  'holderName' => '樊鑫',
  'bankType' => '1051000',
  'bankCardNo' => '7226365812456244',
  'rateAmount' => 200,
  'custCardValidDate' => '0323',
  'custCardCvv2' => '251',
)

[2018-04-02 10:04:48] response message:
'{"reqNo":"KFT0987654321","errorCode":"","failureDetails":"","orderNo":"QZ201804021522636788","status":"1"}'

<------------------------------------------------------------------------------------------------------------->
[2018-04-02 10:04:55] request message:
array (
  'service' => 'gbp_same_id_credit_card_treaty_collect',
  'reqNo' => 'KFT0987654321',
  'version' => '1.0.0-IEST',
  'charset' => 'utf-8',
  'language' => 'zh_CN',
  'callerIp' => '127.0.0.1',
  'merchantId' => '2018032100095306',
  'orderNo' => 'QZ201804021522637335',
  'productNo' => 'GBPTM004',
  'treatyNo' => '21000000197098',
  'amount' => 60200,
  'tradeTime' => '20180402100455',
  'currency' => 'CNY',
  'custAccountId' => '2',
  'holderName' => '樊鑫',
  'bankType' => '1051000',
  'bankCardNo' => '7226365812456244',
  'rateAmount' => 200,
  'custCardValidDate' => '0323',
  'custCardCvv2' => '251',
)

[2018-04-02 10:04:55] response message:
'{"reqNo":"KFT0987654321","errorCode":"20101","failureDetails":"商户手续费金额低于渠道成本","orderNo":"QZ201804021522637335","status":"2"}'

<------------------------------------------------------------------------------------------------------------->
[2018-04-02 10:04:45] request message:
array (
  'service' => 'gbp_same_id_credit_card_treaty_collect',
  'reqNo' => 'KFT0987654321',
  'version' => '1.0.0-IEST',
  'charset' => 'utf-8',
  'language' => 'zh_CN',
  'callerIp' => '127.0.0.1',
  'merchantId' => '2018032100095306',
  'orderNo' => 'QZ201804021522637385',
  'productNo' => 'GBPTM004',
  'treatyNo' => '21000000197098',
  'amount' => 51400,
  'tradeTime' => '20180402100445',
  'currency' => 'CNY',
  'custAccountId' => '2',
  'holderName' => '樊鑫',
  'bankType' => '1051000',
  'bankCardNo' => '7226365812456244',
  'rateAmount' => 200,
  'custCardValidDate' => '0323',
  'custCardCvv2' => '251',
)

[2018-04-02 10:04:46] response message:
'{"reqNo":"KFT0987654321","errorCode":"","failureDetails":"","orderNo":"QZ201804021522637385","status":"1"}'

<------------------------------------------------------------------------------------------------------------->
[2018-04-02 11:04:50] request message:
array (
  'service' => 'gbp_same_id_credit_card_treaty_collect',
  'reqNo' => 'KFT0987654321',
  'version' => '1.0.0-IEST',
  'charset' => 'utf-8',
  'language' => 'zh_CN',
  'callerIp' => '127.0.0.1',
  'merchantId' => '2018032100095306',
  'orderNo' => 'QZ201804021522638050',
  'productNo' => 'GBPTM004',
  'treatyNo' => '21000000197098',
  'amount' => 56200,
  'tradeTime' => '20180402110450',
  'currency' => 'CNY',
  'custAccountId' => '2',
  'holderName' => '樊鑫',
  'bankType' => '1051000',
  'bankCardNo' => '7226365812456244',
  'rateAmount' => 200,
  'custCardValidDate' => '0323',
  'custCardCvv2' => '251',
)

[2018-04-02 11:04:51] response message:
'{"reqNo":"KFT0987654321","errorCode":"20101","failureDetails":"商户手续费金额低于渠道成本","orderNo":"QZ201804021522638050","status":"2"}'

<------------------------------------------------------------------------------------------------------------->
[2018-04-02 11:04:34] request message:
array (
  'service' => 'gbp_same_id_credit_card_treaty_collect',
  'reqNo' => 'KFT0987654321',
  'version' => '1.0.0-IEST',
  'charset' => 'utf-8',
  'language' => 'zh_CN',
  'callerIp' => '127.0.0.1',
  'merchantId' => '2018032100095306',
  'orderNo' => 'QZ201804021522638754',
  'productNo' => 'GBPTM004',
  'treatyNo' => '21000000197098',
  'amount' => 56200,
  'tradeTime' => '20180402110434',
  'currency' => 'CNY',
  'custAccountId' => '2',
  'holderName' => '樊鑫',
  'bankType' => '1051000',
  'bankCardNo' => '7226365812456244',
  'rateAmount' => 200,
  'custCardValidDate' => '0323',
  'custCardCvv2' => '251',
)

[2018-04-02 11:04:34] response message:
'{"reqNo":"KFT0987654321","errorCode":"20101","failureDetails":"商户手续费金额低于渠道成本","orderNo":"QZ201804021522638754","status":"2"}'

<------------------------------------------------------------------------------------------------------------->
[2018-04-02 11:04:35] request message:
array (
  'service' => 'gbp_same_id_credit_card_treaty_collect',
  'reqNo' => 'KFT0987654321',
  'version' => '1.0.0-IEST',
  'charset' => 'utf-8',
  'language' => 'zh_CN',
  'callerIp' => '127.0.0.1',
  'merchantId' => '2018032100095306',
  'orderNo' => 'QZ201804021522640195',
  'productNo' => 'GBPTM004',
  'treatyNo' => '21000000197098',
  'amount' => 56200,
  'tradeTime' => '20180402110435',
  'currency' => 'CNY',
  'custAccountId' => '2',
  'holderName' => '樊鑫',
  'bankType' => '1051000',
  'bankCardNo' => '7226365812456244',
  'rateAmount' => 200,
  'custCardValidDate' => '0323',
  'custCardCvv2' => '251',
)

[2018-04-02 11:04:35] response message:
'{"reqNo":"KFT0987654321","errorCode":"20101","failureDetails":"商户手续费金额低于渠道成本","orderNo":"QZ201804021522640195","status":"2"}'

<------------------------------------------------------------------------------------------------------------->
[2018-04-02 13:04:30] request message:
array (
  'service' => 'gbp_same_id_credit_card_treaty_collect',
  'reqNo' => 'KFT0987654321',
  'version' => '1.0.0-IEST',
  'charset' => 'utf-8',
  'language' => 'zh_CN',
  'callerIp' => '127.0.0.1',
  'merchantId' => '2018032100095306',
  'orderNo' => 'QZ201804021522647690',
  'productNo' => 'GBPTM004',
  'treatyNo' => '21000000197098',
  'amount' => 55400,
  'tradeTime' => '20180402130430',
  'currency' => 'CNY',
  'custAccountId' => '2',
  'holderName' => '樊鑫',
  'bankType' => '1051000',
  'bankCardNo' => '7226365812456244',
  'rateAmount' => 200,
  'custCardValidDate' => '0323',
  'custCardCvv2' => '251',
)

[2018-04-02 13:04:31] response message:
'{"reqNo":"KFT0987654321","errorCode":"20101","failureDetails":"商户手续费金额低于渠道成本","orderNo":"QZ201804021522647690","status":"2"}'

<------------------------------------------------------------------------------------------------------------->
[2018-04-02 13:04:16] request message:
array (
  'service' => 'gbp_same_id_credit_card_treaty_collect',
  'reqNo' => 'KFT0987654321',
  'version' => '1.0.0-IEST',
  'charset' => 'utf-8',
  'language' => 'zh_CN',
  'callerIp' => '127.0.0.1',
  'merchantId' => '2018032100095306',
  'orderNo' => 'QZ201804021522648216',
  'productNo' => 'GBPTM004',
  'treatyNo' => '21000000197098',
  'amount' => 55400,
  'tradeTime' => '20180402130416',
  'currency' => 'CNY',
  'custAccountId' => '2',
  'holderName' => '樊鑫',
  'bankType' => '1051000',
  'bankCardNo' => '7226365812456244',
  'rateAmount' => 200,
  'custCardValidDate' => '0323',
  'custCardCvv2' => '251',
)

[2018-04-02 13:04:16] response message:
'{"reqNo":"KFT0987654321","errorCode":"20101","failureDetails":"商户手续费金额低于渠道成本","orderNo":"QZ201804021522648216","status":"2"}'

<------------------------------------------------------------------------------------------------------------->
[2018-04-02 13:04:25] request message:
array (
  'service' => 'gbp_same_id_credit_card_treaty_collect',
  'reqNo' => 'KFT0987654321',
  'version' => '1.0.0-IEST',
  'charset' => 'utf-8',
  'language' => 'zh_CN',
  'callerIp' => '127.0.0.1',
  'merchantId' => '2018032100095306',
  'orderNo' => 'QZ201804021522648285',
  'productNo' => 'GBPTM004',
  'treatyNo' => '21000000197098',
  'amount' => 55400,
  'tradeTime' => '20180402130425',
  'currency' => 'CNY',
  'custAccountId' => '2',
  'holderName' => '樊鑫',
  'bankType' => '1051000',
  'bankCardNo' => '7226365812456244',
  'rateAmount' => 300,
  'custCardValidDate' => '0323',
  'custCardCvv2' => '251',
)

[2018-04-02 13:04:27] response message:
'{"reqNo":"KFT0987654321","errorCode":"","failureDetails":"","orderNo":"QZ201804021522648285","status":"1"}'

<------------------------------------------------------------------------------------------------------------->
[2018-04-02 15:04:54] request message:
array (
  'service' => 'gbp_same_id_credit_card_treaty_collect',
  'reqNo' => 'KFT0987654321',
  'version' => '1.0.0-IEST',
  'charset' => 'utf-8',
  'language' => 'zh_CN',
  'callerIp' => '127.0.0.1',
  'merchantId' => '2018032100095306',
  'orderNo' => 'QZ201804021522653894',
  'productNo' => 'GBPTM004',
  'treatyNo' => '21000000197098',
  'amount' => 58600,
  'tradeTime' => '20180402150454',
  'currency' => 'CNY',
  'custAccountId' => '2',
  'holderName' => '樊鑫',
  'bankType' => '1051000',
  'bankCardNo' => '7226365812456244',
  'rateAmount' => 0,
  'custCardValidDate' => '0323',
  'custCardCvv2' => '251',
)

[2018-04-02 15:04:54] response message:
'{"reqNo":"KFT0987654321","errorCode":"20101","failureDetails":"交易手续费金额不合法!","orderNo":"QZ201804021522653894","status":"2"}'

<------------------------------------------------------------------------------------------------------------->
[2018-04-02 15:04:03] request message:
array (
  'service' => 'gbp_same_id_credit_card_treaty_collect',
  'reqNo' => 'KFT0987654321',
  'version' => '1.0.0-IEST',
  'charset' => 'utf-8',
  'language' => 'zh_CN',
  'callerIp' => '127.0.0.1',
  'merchantId' => '2018032100095306',
  'orderNo' => 'QZ201804021522654083',
  'productNo' => 'GBPTM004',
  'treatyNo' => '21000000197098',
  'amount' => 58600,
  'tradeTime' => '20180402150403',
  'currency' => 'CNY',
  'custAccountId' => '2',
  'holderName' => '樊鑫',
  'bankType' => '1051000',
  'bankCardNo' => '7226365812456244',
  'rateAmount' => 0,
  'custCardValidDate' => '0323',
  'custCardCvv2' => '251',
)

[2018-04-02 15:04:03] response message:
'{"reqNo":"KFT0987654321","errorCode":"20101","failureDetails":"交易手续费金额不合法!","orderNo":"QZ201804021522654083","status":"2"}'

<------------------------------------------------------------------------------------------------------------->
[2018-04-02 15:04:36] request message:
array (
  'service' => 'gbp_same_id_credit_card_treaty_collect',
  'reqNo' => 'KFT0987654321',
  'version' => '1.0.0-IEST',
  'charset' => 'utf-8',
  'language' => 'zh_CN',
  'callerIp' => '127.0.0.1',
  'merchantId' => '2018032100095306',
  'orderNo' => 'QZ201804021522654176',
  'productNo' => 'GBPTM004',
  'treatyNo' => '21000000197098',
  'amount' => 58600,
  'tradeTime' => '20180402150436',
  'currency' => 'CNY',
  'custAccountId' => '2',
  'holderName' => '樊鑫',
  'bankType' => '1051000',
  'bankCardNo' => '7226365812456244',
  'rateAmount' => 307.83999999999997,
  'custCardValidDate' => '0323',
  'custCardCvv2' => '251',
)

[2018-04-02 15:04:36] response message:
'{"reqNo":"KFT0987654321","errorCode":"20101","failureDetails":"交易手续费金额不合法!","orderNo":"QZ201804021522654176","status":"2"}'

<------------------------------------------------------------------------------------------------------------->
[2018-04-02 15:04:03] request message:
array (
  'service' => 'gbp_same_id_credit_card_treaty_collect',
  'reqNo' => 'KFT0987654321',
  'version' => '1.0.0-IEST',
  'charset' => 'utf-8',
  'language' => 'zh_CN',
  'callerIp' => '127.0.0.1',
  'merchantId' => '2018032100095306',
  'orderNo' => 'QZ201804021522654263',
  'productNo' => 'GBPTM004',
  'treatyNo' => '21000000197098',
  'amount' => 58600,
  'tradeTime' => '20180402150403',
  'currency' => 'CNY',
  'custAccountId' => '2',
  'holderName' => '樊鑫',
  'bankType' => '1051000',
  'bankCardNo' => '7226365812456244',
  'rateAmount' => 307.83999999999997,
  'custCardValidDate' => '0323',
  'custCardCvv2' => '251',
)

[2018-04-02 15:04:03] response message:
'{"reqNo":"KFT0987654321","errorCode":"20101","failureDetails":"交易手续费金额不合法!","orderNo":"QZ201804021522654263","status":"2"}'

<------------------------------------------------------------------------------------------------------------->
[2018-04-02 15:04:07] request message:
array (
  'service' => 'gbp_same_id_credit_card_treaty_collect',
  'reqNo' => 'KFT0987654321',
  'version' => '1.0.0-IEST',
  'charset' => 'utf-8',
  'language' => 'zh_CN',
  'callerIp' => '127.0.0.1',
  'merchantId' => '2018032100095306',
  'orderNo' => 'QZ201804021522654267',
  'productNo' => 'GBPTM004',
  'treatyNo' => '21000000197098',
  'amount' => 58600,
  'tradeTime' => '20180402150407',
  'currency' => 'CNY',
  'custAccountId' => '2',
  'holderName' => '樊鑫',
  'bankType' => '1051000',
  'bankCardNo' => '7226365812456244',
  'rateAmount' => 307.83999999999997,
  'custCardValidDate' => '0323',
  'custCardCvv2' => '251',
)

[2018-04-02 15:04:07] response message:
'{"reqNo":"KFT0987654321","errorCode":"20101","failureDetails":"交易手续费金额不合法!","orderNo":"QZ201804021522654267","status":"2"}'

<------------------------------------------------------------------------------------------------------------->
[2018-04-02 15:04:23] request message:
array (
  'service' => 'gbp_same_id_credit_card_treaty_collect',
  'reqNo' => 'KFT0987654321',
  'version' => '1.0.0-IEST',
  'charset' => 'utf-8',
  'language' => 'zh_CN',
  'callerIp' => '127.0.0.1',
  'merchantId' => '2018032100095306',
  'orderNo' => 'QZ201804021522654523',
  'productNo' => 'GBPTM004',
  'treatyNo' => '21000000197098',
  'amount' => 58600,
  'tradeTime' => '20180402150423',
  'currency' => 'CNY',
  'custAccountId' => '2',
  'holderName' => '樊鑫',
  'bankType' => '1051000',
  'bankCardNo' => '7226365812456244',
  'rateAmount' => 308,
  'custCardValidDate' => '0323',
  'custCardCvv2' => '251',
)

[2018-04-02 15:04:23] response message:
'{"reqNo":"KFT0987654321","errorCode":"","failureDetails":"","orderNo":"QZ201804021522654523","status":"1"}'

<------------------------------------------------------------------------------------------------------------->
[2018-04-02 15:04:23] request message:
array (
  'service' => 'gbp_same_id_credit_card_treaty_collect',
  'reqNo' => 'KFT0987654321',
  'version' => '1.0.0-IEST',
  'charset' => 'utf-8',
  'language' => 'zh_CN',
  'callerIp' => '127.0.0.1',
  'merchantId' => '2018032100095306',
  'orderNo' => 'QZ201804021522654583',
  'productNo' => 'GBPTM004',
  'treatyNo' => '21000000197098',
  'amount' => 57000,
  'tradeTime' => '20180402150423',
  'currency' => 'CNY',
  'custAccountId' => '2',
  'holderName' => '樊鑫',
  'bankType' => '1051000',
  'bankCardNo' => '7226365812456244',
  'rateAmount' => 301,
  'custCardValidDate' => '0323',
  'custCardCvv2' => '251',
)

[2018-04-02 15:04:23] response message:
'{"reqNo":"KFT0987654321","errorCode":"","failureDetails":"","orderNo":"QZ201804021522654583","status":"1"}'

<------------------------------------------------------------------------------------------------------------->
[2018-04-02 15:04:59] request message:
array (
  'service' => 'gbp_same_id_credit_card_treaty_collect',
  'reqNo' => 'KFT0987654321',
  'version' => '1.0.0-IEST',
  'charset' => 'utf-8',
  'language' => 'zh_CN',
  'callerIp' => '127.0.0.1',
  'merchantId' => '2018032100095306',
  'orderNo' => 'QZ201804021522654619',
  'productNo' => 'GBPTM004',
  'treatyNo' => '21000000197098',
  'amount' => 49800,
  'tradeTime' => '20180402150459',
  'currency' => 'CNY',
  'custAccountId' => '2',
  'holderName' => '樊鑫',
  'bankType' => '1051000',
  'bankCardNo' => '7226365812456244',
  'rateAmount' => 269,
  'custCardValidDate' => '0323',
  'custCardCvv2' => '251',
)

[2018-04-02 15:04:01] response message:
'{"reqNo":"KFT0987654321","errorCode":"","failureDetails":"","orderNo":"QZ201804021522654619","status":"1"}'

<------------------------------------------------------------------------------------------------------------->
[2018-04-02 15:04:49] request message:
array (
  'service' => 'gbp_same_id_credit_card_treaty_collect',
  'reqNo' => 'KFT0987654321',
  'version' => '1.0.0-IEST',
  'charset' => 'utf-8',
  'language' => 'zh_CN',
  'callerIp' => '127.0.0.1',
  'merchantId' => '2018032100095306',
  'orderNo' => 'QZ201804021522654849',
  'productNo' => 'GBPTM004',
  'treatyNo' => '21000000197098',
  'amount' => 58600,
  'tradeTime' => '20180402150449',
  'currency' => 'CNY',
  'custAccountId' => '2',
  'holderName' => '樊鑫',
  'bankType' => '1051000',
  'bankCardNo' => '7226365812456244',
  'rateAmount' => 308,
  'custCardValidDate' => '0323',
  'custCardCvv2' => '251',
)

[2018-04-02 15:04:51] response message:
'{"reqNo":"KFT0987654321","errorCode":"","failureDetails":"","orderNo":"QZ201804021522654849","status":"1"}'

<------------------------------------------------------------------------------------------------------------->
[2018-04-02 15:04:51] request message:
array (
  'service' => 'gbp_same_id_credit_card_treaty_collect',
  'reqNo' => 'KFT0987654321',
  'version' => '1.0.0-IEST',
  'charset' => 'utf-8',
  'language' => 'zh_CN',
  'callerIp' => '127.0.0.1',
  'merchantId' => '2018032100095306',
  'orderNo' => 'QZ201804021522654851',
  'productNo' => 'GBPTM004',
  'treatyNo' => '21000000197098',
  'amount' => 54600,
  'tradeTime' => '20180402150451',
  'currency' => 'CNY',
  'custAccountId' => '2',
  'holderName' => '樊鑫',
  'bankType' => '1051000',
  'bankCardNo' => '7226365812456244',
  'rateAmount' => 290,
  'custCardValidDate' => '0323',
  'custCardCvv2' => '251',
)

[2018-04-02 15:04:52] response message:
'{"reqNo":"KFT0987654321","errorCode":"","failureDetails":"","orderNo":"QZ201804021522654851","status":"1"}'

<------------------------------------------------------------------------------------------------------------->
[2018-04-02 15:04:52] request message:
array (
  'service' => 'gbp_same_id_credit_card_treaty_collect',
  'reqNo' => 'KFT0987654321',
  'version' => '1.0.0-IEST',
  'charset' => 'utf-8',
  'language' => 'zh_CN',
  'callerIp' => '127.0.0.1',
  'merchantId' => '2018032100095306',
  'orderNo' => 'QZ201804021522654852',
  'productNo' => 'GBPTM004',
  'treatyNo' => '21000000197098',
  'amount' => 58600,
  'tradeTime' => '20180402150452',
  'currency' => 'CNY',
  'custAccountId' => '2',
  'holderName' => '樊鑫',
  'bankType' => '1051000',
  'bankCardNo' => '7226365812456244',
  'rateAmount' => 308,
  'custCardValidDate' => '0323',
  'custCardCvv2' => '251',
)

[2018-04-02 15:04:54] response message:
'{"reqNo":"KFT0987654321","errorCode":"","failureDetails":"","orderNo":"QZ201804021522654852","status":"1"}'

<------------------------------------------------------------------------------------------------------------->
[2018-04-02 15:04:54] request message:
array (
  'service' => 'gbp_same_id_credit_card_treaty_collect',
  'reqNo' => 'KFT0987654321',
  'version' => '1.0.0-IEST',
  'charset' => 'utf-8',
  'language' => 'zh_CN',
  'callerIp' => '127.0.0.1',
  'merchantId' => '2018032100095306',
  'orderNo' => 'QZ201804021522654854',
  'productNo' => 'GBPTM004',
  'treatyNo' => '21000000197098',
  'amount' => 57000,
  'tradeTime' => '20180402150454',
  'currency' => 'CNY',
  'custAccountId' => '2',
  'holderName' => '樊鑫',
  'bankType' => '1051000',
  'bankCardNo' => '7226365812456244',
  'rateAmount' => 301,
  'custCardValidDate' => '0323',
  'custCardCvv2' => '251',
)

[2018-04-02 15:04:55] response message:
'{"reqNo":"KFT0987654321","errorCode":"","failureDetails":"","orderNo":"QZ201804021522654854","status":"1"}'

<------------------------------------------------------------------------------------------------------------->
[2018-04-02 15:04:55] request message:
array (
  'service' => 'gbp_same_id_credit_card_treaty_collect',
  'reqNo' => 'KFT0987654321',
  'version' => '1.0.0-IEST',
  'charset' => 'utf-8',
  'language' => 'zh_CN',
  'callerIp' => '127.0.0.1',
  'merchantId' => '2018032100095306',
  'orderNo' => 'QZ201804021522654855',
  'productNo' => 'GBPTM004',
  'treatyNo' => '21000000197098',
  'amount' => 58600,
  'tradeTime' => '20180402150455',
  'currency' => 'CNY',
  'custAccountId' => '2',
  'holderName' => '樊鑫',
  'bankType' => '1051000',
  'bankCardNo' => '7226365812456244',
  'rateAmount' => 308,
  'custCardValidDate' => '0323',
  'custCardCvv2' => '251',
)

[2018-04-02 15:04:56] response message:
'{"reqNo":"KFT0987654321","errorCode":"","failureDetails":"","orderNo":"QZ201804021522654855","status":"1"}'

<------------------------------------------------------------------------------------------------------------->
[2018-04-02 15:04:56] request message:
array (
  'service' => 'gbp_same_id_credit_card_treaty_collect',
  'reqNo' => 'KFT0987654321',
  'version' => '1.0.0-IEST',
  'charset' => 'utf-8',
  'language' => 'zh_CN',
  'callerIp' => '127.0.0.1',
  'merchantId' => '2018032100095306',
  'orderNo' => 'QZ201804021522654856',
  'productNo' => 'GBPTM004',
  'treatyNo' => '21000000197098',
  'amount' => 49800,
  'tradeTime' => '20180402150456',
  'currency' => 'CNY',
  'custAccountId' => '2',
  'holderName' => '樊鑫',
  'bankType' => '1051000',
  'bankCardNo' => '7226365812456244',
  'rateAmount' => 269,
  'custCardValidDate' => '0323',
  'custCardCvv2' => '251',
)

[2018-04-02 15:04:57] response message:
'{"reqNo":"KFT0987654321","errorCode":"","failureDetails":"","orderNo":"QZ201804021522654856","status":"1"}'

<------------------------------------------------------------------------------------------------------------->
[2018-04-02 15:04:57] request message:
array (
  'service' => 'gbp_same_id_credit_card_treaty_collect',
  'reqNo' => 'KFT0987654321',
  'version' => '1.0.0-IEST',
  'charset' => 'utf-8',
  'language' => 'zh_CN',
  'callerIp' => '127.0.0.1',
  'merchantId' => '2018032100095306',
  'orderNo' => 'QZ201804021522654857',
  'productNo' => 'GBPTM004',
  'treatyNo' => '21000000197098',
  'amount' => 57000,
  'tradeTime' => '20180402150457',
  'currency' => 'CNY',
  'custAccountId' => '2',
  'holderName' => '樊鑫',
  'bankType' => '1051000',
  'bankCardNo' => '7226365812456244',
  'rateAmount' => 301,
  'custCardValidDate' => '0323',
  'custCardCvv2' => '251',
)

[2018-04-02 15:04:57] response message:
'{"reqNo":"KFT0987654321","errorCode":"","failureDetails":"","orderNo":"QZ201804021522654857","status":"1"}'

<------------------------------------------------------------------------------------------------------------->
[2018-04-02 15:04:39] request message:
array (
  'service' => 'gbp_same_id_credit_card_treaty_collect',
  'reqNo' => 'KFT0987654321',
  'version' => '1.0.0-IEST',
  'charset' => 'utf-8',
  'language' => 'zh_CN',
  'callerIp' => '127.0.0.1',
  'merchantId' => '2018032100095306',
  'orderNo' => 'QZ201804021522655139',
  'productNo' => 'GBPTM004',
  'treatyNo' => '21000000197098',
  'amount' => 57800,
  'tradeTime' => '20180402150439',
  'currency' => 'CNY',
  'custAccountId' => '2',
  'holderName' => '樊鑫',
  'bankType' => '1051000',
  'bankCardNo' => '7226365812456244',
  'rateAmount' => 304,
  'custCardValidDate' => '0323',
  'custCardCvv2' => '251',
)

[2018-04-02 15:04:40] response message:
'{"reqNo":"KFT0987654321","errorCode":"","failureDetails":"","orderNo":"QZ201804021522655139","status":"1"}'

<------------------------------------------------------------------------------------------------------------->
[2018-04-02 15:04:40] request message:
array (
  'service' => 'gbp_same_id_credit_card_treaty_collect',
  'reqNo' => 'KFT0987654321',
  'version' => '1.0.0-IEST',
  'charset' => 'utf-8',
  'language' => 'zh_CN',
  'callerIp' => '127.0.0.1',
  'merchantId' => '2018032100095306',
  'orderNo' => 'QZ201804021522655140',
  'productNo' => 'GBPTM004',
  'treatyNo' => '21000000197098',
  'amount' => 59400,
  'tradeTime' => '20180402150440',
  'currency' => 'CNY',
  'custAccountId' => '2',
  'holderName' => '樊鑫',
  'bankType' => '1051000',
  'bankCardNo' => '7226365812456244',
  'rateAmount' => 311,
  'custCardValidDate' => '0323',
  'custCardCvv2' => '251',
)

[2018-04-02 15:04:42] response message:
'{"reqNo":"KFT0987654321","errorCode":"","failureDetails":"","orderNo":"QZ201804021522655140","status":"1"}'

<------------------------------------------------------------------------------------------------------------->
[2018-04-02 15:04:42] request message:
array (
  'service' => 'gbp_same_id_credit_card_treaty_collect',
  'reqNo' => 'KFT0987654321',
  'version' => '1.0.0-IEST',
  'charset' => 'utf-8',
  'language' => 'zh_CN',
  'callerIp' => '127.0.0.1',
  'merchantId' => '2018032100095306',
  'orderNo' => 'QZ201804021522655142',
  'productNo' => 'GBPTM004',
  'treatyNo' => '21000000197098',
  'amount' => 60200,
  'tradeTime' => '20180402150442',
  'currency' => 'CNY',
  'custAccountId' => '2',
  'holderName' => '樊鑫',
  'bankType' => '1051000',
  'bankCardNo' => '7226365812456244',
  'rateAmount' => 315,
  'custCardValidDate' => '0323',
  'custCardCvv2' => '251',
)

[2018-04-02 15:04:43] response message:
'{"reqNo":"KFT0987654321","errorCode":"","failureDetails":"","orderNo":"QZ201804021522655142","status":"1"}'

<------------------------------------------------------------------------------------------------------------->
[2018-04-02 15:04:43] request message:
array (
  'service' => 'gbp_same_id_credit_card_treaty_collect',
  'reqNo' => 'KFT0987654321',
  'version' => '1.0.0-IEST',
  'charset' => 'utf-8',
  'language' => 'zh_CN',
  'callerIp' => '127.0.0.1',
  'merchantId' => '2018032100095306',
  'orderNo' => 'QZ201804021522655143',
  'productNo' => 'GBPTM004',
  'treatyNo' => '21000000197098',
  'amount' => 43400,
  'tradeTime' => '20180402150443',
  'currency' => 'CNY',
  'custAccountId' => '2',
  'holderName' => '樊鑫',
  'bankType' => '1051000',
  'bankCardNo' => '7226365812456244',
  'rateAmount' => 241,
  'custCardValidDate' => '0323',
  'custCardCvv2' => '251',
)

[2018-04-02 15:04:45] response message:
'{"reqNo":"KFT0987654321","errorCode":"","failureDetails":"","orderNo":"QZ201804021522655143","status":"1"}'

<------------------------------------------------------------------------------------------------------------->
[2018-04-02 17:04:26] request message:
array (
  'service' => 'gbp_same_id_credit_card_treaty_collect',
  'reqNo' => 'KFT0987654321',
  'version' => '1.0.0-IEST',
  'charset' => 'utf-8',
  'language' => 'zh_CN',
  'callerIp' => '127.0.0.1',
  'merchantId' => '2018032100095306',
  'orderNo' => 'QZ201804021522661246',
  'productNo' => 'GBPTM004',
  'treatyNo' => NULL,
  'amount' => 37908,
  'tradeTime' => '20180402170426',
  'currency' => 'CNY',
  'custAccountId' => '2',
  'holderName' => NULL,
  'bankType' => false,
  'bankCardNo' => NULL,
  'rateAmount' => 267,
  'custCardValidDate' => NULL,
  'custCardCvv2' => NULL,
)

[2018-04-02 17:04:26] response message:
'{"orderNo":"QZ201804021522661246","errorCode":"EC_GATEWAY_VERIFY_SIGNATURE_ERROR","failureDetails":"验证客户端签名失败.首先请确认客户方使用的私钥和给服务提供方的公钥是否匹配,如果匹配则需要注意双方生成的待签名/待验签数据是否一致.如果上述都不正确,则要警惕有人篡改了数据.当前被验证的签名信息为:jRDswPA1y2exMT8WfugDXFshMbgmn7+sPfAUrRbJrRi9GMmtSTNnAC8mrvIj24GvQ9bxpLwI37F1czfon9M38RFWxssrwHuz7wNpvgMjhlXXiGUXt6MSPj1OLYF4ODYPQSMmZcnkuaqvP2LSWdJH+s0BNMDmYzmAUvrusFZ2JmidY7099eFYrRMQRBEUNhk6EE7VOQ/m3Q+ebXGNn8XY4Q0VzlouNT0oOYj/rG/gBRo/pnsVFYnJKeQP/Yp409XRXcJdTJhSJvb/nBaZLpxYnnLEdOS6Q9d8etQd3HnnnGd2ae2hGVDAHFuVFzgNYIwzYZH0syFDg2m5JGz5ON9QZQ=="}'

<------------------------------------------------------------------------------------------------------------->
[2018-04-02 17:04:48] request message:
array (
  'service' => 'gbp_same_id_credit_card_treaty_collect',
  'reqNo' => 'KFT0987654321',
  'version' => '1.0.0-IEST',
  'charset' => 'utf-8',
  'language' => 'zh_CN',
  'callerIp' => '127.0.0.1',
  'merchantId' => '2018032100095306',
  'orderNo' => 'QZ201804021522661388',
  'productNo' => 'GBPTM004',
  'treatyNo' => NULL,
  'amount' => 37908,
  'tradeTime' => '20180402170448',
  'currency' => 'CNY',
  'custAccountId' => '2',
  'holderName' => NULL,
  'bankType' => false,
  'bankCardNo' => NULL,
  'rateAmount' => 267,
  'custCardValidDate' => NULL,
  'custCardCvv2' => NULL,
)

[2018-04-02 17:04:48] response message:
'{"orderNo":"QZ201804021522661388","errorCode":"EC_GATEWAY_VERIFY_SIGNATURE_ERROR","failureDetails":"验证客户端签名失败.首先请确认客户方使用的私钥和给服务提供方的公钥是否匹配,如果匹配则需要注意双方生成的待签名/待验签数据是否一致.如果上述都不正确,则要警惕有人篡改了数据.当前被验证的签名信息为:LJiKn0sZ7dd7ttpcKKgqWA8eOx55rYhzTeBFTO4RhGpQHEQRGja1ow82jBJFFpxVBUE5vtX6AhIlxat1T4vbl8jLfisg3AwoR1ti/sgLOAEjrvAfjP0+X8NYqQtVhmLMus1crMxf48HhH3HwJaPsQLJXik/6uGTyWtj8SZax5DROiCzb8wfZEjdG8iAUMmmNcUwOkSCNIBVKIF5UqD3s6zwUnXI0Talg3EvkrgpQwPIvM0415Fc6Nv37kqLUxyi0Z/IukLqfYVnqcMQdULCkpULgkLpIuVzbgmTso1UpUkqkegwabpsuZ6j/ZtkmUiAN+XjUSUDhZ2bynB0sAOkP8Q=="}'

<------------------------------------------------------------------------------------------------------------->
[2018-04-02 17:04:30] request message:
array (
  'service' => 'gbp_same_id_credit_card_treaty_collect',
  'reqNo' => 'KFT0987654321',
  'version' => '1.0.0-IEST',
  'charset' => 'utf-8',
  'language' => 'zh_CN',
  'callerIp' => '127.0.0.1',
  'merchantId' => '2018032100095306',
  'orderNo' => 'QZ201804021522661790',
  'productNo' => 'GBPTM004',
  'treatyNo' => '21000000197121',
  'amount' => 37908,
  'tradeTime' => '20180402170430',
  'currency' => 'CNY',
  'custAccountId' => '2',
  'holderName' => '樊鑫',
  'bankType' => '1051000',
  'bankCardNo' => '7226365812456244',
  'rateAmount' => 267,
  'custCardValidDate' => '0323',
  'custCardCvv2' => '251',
)

[2018-04-02 17:04:31] response message:
'{"reqNo":"KFT0987654321","errorCode":"","failureDetails":"","orderNo":"QZ201804021522661790","status":"1"}'

<------------------------------------------------------------------------------------------------------------->
