[2018-03-10 14:19:17]:API2
Array

[2018-03-10 14:20:08]:API2
{"result_code":"0000","desc":"交易成功","result_msg":"查询成功","status":"00"}

[2018-03-10 14:25:36]:API1
{"result_code":"1030","result_msg":"订单号重复"}

[2018-03-10 14:26:31]:API1
{"result_code":"1030","result_msg":"订单号重复"}

[2018-03-10 14:26:38]:API1
{"result_code":"0000","result_msg":"交易成功"}

[2018-03-10 14:26:42]:API2
{"result_code":"0000","desc":"处理中","result_msg":"查询成功","status":"10"}

[2018-03-10 14:26:46]:API2
{"result_code":"0000","desc":"处理中","result_msg":"查询成功","status":"10"}

[2018-03-10 14:27:25]:API2
{"result_code":"0000","desc":"交易成功","result_msg":"查询成功","status":"00"}

[2018-03-10 14:27:29]:API2
{"result_code":"0000","desc":"处理中","result_msg":"查询成功","status":"10"}

[2018-03-10 14:27:31]:API2
{"result_code":"0000","desc":"交易成功","result_msg":"查询成功","status":"00"}

[2018-03-10 14:27:33]:API2
{"result_code":"0000","desc":"交易成功","result_msg":"查询成功","status":"00"}

[2018-03-10 14:28:09]:API2
{"result_code":"0000","desc":"交易成功","result_msg":"查询成功","status":"00"}

[2018-03-10 14:28:11]:API2
{"result_code":"0000","desc":"交易成功","result_msg":"查询成功","status":"00"}

[2018-03-10 14:28:15]:API2
{"result_code":"0000","desc":"交易成功","result_msg":"查询成功","status":"00"}

[2018-03-10 14:28:16]:API2
{"result_code":"0000","desc":"交易成功","result_msg":"查询成功","status":"00"}

[2018-03-10 14:28:18]:API2
{"result_code":"0000","desc":"交易成功","result_msg":"查询成功","status":"00"}

[2018-03-10 14:31:23]:API2
{"result_code":"0000","desc":"交易成功","result_msg":"查询成功","status":"00"}

[2018-03-10 14:31:27]:API2
{"result_code":"0000","desc":"交易成功","result_msg":"查询成功","status":"00"}

[2018-03-10 14:31:31]:API2
{"result_code":"0000","desc":"交易成功","result_msg":"查询成功","status":"00"}

[2018-03-10 14:31:35]:API1
{"result_code":"1030","result_msg":"订单号重复"}

[2018-03-10 14:31:38]:API2
{"result_code":"0000","desc":"交易成功","result_msg":"查询成功","status":"00"}

[2018-03-10 14:31:43]:API2
{"result_code":"2002","result_msg":"订单不存在"}

[2018-03-10 14:35:39]:API2
{"result_code":"2002","result_msg":"订单不存在"}

[2018-03-10 14:37:12]:API2
{"result_code":"2002","result_msg":"订单不存在"}

[2018-03-10 14:38:03]:API2
{"result_code":"2002","result_msg":"订单不存在"}

[2018-03-10 14:38:28]:API2
{"result_code":"2002","result_msg":"订单不存在"}

[2018-03-10 14:40:08]:API2
{"result_code":"2002","result_msg":"订单不存在"}

[2018-03-10 14:41:22]:API2
{"result_code":"2002","result_msg":"订单不存在"}

[2018-03-10 14:41:40]:API2
{"result_code":"2002","result_msg":"订单不存在"}

[2018-03-10 14:42:13]:API2
{"result_code":"2002","result_msg":"订单不存在"}

[2018-03-10 14:42:57]:API2
{"result_code":"2002","result_msg":"订单不存在"}

[2018-03-10 14:43:53]:API2
{"result_code":"2002","result_msg":"订单不存在"}

[2018-03-10 14:44:40]:API1
{"result_code":"1030","result_msg":"订单号重复"}

[2018-03-10 14:44:47]:API2
{"result_code":"0000","desc":"交易成功","result_msg":"查询成功","status":"00"}

[2018-03-10 14:48:46]:API2
{"result_code":"2002","result_msg":"订单不存在"}

[2018-03-10 14:48:55]:API2
{"result_code":"2002","result_msg":"订单不存在"}

[2018-03-10 14:49:20]:API1
{"result_code":"0000","result_msg":"交易成功"}

[2018-03-10 14:49:26]:API2
{"result_code":"0000","desc":"处理中","result_msg":"查询成功","status":"10"}

[2018-03-10 14:50:12]:API2
{"result_code":"0000","desc":"处理中","result_msg":"查询成功","status":"10"}

[2018-03-10 14:50:33]:API2
{"result_code":"0000","desc":"处理中","result_msg":"查询成功","status":"10"}

[2018-03-10 14:50:52]:API2
{"result_code":"0000","desc":"处理中","result_msg":"查询成功","status":"10"}

